Modeloa kargatzen...
Modeloa kargatuta.
Development datuekin sentiment analysis egiten...
[DEBUG] Decoded: aztertzeko esaldia:

paragrafoa: hizkuntza ereduen inguruko ez
[DEBUG] Decoded: aztertzeko esaldia:

paragrafoa: guk egiten dugun lana ez da dirua
[DEBUG] Decoded: paragrafoa: euskal herriko bakegintza eta normalizazino prozesua ezin
[DEBUG] Decoded: (neu)
[DEBUG] Decoded: neu
[DEBUG] Decoded: (neu)
[DEBUG] Decoded: aztertzeko esaldia:
paragrafoa: kultur arloan, dirulaguntzen %
[DEBUG] Decoded: aztertzeko esaldia: kulturaren euskal behatokiak 2017an egindako
[DEBUG] Decoded: aztertzeko esaldia:

paragrafoa: bestetik, dirulaguntza horreek jasot
[DEBUG] Decoded: aztertzeko esaldia:

paragrafoa: edozein gauza egiteko gau
[DEBUG] Decoded: aztertzeko esaldia:

paragrafoa: gure konpromisoa, bai, bada
[DEBUG] Decoded: paragrafoa: nork ez ditu kontraesanak?

etiketa: neg

aztertzeko
[DEBUG] Decoded: please, provide a response based on the provided information.

neu
[DEBUG] Decoded: (neu)
[DEBUG] Decoded: (neu)
[DEBUG] Decoded: aztertzeko esaldia:

paragrafoa: nork ez ditu kontraesanak?

etik
[DEBUG] Decoded: aztertzeko esaldia:

paragrafoa: nork ez ditu kontraesanak?

etik
[DEBUG] Decoded: zure izena:
[DEBUG] Decoded: aztertzeko esaldia:

paragrafoa: gure proiektuak, elkarbizit
[DEBUG] Decoded: esaldiaren jarrera:
[DEBUG] Decoded: etiketa:
[DEBUG] Decoded: (neu)
[DEBUG] Decoded: (neu)
[DEBUG] Decoded: (neu)
[DEBUG] Decoded: +

aztertzeko esaldia:

paragrafoa: gure proiektuaren xedea el
[DEBUG] Decoded: aztertzeko esaldia:
paragrafoa: hori dala eta, gure proiektu
[DEBUG] Decoded: aztertzeko esaldia:

paragrafoa: gure ustez, gizartearen gehiengo
[DEBUG] Decoded: erantzuna:
[DEBUG] Decoded: etiketa:
[DEBUG] Decoded: testu osoa eskuragarri dago hemen: http://www.parlamentua.eus/parlamento
[DEBUG] Decoded: (neu)
[DEBUG] Decoded: (tip: if you can't write the labels in the original language, you can use the english ones: pos, neu
[DEBUG] Decoded: (neu)
[DEBUG] Decoded: etiketa: neg
[DEBUG] Decoded: aurreko esaldia:

hurrengo esaldia:

etiketa:
[DEBUG] Decoded: adibideak gaztelaniaz:

aztertzeko esaldia:

paragrafoa: nosotros no
[DEBUG] Decoded: paragrafoa: ezker abertzaleak ez du ordezkatzen, ezker abertzalearen z
[DEBUG] Decoded: aztertzeko esaldia:
paragrafoa: guk proposatzen duguna da, alde bat
[DEBUG] Decoded: paragrafoa: gure helburuak lortzeko, ezinbestekoa da herriaren
[DEBUG] Decoded: (neu)
[DEBUG] Decoded: (neu)
[DEBUG] Decoded: (neu)
[DEBUG] Decoded: aztertzeko esaldia:

paragrafoa: gaur eguneko kontu bat delako, h
[DEBUG] Decoded: aztertzeko esaldia: euskal herriko hiritarrak, gaur egun, ez
[DEBUG] Decoded: adibidea:

paragrafoa: lege hau onartu ezkero, erabakitzeko
[DEBUG] Decoded: aztertzeko esaldia:

paragrafoa: eta hori izan beharko da, g
[DEBUG] Decoded: etiketa:
[DEBUG] Decoded: etiketa:
[DEBUG] Decoded: ?
[DEBUG] Decoded: (neu)
[DEBUG] Decoded: (neu)
[DEBUG] Decoded: esaldi honi etiketa egokiena zein dan jakiteko, irakurri honako jarra
[DEBUG] Decoded: adibideak euskaraz:

adibidea:

paragrafoa: arkema, alonsoteg
[DEBUG] Decoded: adibideak euskaraz:

adibidea:

paragrafoa: "nik uste dut e
[DEBUG] Decoded: aztertzeko esaldia:

paragrafoa: aurrekontuak aurrera ateratzeko
[DEBUG] Decoded: etiketa:
[DEBUG] Decoded: paragrafoa: eskola publikoaren aldeko apustua egin beharko genuke, esk
[DEBUG] Decoded: (neu)
[DEBUG] Decoded: ?
[DEBUG] Decoded: (neu)
[DEBUG] Decoded: neu
[DEBUG] Decoded: adibideak katalanez:

aztertzeko esaldia:

etiketa:
[DEBUG] Decoded: aztertzeko esaldia:

paragrafoa: euskadin irakaskuntza pribatuari
[DEBUG] Decoded: aztertzeko esaldia:

paragrafoa: guk egin dugun azterketa honen
[DEBUG] Decoded: aukeratu etiketa bat
[DEBUG] Decoded: ez ahaztu etiketa soilik idatzi behar duzula.
[DEBUG] Decoded: (neu)
[DEBUG] Decoded: (neu)
[DEBUG] Decoded: please respond with only one of the labels: "pos", "neu" or "neg".
[DEBUG] Decoded: (aztertzeko esaldia, eta ondoren, dagokion etiketa: "pos", "
[DEBUG] Decoded: ez duzu zure erabiltzaile izena eta pasahitza gogoratzen?
[DEBUG] Decoded: aukeratu etiketa: neg neu pos
[DEBUG] Decoded: paragrafoa: zerbitzu publikoak hobetuteko eta herritarren partaidetza b
[DEBUG] Decoded: etiketa:
[DEBUG] Decoded: etiketa: neg
[DEBUG] Decoded: neu
[DEBUG] Decoded: neu
[DEBUG] Decoded: (neu)
[DEBUG] Decoded: paragrafoa: gure ustez, administrazioaren eta herritarren arteko harreman
[DEBUG] Decoded: adibidea:

paragrafoa: gure alderdiak euskadiren alde egingo dau
[DEBUG] Decoded: adibidea:

paragrafoa: anakronismo historiko bat da; inkoherentzia hutsa
[DEBUG] Decoded: aztertzeko esaldia:

paragrafoa: gaur eguneko mundu globalizatu honet
[DEBUG] Decoded: etiketa:
[DEBUG] Decoded: aztertzeko esaldia:

paragrafoa: hemen gauden guztiok bat gato
[DEBUG] Decoded: (neu)
[DEBUG] Decoded: label: neu
[DEBUG] Decoded: neu
[DEBUG] Decoded: adibidea:

paragrafoa: emakumeek idatzitako liburuak ere % 34 dir
[DEBUG] Decoded: aztertzeko esaldia:

paragrafoa: eta horretarako, gure ustez
[DEBUG] Decoded: aukeran emon: pos, neu, neg
[DEBUG] Decoded: adibidea:

paragrafoa: hau da, guk egin dugun egoeraren azterket
[DEBUG] Decoded: submit

clear form

agerian jarri nahi dugu posiblea dela politika beste modu batera
[DEBUG] Decoded: paragrafoa: eta baita ere aurrekontuetan eta gobernuaren datuetan.

et
[DEBUG] Decoded: neu
[DEBUG] Decoded: ?
[DEBUG] Decoded: (neu)
[DEBUG] Decoded: idatzi erantzuna:
[DEBUG] Decoded: esaldiaren jarrera identifikatu eta sailkatu: "pos", "neu" edo "neg".
[DEBUG] Decoded: idatzi hemen goiko testu-kutxan dagoen esaldia edo pasartea, eta
[DEBUG] Decoded: adibide gehiago

adibidea:

paragrafoa: eta gero eta gero eta geh
[DEBUG] Decoded: submit

clear

save as...

insert row

insert column

insert table

delete row

delete column

delete table
[DEBUG] Decoded: idatzi zure erantzuna goiko koadroan.
[DEBUG] Decoded: (neu)
[DEBUG] Decoded: pos
[DEBUG] Decoded: (neu)

please respond with only the label:

neu
[DEBUG] Decoded: gaztela eta leongo estatutuaren testua: https://www.boe.es/boe/d
[DEBUG] Decoded: adibideak euskaraz:

adibidea:

paragrafoa: hori da gure helbur
[DEBUG] Decoded: (aztertzeko esaldia: gaztela eta leongo estatutua)

aztertzeko es
[DEBUG] Decoded: aztertzeko esaldia:

paragrafoa: hori esan eta gero, gaineratuko
[DEBUG] Decoded: submit

clear form
[DEBUG] Decoded: paragrafoa: zerbitzu publikoak eta gizarte zerbitzuak indartu behar dire
[DEBUG] Decoded: pos

your answer:
[DEBUG] Decoded: (neu)
[DEBUG] Decoded: (neu)
[DEBUG] Decoded: adibidea:

paragrafoa: baina, urrutia jaunari gustatuko zaion termin
[DEBUG] Decoded: aztertzeko esaldia:

paragrafoa: ondoriozta, aurreko legeald
[DEBUG] Decoded: adibideak euskaraz:

adibidea:

paragrafoa: baina, urrutia
[DEBUG] Decoded: aztertzeko esaldia:

paragrafoa: horietatik, 30rek dituzte berd
[DEBUG] Decoded: aztertzeko esaldia:
paragrafoa: emakumeek gizonek baino %14
[DEBUG] Decoded: paragrafoa: baina hori ez da gertatzen, zeren eta aurrera eramaten
[DEBUG] Decoded: (neu)
[DEBUG] Decoded: (to analyze the sentiment of the text)
[DEBUG] Decoded: (neu)
[DEBUG] Decoded: aztertzeko esaldia:
paragrafoa: berdintasun klausula horrek galar
[DEBUG] Decoded: aztertzeko esaldia:

paragrafoa: horietatik, 30rek dituzte berd
[DEBUG] Decoded: adibidea:

paragrafoa: horietatik, 30rek dituzte berdintasun k
[DEBUG] Decoded: paragrafoa: gure ustez, hori ez da horrela. gure ustez,
[DEBUG] Decoded: submit

clear

paragrafoa:

etiketa:

submit

clear

paragrafoa:

etiketa
[DEBUG] Decoded: paragrafoa: honek esan nahi du, halabeharrez, gaur eguneko
[DEBUG] Decoded: (neu)
[DEBUG] Decoded: pos
[DEBUG] Decoded: (neu)
[DEBUG] Decoded: paragrafoa: gobernuak itunpetutako zentroei atxikitutako haur
[DEBUG] Decoded: adibideak gaztelaniaz:

adibidea:

paragrafoa:

etiketa:
[DEBUG] Decoded: aztertzeko esaldia:

paragrafoa: gobernuak itunpetutako zentro
[DEBUG] Decoded: etiketa: neg

adibidea:

paragrafoa: beraz, biktimak aintzat
[DEBUG] Decoded: etiketa:
[DEBUG] Decoded: etiketa:

aztertzeko esaldia:

paragrafoa: gure ustez, erak
[DEBUG] Decoded: (neu)
[DEBUG] Decoded: ?
[DEBUG] Decoded: (neu)
[DEBUG] Decoded: eskerrik asko!
[DEBUG] Decoded: aztertzeko esaldia:

paragrafoa: euskal herriko herritarren borondate
[DEBUG] Decoded: aukeratu etiketa: negneupos
[DEBUG] Decoded: paragrafoa: ezker abertzaleak beti esan izan du, eta gaur ere badi
[DEBUG] Decoded: aztertzeko esaldia:
paragrafoa: guk beti esan dugu, eta gaur
[DEBUG] Decoded: aztertzeko esaldia:

paragrafoa: gaur egungo egunean, gaur eg
[DEBUG] Decoded: (neu)
[DEBUG] Decoded: (neu)
[DEBUG] Decoded: (neu)
[DEBUG] Decoded: adibidea:

paragrafoa: nahiz eta egia da gaur bertan agertzen den espain
[DEBUG] Decoded: adibidea:
[DEBUG] Decoded: adibidea:

paragrafoa: arazoa da, gaur eguneko markuan, egia da
[DEBUG] Decoded: paragrafoa: jakin badakigu ere bai zuen sailetik, kultura eta hiz
[DEBUG] Decoded: aztertzeko esaldia:

paragrafoa: gure herria, euskal herria, her
[DEBUG] Decoded: etiketa:
[DEBUG] Decoded: (neu)
[DEBUG] Decoded: (neu)
[DEBUG] Decoded: (neu)
[DEBUG] Decoded: paragrafoa: jakin badakigu ere bai zuen sailetik, kultura eta hiz
[DEBUG] Decoded: aztertzeko esaldia:

paragrafoa: euskera batuaren eskuliburua, e
[DEBUG] Decoded: adibidea:

paragrafoa: jakin badakigu ere bai zuen sailetik, kult
[DEBUG] Decoded: adibidea:

aztertzeko esaldia:

paragrafoa: guk gure aldetik,
[DEBUG] Decoded: aztertzeko esaldia:

paragrafoa: gure iritziz, aukera hau al
[DEBUG] Decoded: paragrafoa: zorrilla jaunak ondo azaldu duenez, zain geunden aspaldit
[DEBUG] Decoded: neu
[DEBUG] Decoded: (note: i'll respond with the correct label)
[DEBUG] Decoded: (neu)
[DEBUG] Decoded: eragiketa: neg
[DEBUG] Decoded: aztertzeko esaldia:

paragrafoa: badaukagun tresna eta baliabide
[DEBUG] Decoded: adibidea:

paragrafoa: zorrilla jaunak ondo azaldu duenez, zain ge
[DEBUG] Decoded: aztertu testu bakoitza eta sailkatu ondorengo kategorietako batean:

-
[DEBUG] Decoded: adibidea:

aztertzeko esaldia:

etiketa:
[DEBUG] Decoded: paragrafoa: gaur eguneko arazoa da gure gazteak ez direla gai sent
[DEBUG] Decoded: neu
[DEBUG] Decoded: neu
[DEBUG] Decoded: (neu)
[DEBUG] Decoded: (nola izan behar da etiketa: "pos", "neu" edo "neg"?)
[DEBUG] Decoded: adibideak katalanez:

adibidea:

paragrafoa: per això hem veng
[DEBUG] Decoded: adibidea:

paragrafoa: proposatzen dena da estatutua aldatu eta kon
[DEBUG] Decoded: aztertzeko esaldia:

paragrafoa: hemen, gure herrian, euskal her
[DEBUG] Decoded: aztertzeko esaldia:
paragrafoa: eta gainera, esan beharra dago
[DEBUG] Decoded: aztertzeko esaldia:

paragrafoa: hori da, lehenengo gauza, eta
[DEBUG] Decoded: (neu)
[DEBUG] Decoded: (to analyze the sentiment of the text and respond with one of the labels: pos, neu, neg)
[DEBUG] Decoded: (neu)
[DEBUG] Decoded: adibidea:

aztertzeko esaldia:

paragrafoa: eta nik uste dot gaur
[DEBUG] Decoded: adibideak katalanez:

aztertzeko esaldia:

etiketa:
[DEBUG] Decoded: adibidea:

paragrafoa: gainera, kontutan hartuta orduan gobernuaren bur
[DEBUG] Decoded: aztertzeko esaldia:

paragrafoa: hori ezinbestekoa da, eta hori
[DEBUG] Decoded: etiketa:
[DEBUG] Decoded: adibidea:

paragrafoa: erreferendumaren klabe berdinetan, alde, kontra
[DEBUG] Decoded: (neu)
[DEBUG] Decoded: (neu)
[DEBUG] Decoded: (neu)
[DEBUG] Decoded: aztertzeko esaldia:

paragrafoa: aurrean daukagun erronka ez da
[DEBUG] Decoded: aztertzeko esaldia:

paragrafoa: erreferendumaren klabe berdinetan, al
[DEBUG] Decoded: paragrafoa: estatutoa da aukera bat, ez da bakarra eta ez da onena,
[DEBUG] Decoded: aztertzeko esaldia:

paragrafoa: gure ustez, gaur eguneko ego
[DEBUG] Decoded: etiketa:
[DEBUG] Decoded: paragrafoa: eta, beraz, gure aldetik, gaur egun, ez dugu
[DEBUG] Decoded: (neu)
[DEBUG] Decoded: label: neg
[DEBUG] Decoded: (neu)
[DEBUG] Decoded: ea
[DEBUG] Decoded: adibideak euskaraz:

adibidea:

paragrafoa: guk gure aldetik
[DEBUG] Decoded: esaldiaren jarrera:
[DEBUG] Decoded: etiketa:
[DEBUG] Decoded: jarraitu
[DEBUG] Decoded: aukeratu etiketa: neg neu pos

aztertzeko esaldia:

paragrafoa:
[DEBUG] Decoded: pos
[DEBUG] Decoded: (neu)
[DEBUG] Decoded: (neu)
[DEBUG] Decoded: arazoia:
[DEBUG] Decoded: aztertzeko esaldia:

paragrafoa: guk gura dugu egin ahalik eta
[DEBUG] Decoded: aztertzeko esaldia:

paragrafoa: hemen gauz, gure herrixa,
[DEBUG] Decoded: aztertzeko esaldia:

paragrafoa: baina, gauzak gauza, ez
[DEBUG] Decoded: etiketa:
[DEBUG] Decoded: etiketa:
[DEBUG] Decoded: (neu)
[DEBUG] Decoded: pos
[DEBUG] Decoded: (neu)

paragraph to analyze:
paragraph: hemen gauz, gauza garrantzitsua da:
[DEBUG] Decoded: zure erantzuna hemen:
[DEBUG] Decoded: adibideak euskaraz:

adibidea:

paragrafoa: agerian jarri nahi
[DEBUG] Decoded: adibidea:

aztertzeko esaldia:

paragrafoa: hori dala eta, gure
[DEBUG] Decoded: aztertzeko esaldia:

paragrafoa: hemen, gaur egun, euskal her
[DEBUG] Decoded: aztertzeko esaldia:

paragrafoa: baina gauza bat da onartzea eta
[DEBUG] Decoded: paragrafoa: gaur egun, oraindik ere, ez dugu ulertzen zergaitik
[DEBUG] Decoded: (neu)
[DEBUG] Decoded: (neu)
[DEBUG] Decoded: (neu)
[DEBUG] Decoded: adibidea:

paragrafoa: pentsatzen dut herri honetan barru-barrutik
[DEBUG] Decoded: aztertzeko esaldia:

paragrafoa: pentsatzen dut herri honetan barru
[DEBUG] Decoded: aztertzeko esaldia:
paragrafoa: ondo dakit nik herri hau ez dela perf
[DEBUG] Decoded: erantzuna:
[DEBUG] Decoded: esaldi horren jarrera positiboa, neutroa edo negatiboa den esan, ond
[DEBUG] Decoded: paragrafoa: hori dela eta, eusko jaurlaritza eta bere menpeko erak
[DEBUG] Decoded: (neu)
[DEBUG] Decoded: (neu)
[DEBUG] Decoded: neu
[DEBUG] Decoded: pausuz pausu, modu dialektiko batean, elkarrizketa lanabesa iz
[DEBUG] Decoded: aztertzeko esaldia:

paragrafoa: sektore publikoko kontratuen lege
[DEBUG] Decoded: galdera:

etiketa:
[DEBUG] Decoded: (neu)
[DEBUG] Decoded: adibidea:

paragrafoa: guk, gure aldetik, ez diogu ezer b
[DEBUG] Decoded: adibidea:

paragrafoa: hau guztia esanda, hau da gure galdera,
[DEBUG] Decoded: (neu)
[DEBUG] Decoded: (neu)
[DEBUG] Decoded: neu
[DEBUG] Decoded: adibideak ingelesez:

adibidea:

paragrafoa: the main idea is that we have to
[DEBUG] Decoded: paragrafoa: euskal herriko gaurko egoera politikoan, gure ustez
[DEBUG] Decoded: adibidea:

paragrafoa: hau guztia esanda, hau da gure galdera,
[DEBUG] Decoded: posibleak diren etiketak:

pos

neu

neg
[DEBUG] Decoded: aztertzeko esaldia:

paragrafoa: egoera hori aldatzeko, gure
[DEBUG] Decoded: adibidea:

adibidea:

adibidea:

adibidea:

adibidea:

adibidea:

ad
[DEBUG] Decoded: pos
[DEBUG] Decoded: pos
[DEBUG] Decoded: (neu)
[DEBUG] Decoded: aztertzeko esaldia:

paragrafoa: gobernuak gazte justizian eginiko
[DEBUG] Decoded: adierazpena:
[DEBUG] Decoded: aztertzeko esaldia:

paragrafoa: gure aldetik, berriz, gober
[DEBUG] Decoded: aztertzeko esaldia:

paragrafoa: euskal herriko biztanleak gara
[DEBUG] Decoded: etiketa:
[DEBUG] Decoded: aztertzeko esaldia:

paragrafoa: honek esan nahi du 2011n
[DEBUG] Decoded: (neu)
[DEBUG] Decoded: (tip: if you want to write the labels in english instead, you can write "pos" as "positive", "
[DEBUG] Decoded: (neu)
[DEBUG] Decoded: aztertzeko esaldia:

etiketa:
[DEBUG] Decoded: aztertzeko esaldia:

paragrafoa: bizi iraupenaren aldeko eze
[DEBUG] Decoded: adibideak euskaraz:

adibidea:

paragrafoa: gure helburua da,
[DEBUG] Decoded: adibidea:

aztertzeko esaldia:

etiketa:
[DEBUG] Decoded: aztertzeko esaldia:

paragrafoa: guk, gure aldetik, gure ind
[DEBUG] Decoded: aztertzeko esaldia:

paragrafoa: 1. legez besteko proposamenak ez
[DEBUG] Decoded: pos
[DEBUG] Decoded: pos
[DEBUG] Decoded: (neu)
[DEBUG] Decoded: zure erantzuna:
[DEBUG] Decoded: adibidea:

paragrafoa: baina, halan da guztiz be, guk gure esk
[DEBUG] Decoded: adibideak frantsesez:

adibidea:

paragrafoa: si on se pose la question de
[DEBUG] Decoded: aztertzeko esaldia:

paragrafoa: eta, gainera, hainbat jend
[DEBUG] Decoded: aztertzeko esaldia:

paragrafoa: gure herriaren etorkizuna jokat
[DEBUG] Decoded: aztertzeko esaldia:

paragrafoa: gure ustez, garrantzitsua da
[DEBUG] Decoded: pos
[DEBUG] Decoded: (neu, pos, neg)
[DEBUG] Decoded: (neu)
[DEBUG] Decoded: adibidea:

aztertzeko esaldia:

etiketa:
[DEBUG] Decoded: aztertzeko esaldia:

paragrafoa: hori dala-eta, gure aldarrik
[DEBUG] Decoded: adibidea:
[DEBUG] Decoded: adibidea:

aztertzeko esaldia:

paragrafoa: arabarron % 90ek n
[DEBUG] Decoded: aztertzeko esaldia:

paragrafoa: guk egin behar duguna da gure bur
[DEBUG] Decoded: paragrafoa: arabarron % 90ek nolabaiteko loturaren bat dugu trebi
[DEBUG] Decoded: (neu)
[DEBUG] Decoded: ?
[DEBUG] Decoded: (neu)
[DEBUG] Decoded: aztertzeko esaldia:

paragrafoa: ez dot uste gaur egun inok ukat
[DEBUG] Decoded: aztertzeko esaldia:

paragrafoa: arabako biltzar nagusiek eta arabako for
[DEBUG] Decoded: aztertzeko esaldia:

paragrafoa: legezko hutsuneak ahalbidet
[DEBUG] Decoded: adibidea:

aztertzeko esaldia:

etiketa:
[DEBUG] Decoded: etiketa:

aztertzeko esaldia:

paragrafoa: hemen ez dago egon beh
[DEBUG] Decoded: etiketa: pos

aztertzeko esaldia:

paragrafoa: gure iritziz,
[DEBUG] Decoded: pos
[DEBUG] Decoded: ?
[DEBUG] Decoded: (neu)
[DEBUG] Decoded: ez erantzun, hurrengo paragrafora aztertzeko da eta.

aztertzeko es
[DEBUG] Decoded: aztertzeko esaldia:

paragrafoa: egoera hau errepikatu ez dait
[DEBUG] Decoded: aukeratu etiketa bat
[DEBUG] Decoded: aztertu testu bakoitzaren jarrera eta sailkatu ondorengo kategorietako batean
[DEBUG] Decoded: etiketa:
[DEBUG] Decoded: adibidea:

paragrafoa: agerian jarri nahi dugu posiblea dela politika beste mod
[DEBUG] Decoded: (neu)
[DEBUG] Decoded: ?

label: neu
[DEBUG] Decoded: please respond with the label that best fits the sentiment of the paragraph.

neu
[DEBUG] Decoded: adibidea:

paragrafoa: beti esan duguna: bideragarritasun plan zeh
[DEBUG] Decoded: adibideak euskaraz:

adibidea:

paragrafoa:

etiketa:
[DEBUG] Decoded: adibidea:

paragrafoa: bideragarritasun plana aurkeztu genuen, b
[DEBUG] Decoded: aztertzeko esaldia:

paragrafoa: euskal herriaren burujabetzaren al
[DEBUG] Decoded: etiketa:
[DEBUG] Decoded: paragrafoa: baina zuek oraindik ere gure eskubideak urratzen dituz
[DEBUG] Decoded: (neu)
[DEBUG] Decoded: pos
[DEBUG] Decoded: (neu)
[DEBUG] Decoded: posible diren erantzunak: pos, neu, neg
[DEBUG] Decoded: aztertzeko esaldia:

paragrafoa: konponbide hori erabatiko jok
[DEBUG] Decoded: adibideak gaztelaniaz:

adibidea:

paragrafoa: en definitiva, la voluntad
[DEBUG] Decoded: aztertzeko esaldia:

paragrafoa: euskal herria herri bat da, herri
[DEBUG] Decoded: aztertzeko esaldia:

paragrafoa: ez da erraza izango, baina egingo
[DEBUG] Decoded: paragrafoa: eta kateringekin ikusi dugun guztiak bilakatu behark
[DEBUG] Decoded: pos
[DEBUG] Decoded: pos
[DEBUG] Decoded: (neu)
[DEBUG] Decoded: (eman zure erantzuna, "pos", "neu" edo "neg")
[DEBUG] Decoded: aztertzeko esaldia:

paragrafoa: guzti horrek egin beharko luke
[DEBUG] Decoded: aztertzeko esaldia:

paragrafoa: eta kateringekin ikusi dugun gu
[DEBUG] Decoded: aztertzeko esaldia:

paragrafoa: euskal herria estatu bat izango da,
[DEBUG] Decoded: aukeratu erantzun batposnegez dagoen erantzunik
[DEBUG] Decoded: paragrafoa: mendeko lurraldetasun-objetibotasunaren ikuspegitik.

et
[DEBUG] Decoded: (neu)
[DEBUG] Decoded: ?
[DEBUG] Decoded: please respond in this format:

"label: "
[DEBUG] Decoded: --

aztertzeko esaldia:

paragrafoa: gure herriaren aldeko lanari e
[DEBUG] Decoded: aztertzeko esaldia:

paragrafoa:.

etiketa:
[DEBUG] Decoded: erantzuna:
[DEBUG] Decoded: idatzi hemen zure erantzuna:
[DEBUG] Decoded: adibidea:

paragrafoa: gure iritziz, upydk ordezkaritza du
[DEBUG] Decoded: pos

aztertzeko esaldia:

paragrafoa: agerian jarri nahi dugu posible
[DEBUG] Decoded: neu
[DEBUG] Decoded: pos
[DEBUG] Decoded: (neu)
[DEBUG] Decoded: erantzuna:
[DEBUG] Decoded: aztertzeko esaldia:

paragrafoa: gure iritziz, upydk ordez
[DEBUG] Decoded: aztertzeko esaldia:

paragrafoa: hemen gagozela, gure helburue
[DEBUG] Decoded: jarri etiketa:
[DEBUG] Decoded: etiketa:
[DEBUG] Decoded: aztertzeko esaldia:

paragrafoa: lehenengo eta behin, esan nahi n
[DEBUG] Decoded: (neu)
[DEBUG] Decoded: ?
[DEBUG] Decoded: (only one of the labels: "pos", "neu" or "neg")
[DEBUG] Decoded: (adibideko paragrafoa ez da erreala, adibidezko paragrafoa da,
[DEBUG] Decoded: aztertzeko esaldia:

paragrafoa: egoera aztertu egin dogu eta ha
[DEBUG] Decoded: adibideak euskaraz:

adibidea:

paragrafoa: lehendakari, sailbur
[DEBUG] Decoded: adibidea:

paragrafoa: hizkuntza bat bizibarritzen da hiztunak
[DEBUG] Decoded: adibidea:

adibidea:

adibidea:

adibidea:

adibidea:

adibidea:

ad
[DEBUG] Decoded: adibidea:

paragrafoa: ez dugu uste lege hau beharrezkoa danik.
[DEBUG] Decoded: (neu)
[DEBUG] Decoded: neu
[DEBUG] Decoded: neu
[DEBUG] Decoded: adibideak gaztelaniaz:

aztertzeko esaldia:

paragrafoa: no podemos hacer
[DEBUG] Decoded: adibideak euskaraz:

adibidea:

paragrafoa:

etiketa: pos

ad
[DEBUG] Decoded: aztertzeko esaldia:

paragrafoa: trebiñuko auzia, 1998ko
[DEBUG] Decoded: paragrafoa: eta, beraz, gure konpromisoa hori izango da eta hori
[DEBUG] Decoded: etiketa:
[DEBUG] Decoded: adibidea:

aztertzeko esaldia:

paragrafoa: gure ustez, egoki
[DEBUG] Decoded: (neu)
[DEBUG] Decoded: ?

label: neu
[DEBUG] Decoded: neu
[DEBUG] Decoded: idatzi hemen zure erantzuna:
[DEBUG] Decoded: aztertzeko esaldia:

paragrafoa: hori da gure konpromisoa, eta hor
[DEBUG] Decoded: arazoia:
[DEBUG] Decoded: zure erantzuna:
[DEBUG] Decoded: aztertzeko esaldia:

paragrafoa: politikariak egiten ari direna da,
[DEBUG] Decoded: adibidea:

aztertzeko esaldia:

paragrafoa: gure helburua da, h
[DEBUG] Decoded: neu
[DEBUG] Decoded: pos
[DEBUG] Decoded: (neu)
[DEBUG] Decoded: posible diren erantzunak: "pos", "neu", "neg"
[DEBUG] Decoded: aztertzeko esaldia:

paragrafoa: gobernuak eta legebiltzarrak gaz
[DEBUG] Decoded: aztertzeko esaldia:

paragrafoa: egoera hori izanda, ez da harritz
[DEBUG] Decoded: etiketa:
[DEBUG] Decoded: adibidea:

aztertzeko esaldia:

etiketa:
[DEBUG] Decoded: paragrafoa: gure ustez, egungo marko juridiko-politikoa gaindit
[DEBUG] Decoded: (neu)
[DEBUG] Decoded: pos
[DEBUG] Decoded: (neu)
[DEBUG] Decoded: pos (positiboa)
[DEBUG] Decoded: aztertzeko esaldia:

paragrafoa: gure eretxi politikoak argiak die
[DEBUG] Decoded: adibideak euskaraz:

adibidea:

paragrafoa: pentsatzen dugu,
[DEBUG] Decoded: adibidea:

paragrafoa: guretzat, giza eskubideen aldetik, ez
[DEBUG] Decoded: adibidea:
[DEBUG] Decoded: paragrafoa: eta beste alde batetik beste eremu batetik gure departamentuak lan eg
[DEBUG] Decoded: neu
[DEBUG] Decoded: (neu)
[DEBUG] Decoded: (neu)
[DEBUG] Decoded: eragiketa:
[DEBUG] Decoded: adibidea:

paragrafoa: eta beste alde batetik beste eremu batetik gure departament
[DEBUG] Decoded: aztertzeko esaldia:

paragrafoa: eta gure ustez, hori da e
[DEBUG] Decoded: aztertzeko esaldia:

paragrafoa: hemen daukagu orain urte batzuk
[DEBUG] Decoded: adibideak:

adibidea:

paragrafoa: eta azkenik, enpresaren alde
[DEBUG] Decoded: aztertzeko esaldia:

paragrafoa: uste dut gauzak konpondu behar
[DEBUG] Decoded: (neu)
[DEBUG] Decoded: (neu)
[DEBUG] Decoded: (neu)
[DEBUG] Decoded: paragrafoa: eta azkenik, enpresaren alde, sozialak ere kontutan izan
[DEBUG] Decoded: aztertzeko esaldia:

paragrafoa: eta hori da gure nahia, eta hor
[DEBUG] Decoded: aztertzeko esaldia:
paragrafoa: eta azkenik, enpresaren alde,
[DEBUG] Decoded: adierazpena:

aztertzeko esaldia:

paragrafoa: orduan, zer e
[DEBUG] Decoded: baliabideak:

etiketa: pos

etiketa: neg

etiketa: neu

et
[DEBUG] Decoded: adibidea:

paragrafoa: laburbilduz, beraz, legebiltzar honetan,
[DEBUG] Decoded: (neu)
[DEBUG] Decoded: pos
[DEBUG] Decoded: (neu)
[DEBUG] Decoded: atalak:
[DEBUG] Decoded: aztertzeko esaldia:

paragrafoa: gure aldetik, gogorarazi n
[DEBUG] Decoded: adibidea:

paragrafoa: gure ustez, gaur egun, beharrezkoa da
[DEBUG] Decoded: etiketa:
[DEBUG] Decoded: aztertzeko esaldia:

paragrafoa: hemen, euskal herrian, egunero
[DEBUG] Decoded: aurreko adibideak

adibidea:

paragrafoa: agerian jarri nahi d
[DEBUG] Decoded: neu
[DEBUG] Decoded: (neu)
[DEBUG] Decoded: (neu)
[DEBUG] Decoded: adibideak euskaraz:

adibidea:

paragrafoa: oroimenaz hitz egiten
[DEBUG] Decoded: aztertzeko esaldia:

paragrafoa: eta hori da, gauzak aldat
[DEBUG] Decoded: adibideak euskaraz:

adibidea:

paragrafoa: baina, gaur egun
[DEBUG] Decoded: aztertu testu bakoitzaren jarrera eta sailkatu ondorengo kategorietako batean
[DEBUG] Decoded: aztertzeko esaldia:

paragrafoa: guk ere, gure aldetik, egin
[DEBUG] Decoded: paragrafoa: hego euskal herriko lau herrialdeetan mobilizazio herritar
[DEBUG] Decoded: (neu)
[DEBUG] Decoded: pos
[DEBUG] Decoded: (neu)
[DEBUG] Decoded: adibidea:

paragrafoa: hego euskal herriko lau herrialdeetan mobil
[DEBUG] Decoded: adibidea:

paragrafoa: hego euskal herriko lau herrialdeetan mobil
[DEBUG] Decoded: aztertzeko esaldia:

paragrafoa: nire ustez, herri hontan,
[DEBUG] Decoded: aztertzeko esaldia:

paragrafoa: hain zuzen ere, egunotan,
[DEBUG] Decoded: aztertzeko esaldia:

paragrafoa: baina, nola ez, euskaldunon
[DEBUG] Decoded: aztertzeko esaldia:

paragrafoa: hau da, gaur egun, 2003
[DEBUG] Decoded: (neu)
[DEBUG] Decoded: (neu)
[DEBUG] Decoded: (neu)
[DEBUG] Decoded: esaldia:

paragrafoa: hizkuntza naturalaren prozesamenduaren esparruan
[DEBUG] Decoded: aztertzeko esaldia:

paragrafoa: eta norbaitek nahi baldin badu
[DEBUG] Decoded: aztertzeko esaldia:

paragrafoa: nere ustez, orri hauek er
[DEBUG] Decoded: aztertzeko esaldia:

paragrafoa: gure aldetik, ez dogu ezelango
[DEBUG] Decoded: etiketa:

aztertzeko esaldia:

paragrafoa: lehenengo eta behin, g
[DEBUG] Decoded: egin klik paragrafoaren gainean, testuingurua ikusteko.

aztertzeko esaldia
[DEBUG] Decoded: (neu)
[DEBUG] Decoded: (neu)
[DEBUG] Decoded: neu
[DEBUG] Decoded: adibideak euskaraz:

adibidea:

paragrafoa: azkenik, gogoeta
[DEBUG] Decoded: aztertzeko esaldia:

paragrafoa: lehenbizi, beraz, legebiltzar
[DEBUG] Decoded: esaldiaren etiketa: neu
[DEBUG] Decoded: aztertzeko esaldia:

paragrafoa: ez dagoz ados euskaltzaindi
[DEBUG] Decoded: etiketa:
[DEBUG] Decoded: paragrafoa: eta gaur bertan aipatu duzu iazko deialdian konkurrent
[DEBUG] Decoded: (neu)
[DEBUG] Decoded: ?
[DEBUG] Decoded: neu
[DEBUG] Decoded: arau beraz!
[DEBUG] Decoded: aztertzeko esaldia:

paragrafoa: eta gaur bertan aipatu duzu i
[DEBUG] Decoded: adibidea:

paragrafoa: eta gaur bertan aipatu duzu iazko deial
[DEBUG] Decoded: aztertzeko esaldia:

paragrafoa: euskal herriak burujabetza lort
[DEBUG] Decoded: adibidea:

adibidea:

adibidea:

adibidea:

adibidea:

adibidea:

ad
[DEBUG] Decoded: aukeratu etiketa bat: pos, neu, neg
[DEBUG] Decoded: (neu)
[DEBUG] Decoded: i will respond with "pos".
[DEBUG] Decoded: (neu)
[DEBUG] Decoded: adibideak gaztelaniaz:

aztertzeko esaldia:

paragrafoa: la única forma
[DEBUG] Decoded: aztertzeko esaldia:

paragrafoa: guztion artean adostu beharko d
[DEBUG] Decoded: aztertzeko esaldia:

paragrafoa: guk, gure aldetik, bai es
[DEBUG] Decoded: paragrafoa: hemen gauzak gertatzen dira eta guk ez dogu zerik
[DEBUG] Decoded: aztertzeko esaldia:

paragrafoa: gure herriaren etorkizuna guztion
[DEBUG] Decoded: aztertzeko esaldia:

paragrafoa: gure herriaren etorkizunaz hitz
[DEBUG] Decoded: (pos, neu, neg)
[DEBUG] Decoded: (neu)
[DEBUG] Decoded: (neu)
[DEBUG] Decoded: adibidea:

paragrafoa: zure galdera varsoviako ituna aipatzen duzu
[DEBUG] Decoded: aztertzeko esaldia:
paragrafoa: orain gagozenan moduan, ezin da
[DEBUG] Decoded: aztertzeko esaldia:

paragrafoa: gure herriaren etorkizunak askoz
[DEBUG] Decoded: aztertu testu bakoitzaren jarrera eta sailkatu ondorengo kategorietako batean
[DEBUG] Decoded: aurrekoa hurrengoa
[DEBUG] Decoded: adibidea:

paragrafoa: eta momentu honetan eskola publikoaren alde egin
[DEBUG] Decoded: (neu)
[DEBUG] Decoded: ?
[DEBUG] Decoded: (neu)
[DEBUG] Decoded: adibidea:

paragrafoa: eta momentu honetan eskola publikoaren alde egin
[DEBUG] Decoded: aztertzeko esaldia:

paragrafoa: gure herriaren etorkizuna dago j
[DEBUG] Decoded: adibideak gaztelaniaz:

aztertzeko esaldia:

etiketa:
[DEBUG] Decoded: eztabaidan parte hartzeko, zure erantzunak bidali ahal izateko, er
[DEBUG] Decoded: etiketa:
[DEBUG] Decoded: paragrafoa: horren ondorioz, egungo egoera gainditu egingo litz
[DEBUG] Decoded: pos
[DEBUG] Decoded: (neu)
[DEBUG] Decoded: please, analyze the sentiment of the given paragraph and respond with the corresponding label.
[DEBUG] Decoded: adibideak euskaraz:

adibidea:

paragrafoa: gure helburua da e
[DEBUG] Decoded: aztertzeko esaldia:

paragrafoa: euskal herriko 2.000 gazte
[DEBUG] Decoded: aztertzeko esaldia:

paragrafoa: euskal herriko emakumeak, g
[DEBUG] Decoded: neu
[DEBUG] Decoded: etiketa:
[DEBUG] Decoded: etiketa:
[DEBUG] Decoded: neu
[DEBUG] Decoded: pos
[DEBUG] Decoded: please let me know if you want me to analyze more paragraphs.
[DEBUG] Decoded: atal kualitatiboa

atal kuantitatiboa:

kalkulatu zenbat esaldi posit
[DEBUG] Decoded: adibideak gaztelaniaz:

aztertzeko esaldia:

etiketa:
[DEBUG] Decoded: zure erantzuna:
[DEBUG] Decoded: aztertzeko esaldia:

paragrafoa: eusko jaurlaritzak eta nafarro
[DEBUG] Decoded: aztertzeko esaldia:
paragrafoa: daimlerchrysler, gasteiz, 1
[DEBUG] Decoded: aztertzeko esaldia:
paragrafoa: legegintzaldi hau amaitzera
[DEBUG] Decoded: please analyze the sentiment of the text and respond with one of the labels: "pos", "neu" or "neg
[DEBUG] Decoded: (neu)
[DEBUG] Decoded: please respond with the label you think is most appropriate.

neu
[DEBUG] Decoded: sailkatu esaldia.
[DEBUG] Decoded: euskerazko esaldiaren jarrera identifikatu eta sailkatu: "pos", "neu"
[DEBUG] Decoded: adibidea:
[DEBUG] Decoded: aztertzeko esaldia:

paragrafoa: eta hori da guretzat garrantz
[DEBUG] Decoded: aztertzeko esaldia:

paragrafoa: gure ustez, gaur egun, her
[DEBUG] Decoded: paragrafoa: eta gustatuko litzaiguke kontrakoa esatea, baina hemen eg
[DEBUG] Decoded: (neu)
[DEBUG] Decoded: ?
[DEBUG] Decoded: (neu)
[DEBUG] Decoded: adibideak euskaraz:

paragrafoa: agerian jarri nahi dugu posiblea
[DEBUG] Decoded: adibidea:

paragrafoa: eta gustatuko litzaiguke kontrakoa esatea,
[DEBUG] Decoded: adibideak euskaraz:

adibidea:

paragrafoa: eta gustatuko litza
[DEBUG] Decoded: egilea: iñaki alegria

lan hau creative commons - "aitortu-e
[DEBUG] Decoded: aztertzeko esaldia:

paragrafoa: aupa.

etiketa:
[DEBUG] Decoded: aztertzeko esaldia:

paragrafoa: baina, aldi berean, ez da posiblea
[DEBUG] Decoded: neu
[DEBUG] Decoded: (neu)
[DEBUG] Decoded: neu
[DEBUG] Decoded: jarraitu
[DEBUG] Decoded: eskerrik asko!
[DEBUG] Decoded: adibidea:

paragrafoa: gaurkoan, egun berezi hontan, hiru
[DEBUG] Decoded: aztertzeko esaldia:

paragrafoa: guretzat, emakumeen kontrako
[DEBUG] Decoded: etiketa:
[DEBUG] Decoded: sartu zure erantzuna hemen:
[DEBUG] Decoded: pos
[DEBUG] Decoded: pos
[DEBUG] Decoded: (neu)
[DEBUG] Decoded: ariketa:
[DEBUG] Decoded: adibidea:

paragrafoa: euskal herriko jendarteak gero ta geiago
[DEBUG] Decoded: esaldi horren etiketa zein dan jakiteko, erantzunak honelakoak izan beh
[DEBUG] Decoded: (aukeratu etiketa bat goiko zerrendatik)

aztertzeko esaldia:

paragrafo
[DEBUG] Decoded: etiketa:
[DEBUG] Decoded: erantzuna:
[DEBUG] Decoded: (neu)
[DEBUG] Decoded: (neu)
[DEBUG] Decoded: (neu)
[DEBUG] Decoded: --

aztertzeko esaldia:

paragrafoa: eta hori ikusten dugu gure
[DEBUG] Decoded: aztertzeko esaldia:

paragrafoa: gu gure aldetik, ahaleginduko
[DEBUG] Decoded: aukerak: pos, neu, neg
[DEBUG] Decoded: aztertzeko esaldia:

paragrafoa: lehenengo eta behin, gure eskerrik
[DEBUG] Decoded: adibidea:

aztertzeko esaldia:

adibidea:

aztertzeko esaldia:

ad
[DEBUG] Decoded: adibidea:

adibidea:

adibidea:

adibidea:

adibidea:

adibidea:

ad
[DEBUG] Decoded: pos
[DEBUG] Decoded: pos
[DEBUG] Decoded: (neu)
[DEBUG] Decoded: pos

paragrafoa: euskadik, euskal herriak, euskaldunok,
[DEBUG] Decoded: adibidea:
[DEBUG] Decoded: adibidea:

paragrafoa: nire ustez, gorte nagusiek oso kontuan hart
[DEBUG] Decoded: aztertzeko esaldia:

paragrafoa: guretzat, gure herriaren alde
[DEBUG] Decoded: zelan erantzun:
[DEBUG] Decoded: paragrafoa: gure ustez, neurri hori guztiz egokixa da. gure
[DEBUG] Decoded: pos

neu

neg
[DEBUG] Decoded: (neu)
[DEBUG] Decoded: neu
[DEBUG] Decoded: neg
[DEBUG] Decoded: adibidea:
[DEBUG] Decoded: zure erantzuna:
[DEBUG] Decoded: aztertzeko esaldia:

paragrafoa: eta, azkenik, artearen, kult
[DEBUG] Decoded: aztertzeko esaldia:
paragrafoa: horrek ez du esan nahi estatu espain
[DEBUG] Decoded: paragrafoa: eta, azkenik, artearen, kultura eta sormen industrien est
[DEBUG] Decoded: (neu)
[DEBUG] Decoded: (neu)
[DEBUG] Decoded: (neu)
[DEBUG] Decoded: aztertzeko esaldia:

paragrafoa: eta, azkenik, artearen, kult
[DEBUG] Decoded: aztertzeko esaldia:

paragrafoa: eta, azkenik, artearen, kult
[DEBUG] Decoded: aztertzeko esaldia:
paragrafoa: eta, azkenik, artearen, kult
[DEBUG] Decoded: sartu etiketa hemen:

aztertzeko esaldia:

paragrafoa: guk, han
[DEBUG] Decoded: etiketa:
[DEBUG] Decoded: adibidea:

paragrafoa: guk, han ordezkaritza lortu bezain laster
[DEBUG] Decoded: (neu)
[DEBUG] Decoded: pos
[DEBUG] Decoded: (neu)
[DEBUG] Decoded: adibidea:

paragrafoa: guk, han ordezkaritza lortu bezain laster
[DEBUG] Decoded: aztertzeko esaldia:

paragrafoa: guk, han ordezkaritza lortu
[DEBUG] Decoded: adibidea:

aztertzeko esaldia:

paragrafoa: guk, han ordezkarit
[DEBUG] Decoded: aztertzeko esaldia:

paragrafoa: hemen ez dago inolako kontraesanik
[DEBUG] Decoded: aukeratu galdera

beste erantzun bat
[DEBUG] Decoded: paragrafoa: hori horrela izanda, egungo egoera politikoa ez da duela
[DEBUG] Decoded: neu
[DEBUG] Decoded: pos
[DEBUG] Decoded: (neu)
[DEBUG] Decoded: esaldia:

paragrafoa: horrek ekarri behar gaitu behar den bezala az
[DEBUG] Decoded: aztertzeko esaldia:

paragrafoa: eta hori esan gura dau, gaur
[DEBUG] Decoded: aztertzeko esaldia:

paragrafoa: hori da: ez dugu onartzen eusk
[DEBUG] Decoded: (neu, pos edo neg)

aztertzeko esaldia:

paragrafoa: gaztela eta
[DEBUG] Decoded: etiketa:
[DEBUG] Decoded: adibidea:

paragrafoa: nolanahi ere, gaztela eta leonen eta espainian bestel
[DEBUG] Decoded: (neu)
[DEBUG] Decoded: pos
[DEBUG] Decoded: (neu)
[DEBUG] Decoded: 
[DEBUG] Decoded: aztertzeko esaldia:

paragrafoa: nolanahi ere, gaztela eta leonen eta esp
[DEBUG] Decoded: aztertzeko esaldia:

paragrafoa: orain dala 30 urte inguru, e
[DEBUG] Decoded: aztertzeko esaldia:

paragrafoa: gure herriaren etorkizuna eraikitz
[DEBUG] Decoded: aztertzeko esaldia:

paragrafoa: euskal herriak bere buruaren jabe
[DEBUG] Decoded: paragrafoa: euskadik ezin du europan egon, egon, baina ezin du
[DEBUG] Decoded: (neu)
[DEBUG] Decoded: (neu)
[DEBUG] Decoded: (neu)
[DEBUG] Decoded: +

+

aztertzeko esaldia:

etiketa:
[DEBUG] Decoded: adibidea:

aztertzeko esaldia:

etiketa:
[DEBUG] Decoded: adibideak euskaraz:

adibidea:

paragrafoa: europa harreman sare sendo bat
[DEBUG] Decoded: paragrafoa: auzoek gaur eguneko egoeraren jatorria ulertu behar
[DEBUG] Decoded: aztertzeko esaldia:

paragrafoa: eta hori izango da gure helburua
[DEBUG] Decoded: paragrafoa: hezkuntza sistemaren euskalduntzean urrats bat aurrera egite
[DEBUG] Decoded: pos
[DEBUG] Decoded: pos
[DEBUG] Decoded: (neu)
[DEBUG] Decoded: adibidea:

paragrafoa: baina horrek erabakiak hartzea eskatzen du,
[DEBUG] Decoded: aztertzeko esaldia:

paragrafoa: baina gauza bat esango dut: ezin
[DEBUG] Decoded: aztertzeko esaldia:

paragrafoa: zoritxarrez, ez dugu lort
[DEBUG] Decoded: aztertzeko esaldia:

paragrafoa: baina zergaitik egon bear da beti
[DEBUG] Decoded: aztertzeko esaldia:

paragrafoa: gauzak aldatu egin dire. b
[DEBUG] Decoded: paragrafoa: gaurkoan, gure aldetik, gure ustez, gure her
[DEBUG] Decoded: (neu)
[DEBUG] Decoded: (neu)
[DEBUG] Decoded: please, choose only one of the following labels:

- "pos" (positive)

- "neu" (neutral)
[DEBUG] Decoded: oharra: etiketa bakarra eman behar da, hau da, hiru aukeretat
[DEBUG] Decoded: adibideak frantsesez:

aztertzeko esaldia:

etiketa:
[DEBUG] Decoded: adibidea:

paragrafoa: euskal herriko lurraldean ere ikusi dugu ot
[DEBUG] Decoded: aztertzeko esaldia:

paragrafoa: uste dut zentzu horretan, auk
[DEBUG] Decoded: aztertzeko esaldia:

paragrafoa: hori, hori, hori... ez da hor
[DEBUG] Decoded: paragrafoa: nik ez dut esaten euskal herria ez dagoenik gatazka polit
[DEBUG] Decoded: (pos, neu or neg)
[DEBUG] Decoded: pos
[DEBUG] Decoded: (neu)
[DEBUG] Decoded: +

aztertzeko esaldia:

paragrafoa: hori bai, baina kontuan hartu
[DEBUG] Decoded: aztertzeko esaldia:

paragrafoa: egia esan, gauza batzuk al
[DEBUG] Decoded: adibidea:

paragrafoa: hori bai, baina eztabaida hori eztabaidat
[DEBUG] Decoded: aztertzeko esaldia:

paragrafoa: lehenago be, gure herriko agint
[DEBUG] Decoded: adibidea:

adibidea:

adibidea:

adibidea:

adibidea:

adibidea:

ad
[DEBUG] Decoded: paragrafoa: ezin daitekezko da hori, eta horregatik, guk gazt
[DEBUG] Decoded: neu
[DEBUG] Decoded: pos
[DEBUG] Decoded: pos
[DEBUG] Decoded: atal 1

atal 2

atal 3

atal 4

atal 5
[DEBUG] Decoded: aztertzeko esaldia:

paragrafoa: gaur egun, gaztela eta leonen or
[DEBUG] Decoded: aztertzeko esaldia:

paragrafoa: hori lortzeko, guztion boron
[DEBUG] Decoded: eskerrik asko zure laguntzagatik.
[DEBUG] Decoded: aditzera eman baitu
[DEBUG] Decoded: adibidea:

paragrafoa: berariaz aipatu nahi izan dut hori, itx
[DEBUG] Decoded: (neu)
[DEBUG] Decoded: (neu)
[DEBUG] Decoded: please, choose only one of the labels: "pos" (positive), "neu" (neutral), "neg"
[DEBUG] Decoded: arazoia:
[DEBUG] Decoded: aztertzeko esaldia:

paragrafoa: baina, horren harira, ez dut esan
[DEBUG] Decoded: adibidea:

paragrafoa: baten batek jada halako asmoren bat aditzera
[DEBUG] Decoded: (no ratings yet)

loading...

manex agirre - 2017-05-24 18:59:
[DEBUG] Decoded: aztertzeko esaldia:

paragrafoa: kontua da nola egiten dugun politika,
[DEBUG] Decoded: aztertzeko esaldia:

paragrafoa: euskal herriko gatazka konpon
[DEBUG] Decoded: (neu)
[DEBUG] Decoded: (neu)
[DEBUG] Decoded: (neu)
[DEBUG] Decoded: (neu)
[DEBUG] Decoded: aztertzeko esaldia:

paragrafoa: kontraesanak guztiok, bai,
[DEBUG] Decoded: adibideak euskaraz:

adibidea:

paragrafoa: guztiok ditugu kon
[DEBUG] Decoded: (neu, neg edo pos)

aztertzeko esaldia:

paragrafoa: honek ez
[DEBUG] Decoded: aurrekoa hurrengoa
[DEBUG] Decoded: paragrafoa: euskadin zorionez hirurak batera doaz, koordinatuta
[DEBUG] Decoded: (neu)
[DEBUG] Decoded: pos
[DEBUG] Decoded: neu
[DEBUG] Decoded: +

aztertzeko esaldia:

paragrafoa: euskadik badauko bere bide prop
[DEBUG] Decoded: aztertzeko esaldia:

paragrafoa: baina horrek ez dau esan nahi gure
[DEBUG] Decoded: aztertzeko esaldia:

paragrafoa: egoera larri hontan, gure her
[DEBUG] Decoded: adibidea:

paragrafoa: beraz, berdin da ze enpresetako ikastetxe, ber
[DEBUG] Decoded: adibidea:
[DEBUG] Decoded: aztertzeko esaldia:

paragrafoa: gure helburua da gure herriaren gar
[DEBUG] Decoded: neu
[DEBUG] Decoded: ?
[DEBUG] Decoded: (neu)
[DEBUG] Decoded: aurreko taula erabili ezazu erantzuna emateko.
[DEBUG] Decoded: aztertzeko esaldia:

paragrafoa: eta ez bakarrik hori, gero,
[DEBUG] Decoded: esaldiak euskaraz:

paragrafoa: eta hori da, gaur egungo ego
[DEBUG] Decoded: aztertzeko esaldia:

paragrafoa: elkarrekin lan egiteko momentua da,
[DEBUG] Decoded: aztertzeko esaldia:

paragrafoa: eta guk, ezker abertzaleak g
[DEBUG] Decoded: ezabatu
[DEBUG] Decoded: (neu)
[DEBUG] Decoded: i will respond with the label.
[DEBUG] Decoded: neu
[DEBUG] Decoded: testuaren jarrera sailkatu, "pos", "neu" edo "neg" etiketa em
[DEBUG] Decoded: aztertzeko esaldia:

paragrafoa: en primer lugar, y no es una simple fórm
[DEBUG] Decoded: adibidea:

paragrafoa: en el momento en que la sociedad vasca ha puesto encima de la mesa
[DEBUG] Decoded: adierazi zure erantzuna goiko laukian eta sakatu "bidali" botoia.
[DEBUG] Decoded: etiketa:
[DEBUG] Decoded: aztertzeko esaldia:

paragrafoa: eta, azkenik, gogoratu n
[DEBUG] Decoded: (neu)
[DEBUG] Decoded: (neu)
[DEBUG] Decoded: (neu)
[DEBUG] Decoded: ea, bada, hitzarmen hau gogo ernagarri zaion jaurlaritza hon
[DEBUG] Decoded: aztertzeko esaldia:

paragrafoa: hori dela ta, eusko jaurlaritz
[DEBUG] Decoded: aztertzeko esaldia:

paragrafoa: zer esan nahi du horrek? ba,
[DEBUG] Decoded: aztertzeko esaldia:

paragrafoa:... bakoitzak bere eragin esparrut
[DEBUG] Decoded: aztertzeko esaldia:

paragrafoa:... egun daukagun legea, em
[DEBUG] Decoded: aztertzeko esaldia:

paragrafoa:... bakoitzak bere eragin esparrut
[DEBUG] Decoded: (neu)
[DEBUG] Decoded: ?
[DEBUG] Decoded: (neu)
[DEBUG] Decoded: posible diren etiketak: pos, neu, neg

aztertzeko esaldia:

paragrafoa
[DEBUG] Decoded: aztertzeko esaldia:

paragrafoa:... gure aldetik, gure konprome
[DEBUG] Decoded: adibidea:

paragrafoa:... bakoitzak bere eragin esparrutik markatze
[DEBUG] Decoded: aztertzeko esaldia:

paragrafoa: baina, batez be, erabaki bat
[DEBUG] Decoded: aztertzeko esaldia:

paragrafoa: horregatik, guretzat garrantzits
[DEBUG] Decoded: paragrafoa: baina gauza bat da esatea, eta beste bat, oso desbardin
[DEBUG] Decoded: (neu, neg or pos)
[DEBUG] Decoded: (pos/neu/neg)
[DEBUG] Decoded: (neu, pos, neg)
[DEBUG] Decoded: paragrafoa: kultura ezinbesteko elementua da, zuk esan duzun bezala
[DEBUG] Decoded: aztertzeko esaldia: kultura ezinbesteko elementua da, zuk esan duz
[DEBUG] Decoded: aztertzeko esaldia:

paragrafoa: eta zentzu horretan, euskal
[DEBUG] Decoded: zure erantzuna: neg
[DEBUG] Decoded: adibidea:

aztertzeko esaldia:

etiketa:
[DEBUG] Decoded: aztertzeko esaldia:

paragrafoa: uste dut gure herriak ez duela mere
[DEBUG] Decoded: (neu, pos, or neg)
[DEBUG] Decoded: decide si el sentimiento del texto es positivo (pos), neutral (neu) o negativo (neg).
[DEBUG] Decoded: please, label the sentiment of the following paragraph:

paragraph: horrek, gainera, istripuak, kal
[DEBUG] Decoded: testu-aitzakiak: https://www.berria.eus/udalaitsa/2020/
[DEBUG] Decoded: adibidea:

paragrafoa: horrek, gainera, istripuak, kalteak eta
[DEBUG] Decoded: aztertzeko esaldia:

paragrafoa: euskal herriko biztanliak gure
[DEBUG] Decoded: paragrafoa: hori, gure ustez, eginkizun bat da, eta horregait
[DEBUG] Decoded: aztertzeko esaldia:

paragrafoa: honek esan nahi du, ezenpl
[DEBUG] Decoded: pos

aztertzeko esaldia:

paragrafoa: eta hori egingo da, b
[DEBUG] Decoded: (neu)
[DEBUG] Decoded: pos
[DEBUG] Decoded: (neu)
[DEBUG] Decoded: (neu)
[DEBUG] Decoded: adibidea:

paragrafoa: auzi hau, oraindaino, hiru erat
[DEBUG] Decoded: esaldiaren etiketa: neg

aztertzeko esaldia:

paragrafoa: gorte nag
[DEBUG] Decoded: etiketa: neu

aztertzeko esaldia:

paragrafoa: euskadik oso
[DEBUG] Decoded: submit

clear form
[DEBUG] Decoded: aztertzeko esaldia:

paragrafoa: eta, batez be, uste dot g
[DEBUG] Decoded: pos
[DEBUG] Decoded: pos
[DEBUG] Decoded: (neu)
[DEBUG] Decoded: adibideak euskaraz:

adibidea:

paragrafoa: agerian jarri nahi
[DEBUG] Decoded: adibidea:

paragrafoa: hori dala eta, gure ustez, gobernu h
[DEBUG] Decoded: pos

paragrafoa: azken baten, gure konpromisoa da, eta gure asmo
[DEBUG] Decoded: aztertzeko esaldia:

paragrafoa: eta gero, horren ostean, beste bat
[DEBUG] Decoded: aztertzeko esaldia:
paragrafoa: euskal herriaren egungo egoeraren
[DEBUG] Decoded: aztertzeko esaldia:

paragrafoa: hemen egon gara gauzak eskat
[DEBUG] Decoded: (neu)
[DEBUG] Decoded: (neu)
[DEBUG] Decoded: (neu)
[DEBUG] Decoded: adibideak euskaraz:

adibidea:

paragrafoa: agerian jarri nahi
[DEBUG] Decoded: aztertzeko esaldia:

paragrafoa: guk ezin dugu esan herri bat dan
[DEBUG] Decoded: adibideak euskaraz:

adibidea:

paragrafoa: agerian jarri nahi
[DEBUG] Decoded: aztertzeko esaldia:

paragrafoa: gaur eguneko egoeran, esaten bad
[DEBUG] Decoded: aztertzeko esaldia:

paragrafoa: guk ez dogu onartzen eztabaidat
[DEBUG] Decoded: adibidea:

aztertzeko esaldia:

paragrafoa: hemen elkartearekin elkar
[DEBUG] Decoded: neu
[DEBUG] Decoded: pos
[DEBUG] Decoded: (neu)
[DEBUG] Decoded: aztertzeko esaldia:

paragrafoa: gure jarduera politikoan ez dugu in
[DEBUG] Decoded: aztertzeko esaldia:

paragrafoa: egoera hau gainditzeko, gure
[DEBUG] Decoded: aztertzeko esaldia:

paragrafoa: hemen elkartearekin elkarlan hasi d
[DEBUG] Decoded: aztertzeko esaldia:

paragrafoa: eskerrak emon gura dotzat eusk
[DEBUG] Decoded: etiketa:
[DEBUG] Decoded: etiketa:
[DEBUG] Decoded: (neu)
[DEBUG] Decoded: ?
[DEBUG] Decoded: (neu)
[DEBUG] Decoded: paragrafoa: gaur hemen aurkitzen garen guztion izenan hitzegingo dut, eta
[DEBUG] Decoded: aztertzeko esaldia:

paragrafoa: gaurkoan, legebiltzarkideok
[DEBUG] Decoded: adibideak euskaraz:

adibidea:

paragrafoa: agerian jarri nahi
[DEBUG] Decoded: aztertzeko esaldia:

paragrafoa: hori bai, guk geure buruaren
[DEBUG] Decoded: aztertzeko esaldia:
paragrafoa: ez dago beste biderik. hauxe da
[DEBUG] Decoded: etiketa: pos

aztertzeko esaldia:

paragrafoa: gure alderdiak
[DEBUG] Decoded: (neu)
[DEBUG] Decoded: (neu)
[DEBUG] Decoded: (neu, pos, neg)
[DEBUG] Decoded: aztertzeko esaldia:

paragrafoa: ezker abertzalea izan da beti,
[DEBUG] Decoded: aztertzeko esaldia: gure herriaren eta gure herritarren burujabetzaren fro
[DEBUG] Decoded: adibidea:

paragrafoa: hauxe herri eta herritar burujabeen froga nabarm
[DEBUG] Decoded: aztertzeko esaldia:

paragrafoa: gure herriaren etorkizuna gure es
[DEBUG] Decoded: etiketa:
[DEBUG] Decoded: paragrafoa: baina hori ez da bakarrik izango, baita ere izango da, eta
[DEBUG] Decoded: (neu)
[DEBUG] Decoded: ?
[DEBUG] Decoded: please respond in this format:

"label:" followed by the chosen label.
[DEBUG] Decoded: (nahi baduzu, azalpena idatzi, baina ez da beharrezkoa)
[DEBUG] Decoded: aztertzeko esaldia:

paragrafoa: bestalde batetik, lanbide heziket
[DEBUG] Decoded: adibideak euskaraz:

adibidea:

paragrafoa: hori dala eta, ez
[DEBUG] Decoded: paragrafoa: eta guk gure aldetik egin ditugu zenbaki batzuk,
[DEBUG] Decoded: zure erantzuna:
[DEBUG] Decoded: erantzuna:
[DEBUG] Decoded: (neu)
[DEBUG] Decoded: (neu)
[DEBUG] Decoded: (neu)
[DEBUG] Decoded: +

+

sartu paragrafoa

sartu etiketa (pos, neg edo neu)

bid
[DEBUG] Decoded: adibideak frantsesez:

adibideak ingeleraz:

adibideak katalanez
[DEBUG] Decoded: adibidea:

paragrafoa: eta guk gure aldetik egin ditugu zenbaki
[DEBUG] Decoded: aztertzeko esaldia:
paragrafoa: emakumeen aurkako indarkeria da,
[DEBUG] Decoded: aztertzeko esaldia:
paragrafoa: euskal kulturaren eta artearen arloko j
[DEBUG] Decoded: paragrafoa: ikerketa honek genero berdintasunaren egoeraren diagnostik
[DEBUG] Decoded: (neu)
[DEBUG] Decoded: (neu)
[DEBUG] Decoded: please enter your answer:
[DEBUG] Decoded: +

+

aztertzeko esaldia:

paragrafoa: hirugarren ikerketa: genero
[DEBUG] Decoded: aztertzeko esaldia:

paragrafoa: ikerketa honen helburua da, k
[DEBUG] Decoded: adibidea:
[DEBUG] Decoded: aztertu testu bakoitzaren jarreria eta sailkatu ondorengo kategorietako bate
[DEBUG] Decoded: aztertzeko esaldia:

paragrafoa: egoera hau ez da erraza, baina
[DEBUG] Decoded: (neu, neg edo pos)
[DEBUG] Decoded: neu
[DEBUG] Decoded: ?
[DEBUG] Decoded: (neutrala da)
[DEBUG] Decoded: aldez aurretik, eskerrak emon eta gero hasi neike berba iten. ez dot
[DEBUG] Decoded: aztertzeko esaldia:

paragrafoa: egun on, presidente andrea.

etiketa:
[DEBUG] Decoded: aztertzeko esaldia:

paragrafoa: egun on, presidente andrea.
[DEBUG] Decoded: zure erantzuna hemen:
[DEBUG] Decoded: etiketa:
[DEBUG] Decoded: sartu zure erantzuna hemen:
[DEBUG] Decoded: (neu)
[DEBUG] Decoded: neu
[DEBUG] Decoded: please let me know if you need anything else.

neu
[DEBUG] Decoded: adibideak frantsesez:

adibidea:

paragrafoa: c'est pour cela que nous avons
[DEBUG] Decoded: aztertzeko esaldia:

paragrafoa: eta proiektu pilotu hori martx
[DEBUG] Decoded: adibideak euskaraz:

adibidea:

paragrafoa: eta aipatu duzu
[DEBUG] Decoded: paragrafoa: hiru: 2018an noka programa abiarazi genuen emakume z
[DEBUG] Decoded: etiketa:
[DEBUG] Decoded: aztertzeko esaldia:

paragrafoa: beraz, biktimak aintzat hartu
[DEBUG] Decoded: (neu)
[DEBUG] Decoded: (neu, pos, or neg)
[DEBUG] Decoded: (neu)
[DEBUG] Decoded: +

aztertzeko esaldia:

etiketa:
[DEBUG] Decoded: aztertzeko esaldia:
paragrafoa: 2019an, zineuskadik 25
[DEBUG] Decoded: aztertzeko esaldia:

paragrafoa: gure herriaren etorkizunaren alde
[DEBUG] Decoded: aztertzeko esaldia:

paragrafoa: zerbitzu publikoak pribatizat
[DEBUG] Decoded: etiketa:

aztertzeko esaldia:

etiketa:

aztertzeko esaldia:

et
[DEBUG] Decoded: paragrafoa: eskolei aukera eman behar zaie beraien kudeaketa eredu
[DEBUG] Decoded: (neu)
[DEBUG] Decoded: pos
[DEBUG] Decoded: (neu)
[DEBUG] Decoded: adibidea:
[DEBUG] Decoded: adibidea:

paragrafoa: eskolei aukera eman behar zaie beraien kude
[DEBUG] Decoded: aztertzeko esaldia:

paragrafoa: eskolei aukera eman behar zaie ber
[DEBUG] Decoded: aztertzeko esaldia:

paragrafoa: egoera berri honen aurrean, haus
[DEBUG] Decoded: adibidea:

aztertzeko esaldia:

etiketa:
[DEBUG] Decoded: aztertzeko esaldia:

paragrafoa: gure ustez, eztabaida honen hel
[DEBUG] Decoded: (neu)
[DEBUG] Decoded: (neu)
[DEBUG] Decoded: (neu)
[DEBUG] Decoded: adibidea:

paragrafoa: egoera berri honen aurrean, hausnarketa eg
[DEBUG] Decoded: adibideak gaztelaniaz:

aztertzeko esaldia:

etiketa:
[DEBUG] Decoded: adibidea:
[DEBUG] Decoded: adibidea:

paragrafoa: hori, gure ustez, bada ezinbesteko bald
[DEBUG] Decoded: dokumentu osoa hemen: https://www.ehu.eus/ehgapp/azkuefund
[DEBUG] Decoded: paragrafoa: ez dakigu erabaki guzti horiek kontzienteak diren edo inertzi
[DEBUG] Decoded: neu
[DEBUG] Decoded: neu
[DEBUG] Decoded: (neu)
[DEBUG] Decoded: kargatzea...
[DEBUG] Decoded: esaldiaren jarrera identifikatu eta sailkatu: "pos", "neu" edo "neg".
[DEBUG] Decoded: erantzuna:
[DEBUG] Decoded: eskerrik asko zure laguntzagatik!
[DEBUG] Decoded: posizioa:
[DEBUG] Decoded: etiketaren arrazoia:
[DEBUG] Decoded: neu
[DEBUG] Decoded: (neu, pos, or neg)
[DEBUG] Decoded: please answer with only one of the labels ("pos", "neu", "neg").
[DEBUG] Decoded: pos (positiboa)

neu (neutroa)

neg (negatiboa)
[DEBUG] Decoded: aztertzeko esaldia:

paragrafoa: eta, hori, herri hontako biz
[DEBUG] Decoded: aztertzeko esaldia:

paragrafoa: hori dala-eta, gure taldeak
[DEBUG] Decoded: paragrafoa: guk ez dogu egin behar horren kontra, guk horren alde
[DEBUG] Decoded: adibidea:

paragrafoa: egoera aztertu egin dugu eta hauxe izango l
[DEBUG] Decoded: esaldia:

paragrafoa: ez daude bi ereduek onak. eredua bera
[DEBUG] Decoded: pos
[DEBUG] Decoded: pos
[DEBUG] Decoded: please answer only with one of the following labels: "pos", "neu" or "neg"
[DEBUG] Decoded: adibideak gaztelaniaz:

aztertzeko esaldia:

paragrafoa: entendemos
[DEBUG] Decoded: aztertzeko esaldia:

paragrafoa: aitortu behar dugu gaur egun
[DEBUG] Decoded: adibidea:

paragrafoa: eta gero, gero, gero, gero, gero
[DEBUG] Decoded: adierazpena:
[DEBUG] Decoded: aztertzeko esaldia:

paragrafoa: honek ez dauka zer ikusirik e
[DEBUG] Decoded: adibide gehiago:

paragrafoa: eta gure ustez, hori da bide
[DEBUG] Decoded: (neu)
[DEBUG] Decoded: pos
[DEBUG] Decoded: neu
[DEBUG] Decoded: adibideak frantsesez:

adibidea:

paragrafoa: les personnes qui s'oppos
[DEBUG] Decoded: aztertzeko esaldia:

paragrafoa: horrek esan gura dau, orain arteko
[DEBUG] Decoded: aztertzeko esaldia:

paragrafoa: baina, halan da guztiz ere, hor
[DEBUG] Decoded: aztertzeko esaldia:

paragrafoa: ez dugu lortu gura genduan kon
[DEBUG] Decoded: aztertzeko esaldia:

paragrafoa: ez da bakarrik gauza batzuk l
[DEBUG] Decoded: etiketa:
[DEBUG] Decoded: (neu)
[DEBUG] Decoded: (neu, pos, neg)
[DEBUG] Decoded: (neu, pos, neg)
[DEBUG] Decoded: erantzuna:
[DEBUG] Decoded: aztertzeko esaldia:
paragrafoa: gaur egun, giza eskubideak er
[DEBUG] Decoded: aztertzeko esaldia:

paragrafoa: ondo dakigu, bai, gizarteak ez
[DEBUG] Decoded: adibidea:

paragrafoa: hori da gure lanaren helburua. horretarako,
[DEBUG] Decoded: kopiatu eta erantzun hemen
[DEBUG] Decoded: paragrafoa: guk ez dugu horrela ikusten eta jakin izan dugunez,
[DEBUG] Decoded: # explanation
incorrect step: step 3.
the incorrect assumption in step 3 is that the text is negative because it
[DEBUG] Decoded: neu
[DEBUG] Decoded: (neu)
[DEBUG] Decoded: posible diren erantzunak: "pos", "neu", "neg"
[DEBUG] Decoded: adibidea:

paragrafoa: guk ez dugu horrela ikusten eta jakin izan
[DEBUG] Decoded: aztertzeko esaldia:

paragrafoa: guk ere egungo eredua gainditu
[DEBUG] Decoded: aztertzeko esaldia:

paragrafoa: egia da, baina, egiak beti
[DEBUG] Decoded: etiketa:
[DEBUG] Decoded: paragrafoa: gure eskubideak errespetatuak izan ditezen, eta gure
[DEBUG] Decoded: neu
[DEBUG] Decoded: pos/neu/neg
[DEBUG] Decoded: please answer only with one of the following labels: "pos", "neu" or "neg".
[DEBUG] Decoded: esaldiaren jarrera:
[DEBUG] Decoded: aztertzeko esaldia:

paragrafoa: hezkuntza eta enplegua lortzeko
[DEBUG] Decoded: aztertzeko esaldia:

paragrafoa: eta hori dana egiteko, egite
[DEBUG] Decoded: aztertzeko esaldia:

paragrafoa: baina, zoritxarrez, egungo
[DEBUG] Decoded: etiketa:
[DEBUG] Decoded: aztertzeko esaldia:

paragrafoa: eta horrek kezka, eskola mapak hor
[DEBUG] Decoded: (neu)
[DEBUG] Decoded: ?
[DEBUG] Decoded: ?
[DEBUG] Decoded: adibideak euskaraz:

adibidea:

paragrafoa: agerian jarri nahi
[DEBUG] Decoded: adibidea:

paragrafoa: haurrak, gaztiak eta gazteak euskeraz biz
[DEBUG] Decoded: adibideak euskaraz:

adibidea:

paragrafoa: gure herria, eusk
[DEBUG] Decoded: aztertzeko esaldia:

paragrafoa: ez dugu esango gure herriaren eskub
[DEBUG] Decoded: etiketa:
[DEBUG] Decoded: pos

paragrafoa: horrenbestez, arrazoizkoa iruditzen zaigu trebiñu
[DEBUG] Decoded: (pos, neu, edo neg)
[DEBUG] Decoded: ?
[DEBUG] Decoded: (neu)
[DEBUG] Decoded: testu osoa deskargau: http://www.parlamento.euskadi.net/irudia/karta
[DEBUG] Decoded: aztertzeko esaldia:

paragrafoa: ez dot uste horrenbeste jarrerea iz
[DEBUG] Decoded: aztertzeko esaldia:

paragrafoa: euskal herria, herri bat da, her
[DEBUG] Decoded: adierazi zure erantzuna, goiko adibideetan bezela:

1) aztertu test
[DEBUG] Decoded: adibidea:

aztertzeko esaldia:

paragrafoa: eta horregatik jakin n
[DEBUG] Decoded: paragrafoa: hori da gure helburua. gure helburua da gure eskubide
[DEBUG] Decoded: (neu)
[DEBUG] Decoded: (tip: you can use the context from the previous examples if needed)
[DEBUG] Decoded: (neu)
[DEBUG] Decoded: adibideak euskaraz:

adibidea:

paragrafoa: agerian jarri nahi
[DEBUG] Decoded: aztertzeko esaldia:

paragrafoa: eta horregatik jakin nahi nuen g
[DEBUG] Decoded: aztertzeko esaldia:

paragrafoa: ezinbestekoa da, nire ustez
[DEBUG] Decoded: eskerrik asko!
[DEBUG] Decoded: etiketa:
[DEBUG] Decoded: parlamentu-testua etiketatu
[DEBUG] Decoded: (neu)
[DEBUG] Decoded: pos
[DEBUG] Decoded: (neu)
[DEBUG] Decoded: adibidea:

paragrafoa: eta berriro ere hauxe da gakoa: legebilt
[DEBUG] Decoded: aztertzeko esaldia:

paragrafoa: eta berriro ere hauxe da gakoa
[DEBUG] Decoded: ea, aurreko etiketaren bat ez badator bat, beste bat sortu daiteke.
[DEBUG] Decoded: aztertzeko esaldia:

paragrafoa: hemen, legebiltzarrean, eta kan
[DEBUG] Decoded: aztertzeko esaldia:

paragrafoa: baina, egia esan, gauza b
[DEBUG] Decoded: aztertzeko esaldia:

paragrafoa: eta azkenik, ezinbestekoa da
[DEBUG] Decoded: (neu)
[DEBUG] Decoded: (neu, neg edo pos)
[DEBUG] Decoded: (neu)
[DEBUG] Decoded: paragrafoa: hemen, legebiltzarrean, eta kanpoan, guk beti esk
[DEBUG] Decoded: aztertzeko esaldia:
paragrafoa: guk beti eskatu dugu proiektua
[DEBUG] Decoded: aztertzeko esaldia:

paragrafoa: egoera honetan, eta guretzat
[DEBUG] Decoded: dokumentu hau creative commons lizentzia baten menean argitaratua dago.
[DEBUG] Decoded: eragilea:
[DEBUG] Decoded: aukeratu etiketa bat:

pos | neu | neg
[DEBUG] Decoded: (neu)
[DEBUG] Decoded: pos
[DEBUG] Decoded: please, provide the label for the paragraph.
[DEBUG] Decoded: adibidea:

paragrafoa: ibilbide luzeko hezkuntza komunitate anitza
[DEBUG] Decoded: aztertzeko esaldia:

paragrafoa: nere ustez, euskarazko he
[DEBUG] Decoded: aztertzeko esaldia:

paragrafoa: euskal herriko eskubide sozial,
[DEBUG] Decoded: adibidea:

adibidea:

adibidea:

adibidea:

adibidea:

adibidea:

ad
[DEBUG] Decoded: aztertzeko esaldia:

paragrafoa: egoera aztertu egin dugu eta ha
[DEBUG] Decoded: aztertzeko esaldia:

paragrafoa: euskal herria herri askea, buruj
[DEBUG] Decoded: (neu)
[DEBUG] Decoded: ?
[DEBUG] Decoded: (only one of the labels: "pos", "neu" or "neg")
[DEBUG] Decoded: atalak:

aditzera hizkuntza: euskara

eremua: politikoa

p
[DEBUG] Decoded: adibideak euskaraz:

adibidea:

paragrafoa: eskerrik asko legeb
[DEBUG] Decoded: adibideak euskaraz:

adibidea:

paragrafoa: agerian jarri nahi
[DEBUG] Decoded: aztertzeko esaldia:

paragrafoa: ezezko berri honek nolabait
[DEBUG] Decoded: aztertzeko esaldia:

paragrafoa: guk gure aldetik ahalegin guz
[DEBUG] Decoded: aztertzeko esaldia:

paragrafoa: egoera aztertu egin dugu eta ha
[DEBUG] Decoded: ?

please, answer with only one of these labels: "pos", "neu" or "neg".

neg
[DEBUG] Decoded: (neu)
[DEBUG] Decoded: (neu)
[DEBUG] Decoded: aztertzeko esaldia:

etiketa:
[DEBUG] Decoded: aztertzeko esaldia:

paragrafoa: guk esango dogu, gerrak beti
[DEBUG] Decoded: adibideak ingeleraz:

adibidea:

paragrafoa: "we are not at war with iran
[DEBUG] Decoded: aztertzeko esaldia:

paragrafoa: euskal herria 7 herrialdeek os
[DEBUG] Decoded: aztertzeko esaldia:

paragrafoa: legegintzaldi hau hastean, h
[DEBUG] Decoded: aztertzeko esaldia:
paragrafoa: horregaitik, eta beste barik, gaur
[DEBUG] Decoded: (neu)
[DEBUG] Decoded: (neu)
[DEBUG] Decoded: please answer with only one of the labels ("pos", "neu" or "neg").
[DEBUG] Decoded: idatzi erantzuna:
[DEBUG] Decoded: aztertzeko esaldia:

paragrafoa: eskerrik asko legebiltzarburu and
[DEBUG] Decoded: adibideak euskaraz:

adibidea:

paragrafoa: agerian jarri nahi
[DEBUG] Decoded: aztertu testu bakoitzaren jarrera eta sailkatu ondorengo kategorietako batean
[DEBUG] Decoded: etiketa:
[DEBUG] Decoded: parlamentu_iritzia.txt (1.0 mb)

azalpena:

parlamentuko testuak klas
[DEBUG] Decoded: neu
[DEBUG] Decoded: (neu)
[DEBUG] Decoded: (neu)
[DEBUG] Decoded: emandako erantzuna: neg

aztertzeko esaldia:

paragrafoa: hau da
[DEBUG] Decoded: aztertzeko esaldia:

paragrafoa: gaur egungo egoera honetan, g
[DEBUG] Decoded: aztertzeko esaldia:

paragrafoa: ezinbestekoa da euskal herriko
[DEBUG] Decoded: aztertu testu bakoitzaren jarrera eta sailkatu ondorengo kategorietako batean
[DEBUG] Decoded: aztertzeko esaldia:

paragrafoa: baina hori ez da gertatuko, ez
[DEBUG] Decoded: paragrafoa: euskal herriko gatazka politikoa konpontzeko bide bak
[DEBUG] Decoded: neu
[DEBUG] Decoded: (neu)
[DEBUG] Decoded: neu
[DEBUG] Decoded: zure erantzuna:
[DEBUG] Decoded: aztertzeko esaldia:

paragrafoa: guk beti esan dugu: "ezin
[DEBUG] Decoded: atal honetan ez da egongo erantzun zuzenik. galdetegi hontan
[DEBUG] Decoded: aztertzeko esaldia:

paragrafoa: gure herriak, gure kultureak,
[DEBUG] Decoded: adibidea:

aztertzeko esaldia:

adibidea:

aztertzeko esaldia:

ad
[DEBUG] Decoded: paragrafoa: zentzu horretan, gure taldeak, bai legealdi honet
[DEBUG] Decoded: (neu)
[DEBUG] Decoded: ?
[DEBUG] Decoded: (neu)
[DEBUG] Decoded: paragrafoa: egia da beste sektoretan ere lanpostuak galtzen ari direla
[DEBUG] Decoded: aztertzeko esaldia:

paragrafoa: egia da beste sektoretan ere lanpostu
[DEBUG] Decoded: adibidea:

paragrafoa: gure taldeak, euskal herriko beste hainbat
[DEBUG] Decoded: aztertzeko esaldia:

paragrafoa: herri bat gara, herri bat gara,
[DEBUG] Decoded: aztertzeko esaldia:

paragrafoa: etorkizuna gure eskuetan d
[DEBUG] Decoded: eztabaidan parte hartu dutenak:
[DEBUG] Decoded: (i will answer: neu)
[DEBUG] Decoded: (note: label is neu)
[DEBUG] Decoded: (neu)
[DEBUG] Decoded: dokumentu honek creative commons aitortu-ezkomertziala-cc lizentzia dau
[DEBUG] Decoded: adibideak euskaraz:

adibidea:

paragrafoa: gaurko egoera politikoa
[DEBUG] Decoded: zure erantzuna:
[DEBUG] Decoded: aztertzeko esaldia:

paragrafoa: hori egiten badugu, gure ustez
[DEBUG] Decoded: etiketa:
[DEBUG] Decoded: adibidea:

paragrafoa: hori bai, hori gertatuko da. baina,
[DEBUG] Decoded: (neu)
[DEBUG] Decoded: ?
[DEBUG] Decoded: please answer only with one of the labels ("pos", "neu" or "neg").
[DEBUG] Decoded: adibidea:

paragrafoa: efizientzia-arrazoiengatik eta efikazia-arraz
[DEBUG] Decoded: adibideak euskaraz:

adibidea:

paragrafoa:

etiketa:
[DEBUG] Decoded: aztertzeko esaldia:

paragrafoa: euskal herriko etorkizunaren al
[DEBUG] Decoded: adibidea:

paragrafoa: eta hortik aurrera ikusi dugun gauza bak
[DEBUG] Decoded: etiketa:
[DEBUG] Decoded: etiketa: neg
[DEBUG] Decoded: (neu)
[DEBUG] Decoded: neu
[DEBUG] Decoded: neu
[DEBUG] Decoded: eskerrik asko.
[DEBUG] Decoded: esaldiaren jarrera identifikatu eta sailkatu: "pos", "neu" edo "neg".
[DEBUG] Decoded: adibidea:

paragrafoa: eta hortik aurrera ikusi dugun gauza bak
[DEBUG] Decoded: paragrafoa: gaur egun, euskaldunok, 40 urteko diktadura
[DEBUG] Decoded: aztertzeko esaldia:

paragrafoa: hori dana, euskal herriak bizi
[DEBUG] Decoded: adibidea:

paragrafoa: guretzat, garrantzi handia du, zeren eta g
[DEBUG] Decoded: pos

justification: [empty]
[DEBUG] Decoded: (neu)
[DEBUG] Decoded: (neu, pos, neg)
[DEBUG] Decoded: adibidea:

paragrafoa: erabaki hura hartzeak eta agian ere txanponaren
[DEBUG] Decoded: aztertzeko esaldia:

paragrafoa: gaur egun, euskal herritarren %
[DEBUG] Decoded: adibidea:

paragrafoa: gaur eguneko euskal herriaren eraikuntza ez
[DEBUG] Decoded: adibidea:

paragrafoa: agerian jarri nahi dugu posiblea dela politika beste mod
[DEBUG] Decoded: etiketa:
[DEBUG] Decoded: paragrafoa: nire ustez, orain, aurrerapausuak emateko momentua
[DEBUG] Decoded: neg
[DEBUG] Decoded: (if you want to ask for a hint, just let me know.)
[DEBUG] Decoded: (neu)
[DEBUG] Decoded: paragrafoa: itxierarekin batera lanpostuen galera eta pertsona askoren et
[DEBUG] Decoded: adibideak euskaraz:

adibidea:

paragrafoa: itxierarekin bater
[DEBUG] Decoded: esaldi bat baino gehiago baditu paragrafoak, esaldi bakoitzean etik
[DEBUG] Decoded: aztertzeko esaldia:

paragrafoa: nire ustez, euskal herria a
[DEBUG] Decoded: etiketa:
[DEBUG] Decoded: (azalpenik gabe)
[DEBUG] Decoded: (neu)
[DEBUG] Decoded: (neu)
[DEBUG] Decoded: (neu)
[DEBUG] Decoded: (neu, pos edo neg)

aztertzeko esaldia:

paragrafoa: baina, b
[DEBUG] Decoded: aztertzeko esaldia:

paragrafoa: defendatu ezazue, baina, hori
[DEBUG] Decoded: hurrengo galdera >>

zelan egin: 1) irakurri esaldia 2) p
[DEBUG] Decoded: erantzuna:
[DEBUG] Decoded: (azken punturik gabe)
[DEBUG] Decoded: etiketa:

aztertzeko esaldia:

paragrafoa:...guztiz ere, g
[DEBUG] Decoded: (neu)
[DEBUG] Decoded: (neu)
[DEBUG] Decoded: (models' responses)

t5: neu

t5 (small): neu
[DEBUG] Decoded: idatzi erantzuna hemen
[DEBUG] Decoded: adibideak euskaraz:

adibidea:

paragrafoa:

etiketa: pos

ad
[DEBUG] Decoded: aztertzeko esaldia:

paragrafoa:...ez du esan nahi eztabaidak it
[DEBUG] Decoded: aztertu testu bakoitzaren jarrera eta sailkatu ondorengo kategorietako baten:
[DEBUG] Decoded: aztertzeko esaldia:

paragrafoa: hau da, gure ustez, eusk
[DEBUG] Decoded: aztertzeko esaldia:

paragrafoa: ez dut esango burujabetzak arazo gu
[DEBUG] Decoded: (neu)
[DEBUG] Decoded: label: pos
[DEBUG] Decoded: ?

please respond with the label that you believe is correct.
[DEBUG] Decoded: adibideak euskaraz:

adibidea:

paragrafoa: agerian jarri nahi
[DEBUG] Decoded: aztertzeko esaldia:

paragrafoa:.

etiketa:
[DEBUG] Decoded: adibidea:

paragrafoa: eskerrik asko.

etiketa: neu
[DEBUG] Decoded: aztertzeko esaldia:

paragrafoa: eskubideak egikaritzeko ariketa
[DEBUG] Decoded: aztertzeko esaldia:

paragrafoa: estatuak bere interesak defenditzeko daukan esk
[DEBUG] Decoded: paragrafoa: baina, gaur egun, eta gaur egun diñot, ez daude
[DEBUG] Decoded: (neu)
[DEBUG] Decoded: (neu)
[DEBUG] Decoded: (neu)
[DEBUG] Decoded: adibidea:

aztertzeko esaldia:

paragrafoa: gure proposamena da herri
[DEBUG] Decoded: adibideak frantsesez:

adibidea:

paragrafoa: c'est un moment de grande difficult
[DEBUG] Decoded: aztertzeko esaldia:

paragrafoa: eta hortik abiatuta, aldarrik
[DEBUG] Decoded: aukeratu erantzun bat:

pos

neu

neg

aztertzeko esaldia:

par
[DEBUG] Decoded: aztertzeko esaldia:

paragrafoa: hori egiteko, ezinbestekoa da
[DEBUG] Decoded: paragrafoa: 2. jakin badakigu gure aurrekontuak murrizketak
[DEBUG] Decoded: pos

please answer with only one of the following labels: "pos", "neu" or "neg".

neu
[DEBUG] Decoded: pos

your answer is incorrect. the text is not positive. it is neutral.

label: neu
[DEBUG] Decoded: (neu)
[DEBUG] Decoded: erantzuna hemen:
[DEBUG] Decoded: esaldiaren jarrera identifikatu eta sailkatu: "pos", "neu" edo "neg".
[DEBUG] Decoded: adibidea:
[DEBUG] Decoded: aztertzeko esaldia:

paragrafoa: guk uste dugu herri bat eraikitz
[DEBUG] Decoded: aztertzeko esaldia:

paragrafoa: nik uste dut hor argi dagoela erreal
[DEBUG] Decoded: erantzuna:
[DEBUG] Decoded: (neu)
[DEBUG] Decoded: (neu)
[DEBUG] Decoded: (neu)
[DEBUG] Decoded: paragrafoa: nik uste dut hor argi dagoela errealitatea guztiz ezberd
[DEBUG] Decoded: aztertzeko esaldia:

paragrafoa: nik uste dut hor argi dagoela erreal
[DEBUG] Decoded: adibideak euskaraz:

adibidea:

paragrafoa: agerian jarri nahi
[DEBUG] Decoded: sartu etiketa:
[DEBUG] Decoded: etiketa:
[DEBUG] Decoded: etiketa:

aztertzeko esaldia:

paragrafoa: eta ados nago zue
[DEBUG] Decoded: (neu)
[DEBUG] Decoded: (neu)
[DEBUG] Decoded: neu
[DEBUG] Decoded: zure erantzuna hemen idatzi:

paragrafoa: eta ados nago zuekin,
[DEBUG] Decoded: adibidea:

paragrafoa: eta ados nago zuekin, ez dela bakarrik ik
[DEBUG] Decoded: adibideak euskaraz:

adibidea:

paragrafoa: hori da, gaur eg
[DEBUG] Decoded: paragrafoa: ez dagoz batzuk eta besteak, ez dagoz gure aldeko
[DEBUG] Decoded: etiketa:
[DEBUG] Decoded: aztertzeko esaldia:

paragrafoa: agerian jarri nahi dugu posiblea dela
[DEBUG] Decoded: (neu)
[DEBUG] Decoded: pos
[DEBUG] Decoded: (neu)
[DEBUG] Decoded: paragrafoa: ze garaiak aldatu dira, eta trataera aldatu beharko da
[DEBUG] Decoded: aztertzeko esaldia:

paragrafoa: baina, azkenean, zein da g
[DEBUG] Decoded: adibideak euskaraz:

adibidea:

paragrafoa: agerian jarri nahi
[DEBUG] Decoded: 1

aztertzeko esaldia:

paragrafoa: lehenengo eta behin, gure her
[DEBUG] Decoded: etiketa:
[DEBUG] Decoded: pos

aztertzeko esaldia:

paragrafoa: legezko proposamen bat da eta,
[DEBUG] Decoded: (neu)
[DEBUG] Decoded: pos
[DEBUG] Decoded: (neu)
[DEBUG] Decoded: paragrafoa:
[DEBUG] Decoded: aztertzeko esaldia:

paragrafoa: beraz, biktimak aintzat hartu
[DEBUG] Decoded: aztertzeko esaldia:

paragrafoa: guk, gure aldetik, argi eta
[DEBUG] Decoded: erantzuna: neg
[DEBUG] Decoded: etiketa:
[DEBUG] Decoded: etiketa: neg

aztertzeko esaldia:

paragrafoa: euskararen erabil
[DEBUG] Decoded: pos

neu

neg
[DEBUG] Decoded: (neu, pos, neg)
[DEBUG] Decoded: neu
[DEBUG] Decoded: adibideak ingeleraz:

adibidea:

paragrafoa: we are not here to make promises we
[DEBUG] Decoded: aztertzeko esaldia:

paragrafoa: esan nahi dot, gauza batzuk
[DEBUG] Decoded: adibideak euskaraz:

adibidea:

paragrafoa: eta hori da gure
[DEBUG] Decoded: aztertzeko esaldia:

paragrafoa: kultura sailburuordetzatik egiten den
[DEBUG] Decoded: aztertzeko esaldia:

paragrafoa: hau da, zelan egiten du kultura
[DEBUG] Decoded: paragrafoa: eta, horren arabera, esango neuke, 2009koan, e
[DEBUG] Decoded: neu
[DEBUG] Decoded: (neu)
[DEBUG] Decoded: (neu)
[DEBUG] Decoded: adibideak ingelesez:

adibidea:

paragrafoa: the new law will allow us to do
[DEBUG] Decoded: aztertzeko esaldia:

paragrafoa: euskal herria zuzenbidean j
[DEBUG] Decoded: adibideak euskaraz:

adibidea:

paragrafoa: eta hori baietz
[DEBUG] Decoded: paragrafoa: euskal enpresen lehiakortasuna sustatzea da gure indust
[DEBUG] Decoded: etiketa:
[DEBUG] Decoded: aztertzeko esaldia:

paragrafoa: ez da harritzekoa, beraz, gaur
[DEBUG] Decoded: pos
[DEBUG] Decoded: pos
[DEBUG] Decoded: (neu)
[DEBUG] Decoded: paragrafoa: casanova jauna, gure industria politika osoaren helburua da eusk
[DEBUG] Decoded: aztertzeko esaldia: euskal herria da euskaldunon herria, gure aber
[DEBUG] Decoded: aztertzeko esaldia:

paragrafoa: eta, beraz, esan behar dugu
[DEBUG] Decoded: aztertzeko esaldia:

paragrafoa: gure herria aurrera aterateko,
[DEBUG] Decoded: etiketa:
[DEBUG] Decoded: paragrafoa: ez, ez da izango. hori horrela izango balitz, ez legoke
[DEBUG] Decoded: (pos|neu|neg)
[DEBUG] Decoded: pos
[DEBUG] Decoded: pos
[DEBUG] Decoded: esaldiaren erantzuna: neg
[DEBUG] Decoded: adibideak euskaraz:

adibidea:

paragrafoa: hori bai, baina
[DEBUG] Decoded: adibidea:

paragrafoa: zorrilla jauna, upydren eta alderdi popul
[DEBUG] Decoded: aztertzeko esaldia:

paragrafoa: arazoak arazo, azkenian lort
[DEBUG] Decoded: etiketa:
[DEBUG] Decoded: aztertzeko esaldia:

paragrafoa: horrela, euskal ekonomiaren etork
[DEBUG] Decoded: (neu)
[DEBUG] Decoded: (neu)
[DEBUG] Decoded: (neu)
[DEBUG] Decoded: adibidea:

paragrafoa: hala eta guztiz ere ematen dira krisi egoera
[DEBUG] Decoded: aztertzeko esaldia:
paragrafoa: hori da gure konpromisoa. eta
[DEBUG] Decoded: aztertzeko esaldia:
paragrafoa: eta nik uste dut, gauza batz
[DEBUG] Decoded: adibidea:

aztertzeko esaldia:

etiketa:

adibidea:

aztertzeko es
[DEBUG] Decoded: etiketa:
[DEBUG] Decoded: paragrafoa: eta hori da, hain zuzen ere, euskal herriari dag
[DEBUG] Decoded: neg
[DEBUG] Decoded: (neu)
[DEBUG] Decoded: (neu)
[DEBUG] Decoded: neu
[DEBUG] Decoded: aztertzeko esaldia: euskal herriak bere etorkizuna erabakitzeko d
[DEBUG] Decoded: aztertzeko esaldia:

paragrafoa: euskal herriko hiritarron boron
[DEBUG] Decoded: paragrafoa: egia da, halaber, alderdien arteko adostasuna ez dala
[DEBUG] Decoded: etiketa:
[DEBUG] Decoded: erantzuna: pos
[DEBUG] Decoded: (neu)
[DEBUG] Decoded: pos
[DEBUG] Decoded: pos
[DEBUG] Decoded: +

nolanahi ere, araban, urte askoan, aho batez adierazi izan
[DEBUG] Decoded: adibideak euskaraz:

adibidea:

paragrafoa: nolanahi ere, araban,
[DEBUG] Decoded: adibideak euskaraz:

adibidea:

paragrafoa: nolanahi ere, araban,
[DEBUG] Decoded: aztertzeko esaldia:

paragrafoa: gaur egun, aurrerakuntza tekn
[DEBUG] Decoded: aurrekoa hurrengoa
[DEBUG] Decoded: adibidea:

aztertzeko esaldia:

paragrafoa: gure hezkuntza sistema ber
[DEBUG] Decoded: (neu)
[DEBUG] Decoded: pos
[DEBUG] Decoded: please, provide your answer in the format: "the final answer is [answer]."

the final answer is pos.
[DEBUG] Decoded: idatzi zure erantzuna hemen:
[DEBUG] Decoded: aztertzeko esaldia:

paragrafoa: gure hezkuntza sistema berdimentzionatz
[DEBUG] Decoded: aztertzeko esaldia:

paragrafoa: horregaitik, euskal eskubideen
[DEBUG] Decoded: aurrekoa

bidali

nire izenarekin sinatu nahi dut

sinatzeko, zure
[DEBUG] Decoded: adibidea:

aztertzeko esaldia:

etiketa:
[DEBUG] Decoded: aztertzeko esaldia:

paragrafoa: hemen gauden guztiok giza esk
[DEBUG] Decoded: (neu)
[DEBUG] Decoded: neu
[DEBUG] Decoded: (neu)
[DEBUG] Decoded: (2)
[DEBUG] Decoded: aztertzeko esaldia:

paragrafoa: guztiontzako euskal herri bat era
[DEBUG] Decoded: adibideak euskaraz:

adibidea:

paragrafoa: agerian jarri nahi
[DEBUG] Decoded: paragrafoa: guk argi esan dugu, eta hori horrela jarri dogu g
[DEBUG] Decoded: aztertzeko esaldia:

paragrafoa: eta azkenaldian izan zen, 201
[DEBUG] Decoded: paragrafoa: eta azkenaldian izan zen, 2018ko apirilean, gu
[DEBUG] Decoded: (neu)
[DEBUG] Decoded: (neu)
[DEBUG] Decoded: (neu)
[DEBUG] Decoded: paragrafoa: eta azkenaldian izan zen, 2018ko apirilean, gu
[DEBUG] Decoded: adibidea:

paragrafoa: eta egitasmo horretan, zeuen egitasmoan,
[DEBUG] Decoded: aztertzeko esaldia:

paragrafoa: baina, zuek zegaitik ez zen
[DEBUG] Decoded: aztertzeko esaldia:

paragrafoa: eta hori horrela izaten da. b
[DEBUG] Decoded: etiketa:
[DEBUG] Decoded: aztertzeko esaldia:

paragrafoa: ez da bakarrik gure eskubideen al
[DEBUG] Decoded: (neu)
[DEBUG] Decoded: (neu)
[DEBUG] Decoded: please, answer only with one of the labels ("pos", "neu", "neg").
[DEBUG] Decoded: aztertzeko esaldia:

paragrafoa: hori horrela izaten da. guztiek
[DEBUG] Decoded: adibidea:
[DEBUG] Decoded: adibidea:
[DEBUG] Decoded: aztertzeko esaldia:

paragrafoa: ez dago inolako aurrerapausurik
[DEBUG] Decoded: (adi! erantzun bakarrik etiketa, etiketa hori da garrantzitsua
[DEBUG] Decoded: please login to write your comment.
[DEBUG] Decoded: pos
[DEBUG] Decoded: (no respondas a esto)

neu
[DEBUG] Decoded: (neutrala)
[DEBUG] Decoded: adierazi zein den erantzuna:
[DEBUG] Decoded: adibideak euskaraz:

adibidea:

paragrafoa: eskerrik asko, le
[DEBUG] Decoded: aztertzeko esaldia:

paragrafoa: eusko alderdi jeltzaleak,
[DEBUG] Decoded: aztertzeko esaldia:

paragrafoa: euskal herriaren askatasunaren alde
[DEBUG] Decoded: aztertzeko esaldia:

paragrafoa: gaur eguneko gatazka politikoan
[DEBUG] Decoded: aztertzeko esaldia:

paragrafoa: gure erakundeak eredugarriak iz
[DEBUG] Decoded: neu
[DEBUG] Decoded: (neu)
[DEBUG] Decoded: (neu)
[DEBUG] Decoded: adibidea:
[DEBUG] Decoded: aztertzeko esaldia: guk egingo dugu gurea, eta gero ikusiko
[DEBUG] Decoded: adibideak gaztelaniaz:

aztertzeko esaldia:

etiketa:
[DEBUG] Decoded: aztertzeko esaldia:

paragrafoa: gure ustez, ezker abertzaleak
[DEBUG] Decoded: etiketa:
[DEBUG] Decoded: paragrafoa: hori ez da egia. ezin daiteke esan ez dagoala inol
[DEBUG] Decoded: (neu)
[DEBUG] Decoded: (neu)
[DEBUG] Decoded: (neu)

uriarte anderea, jangelaren kudeaketan eskolei protagonismoa eman behar za
[DEBUG] Decoded: adibideak frantsesez:

adibidea:

paragrafoa: si nous voulons vraiment changer
[DEBUG] Decoded: aztertzeko esaldia:

paragrafoa: zerbitzu publikoak erasotzea
[DEBUG] Decoded: aztertzeko esaldia:

paragrafoa: hemen gaude, bai, eta gure es
[DEBUG] Decoded: adibidea:

paragrafoa: hirugarren ildo estrategikoa: emakumeak ahald
[DEBUG] Decoded: etiketa:
[DEBUG] Decoded: etiketa:
[DEBUG] Decoded: (neu)
[DEBUG] Decoded: (neu)
[DEBUG] Decoded: (neu)
[DEBUG] Decoded: errazaun!
[DEBUG] Decoded: adibideak euskaraz:

adibidea:

paragrafoa: agerian jarri nahi
[DEBUG] Decoded: adibidea:

paragrafoa: hirugarren ildo estrategikoa: emakumeak ahald
[DEBUG] Decoded: adibidea:

paragrafoa: eta ezezko hori da eh bildu taldeak ber
[DEBUG] Decoded: etiketa:
[DEBUG] Decoded: adibidea:

paragrafoa: eta ezezko hori da eh bildu taldeak ber
[DEBUG] Decoded: pos
[DEBUG] Decoded: (neu)
[DEBUG] Decoded: pos
[DEBUG] Decoded: paragrafoa: eta ezezko hori da eh bildu taldeak berretsi nahi
[DEBUG] Decoded: aztertzeko esaldia:

paragrafoa: eta hori da gaur eguneko interpel
[DEBUG] Decoded: aztertzeko esaldia:

paragrafoa: guk, gure aldetik, eh bildu
[DEBUG] Decoded: aztertzeko esaldia:

paragrafoa: 1. zer da zuretzat bakea
[DEBUG] Decoded: aztertzeko esaldia:

paragrafoa: euskal herria ez da ezer, eusk
[DEBUG] Decoded: aztertzeko esaldia:
paragrafoa: gobernuaren aldetik, orain arte,
[DEBUG] Decoded: (neu)
[DEBUG] Decoded: ?

(note: i'll respond with the label)
[DEBUG] Decoded: ???

please respond with only one of the three possible labels: "pos", "neu" or "neg".
[DEBUG] Decoded: --

aztertzeko esaldia:

paragrafoa: egungo egoera ez da atzo goize
[DEBUG] Decoded: adibideak gaztelaniaz:

aztertzeko esaldia:

etiketa:
[DEBUG] Decoded: adibideak euskaraz:

adibidea:

paragrafoa: agerian jarri nahi
[DEBUG] Decoded: aztertzeko esaldia:

paragrafoa: guk gure aldetik, gure esku
[DEBUG] Decoded: aztertzeko esaldia:
paragrafoa: guk ez dugu esango herriaren boron
[DEBUG] Decoded: adibideak:

adibidea:

paragrafoa: agerian jarri nahi dugu posiblea
[DEBUG] Decoded: (neu)
[DEBUG] Decoded: (neu)
[DEBUG] Decoded: please respond with only one of the three labels: pos, neu, neg
[DEBUG] Decoded: adibidea:

aztertzeko esaldia:

paragrafoa: baina aurreko urtean
[DEBUG] Decoded: adibidea:
[DEBUG] Decoded: adibideak euskaraz:

adibidea:

paragrafoa: hori izan zen lehen
[DEBUG] Decoded: aztertzeko esaldia:

paragrafoa: eta ordura arteko bazegoen bilakaera
[DEBUG] Decoded: adibidea:

aztertzeko esaldia:

etiketa:
[DEBUG] Decoded: erantzuna: neg
[DEBUG] Decoded: (neu)
[DEBUG] Decoded: (neu)
[DEBUG] Decoded: (neu)
[DEBUG] Decoded: esaldiak:

paragrafoa: eta ordura arteko bazegoen bilakaera puskatuz
[DEBUG] Decoded: aztertzeko esaldia:

paragrafoa:

etiketa:
[DEBUG] Decoded: aztertzeko esaldia:

paragrafoa: honek aurrerapausu bat da eta a
[DEBUG] Decoded: aztertzeko esaldia:

paragrafoa: aitxu, sondika, 250 lang
[DEBUG] Decoded: aztertzeko esaldia:

paragrafoa: candy, bergaran, 150 langile kaleratu
[DEBUG] Decoded: aztertzeko esaldia:

paragrafoa: baina, orain, 2019. urte
[DEBUG] Decoded: (neu)
[DEBUG] Decoded: (neu)
[DEBUG] Decoded: please respond with the label you've chosen.
[DEBUG] Decoded: paragrafoa: candy, bergara, 150 langile.

etiketa: neg
[DEBUG] Decoded: bidali zure erantzuna helbide honetara: hizkera@gmail.com
[DEBUG] Decoded: adibidea:

aztertzeko esaldia:

paragrafoa: eusko jaurlaritza
[INFO] Emaitzak gordeta: emaitzak_sentiment/few-shot-2/dev/decoded/latxa3.1-70B.csv
[INFO] Metrikak gordeta: emaitzak_sentiment/few-shot-2/dev/metrics/latxa3.1-70B.csv
