Modeloa kargatzen...
Modeloa kargatuta.
Development datuekin sentiment analysis egiten...
[DEBUG] Decoded: paragrafoa: bestetik, eusko jaurlaritzak eta foru aldundiek literatura
[DEBUG] Decoded: etiketa:
[DEBUG] Decoded: pos
[DEBUG] Decoded: neu
[DEBUG] Decoded: neu
[DEBUG] Decoded: neu
[DEBUG] Decoded: url: https://www.euskadi.eus/w21-123500/eu/hizt/eus/164900
[DEBUG] Decoded: paragrafoa: bestetik, eusko jaurlaritzak 2018ko azaroan aurke
[DEBUG] Decoded: neg
[DEBUG] Decoded: bidali
[DEBUG] Decoded: adibidez: neu
[DEBUG] Decoded: bidali
[DEBUG] Decoded: please,
[DEBUG] Decoded: neu
[DEBUG] Decoded: neu
[DEBUG] Decoded: bidali
[DEBUG] Decoded: sailkapena:
[DEBUG] Decoded: positiboa

negatiboa

neutroa

bidali

nork ez ditu kontra
[DEBUG] Decoded: (neu)

aditza: da

etiketa: (neu)

aditza: du

etik
[DEBUG] Decoded: paragrafoa: gure proiektuak elkarbizitza sustatzea du oinarri
[DEBUG] Decoded: testuingurua: giza eskubideen aldeko eta arrazakeriaren aurkako ekimen
[DEBUG] Decoded: neu
[DEBUG] Decoded: neu
[DEBUG] Decoded: neu
[DEBUG] Decoded: testuingurua: europako kultur hiriburuaren harira, donostia  europako hirib
[DEBUG] Decoded: paragrafoa: donostia 2016 proiektuaren baitan,

etiketa: pos
[DEBUG] Decoded: paragrafoa: horregatik, gure proiektuaren xedea elkarbizitza,
[DEBUG] Decoded: neu
[DEBUG] Decoded: positiboa

aztertzeko esaldia:

etiketa:
[DEBUG] Decoded: pos

azalpena: esaldi horretan parlamentuko testu baten jarrera zehaztu beh
[DEBUG] Decoded: neu
[DEBUG] Decoded: neu
[DEBUG] Decoded: neg
[DEBUG] Decoded: testuingurua: espainiako gobernuak hainbat lege proposatu ditu enp
[DEBUG] Decoded: esaldia: defendatu ezazue hori bera diputatuen kongresuan.

esaldiaren
[DEBUG] Decoded: gorde

paragrafoa: eta,. eta gogoratu, baita ere, g
[DEBUG] Decoded: neu
[DEBUG] Decoded: esaldi zuzena:
[DEBUG] Decoded: - "neg"
[DEBUG] Decoded: neu
[DEBUG] Decoded: neu
[DEBUG] Decoded: neu
[DEBUG] Decoded: paragrafoa: beste alde batetik, erabakitzeko eskubideak, nire uste
[DEBUG] Decoded: neg

paragrafoa: gaur eguneko kontu bat delako hau erabakitzeko g
[DEBUG] Decoded: erantzuna:
[DEBUG] Decoded: esaldia: enpresako zuzendaritzak kaleratzeen bidez murriztu n
[DEBUG] Decoded: etiketa:
[DEBUG] Decoded: paragrafoa: arkemak, enpresa frantsesak, alonsotegiko lanteg
[DEBUG] Decoded: the answer is: neu
[DEBUG] Decoded: neu
[DEBUG] Decoded: neu
[DEBUG] Decoded: ezabatu

unitate sarrera

erantzuna:

bidali

sarrera berria

0 errorea
[DEBUG] Decoded: pos: positiboa,

neu: neutrala,

neg: negatiboa.

adibidez:
[DEBUG] Decoded: paragrafoa: arkema alonsotegi. langileak, 60. 2013ko o
[DEBUG] Decoded: neu

aztertzeko esaldia:

etiketa:
[DEBUG] Decoded: etiketa:
[DEBUG] Decoded: neg

aztertzeko esaldia:

paragrafoa: euskadi da irakaskuntza p
[DEBUG] Decoded: neu
[DEBUG] Decoded: neu
[DEBUG] Decoded: neu
[DEBUG] Decoded: neu
[DEBUG] Decoded: pos

aztertzeko esaldia:

etiketa:

aztertzeko esaldia:

etiketa
[DEBUG] Decoded: neg
[DEBUG] Decoded: neu

aztertzeko esaldia:

paragrafoa: gaztela eta leongo gobernu
[DEBUG] Decoded: etiketa:
[DEBUG] Decoded: etiketa:
[DEBUG] Decoded: neu
[DEBUG] Decoded: neu
[DEBUG] Decoded: pos
[DEBUG] Decoded: neu
[DEBUG] Decoded: esaldia: hala

esaldiaren jarrera: pos

esaldia: 2013ko ekain
[DEBUG] Decoded: etiketa: neg
[DEBUG] Decoded: paragrafoa: gure herriaren etorkizunaz pentsatzen dudanean, gau
[DEBUG] Decoded: etiketa:
[DEBUG] Decoded: neg
[DEBUG] Decoded: neg
[DEBUG] Decoded: neg
[DEBUG] Decoded: neg
[DEBUG] Decoded: neg
[DEBUG] Decoded: paragrafoa: euskararen aholku batzordea euskal autonomia erkidego
[DEBUG] Decoded: paragrafoa: ez du inolako oinarririk, aurreiritzi politikoez eta j
[DEBUG] Decoded: neu

aztertzeko esaldia:

etiketa:
[DEBUG] Decoded: emandako etiketa zuzena da?
[DEBUG] Decoded: neg
[DEBUG] Decoded: neu
[DEBUG] Decoded: neu
[DEBUG] Decoded: neu
[DEBUG] Decoded: neu
[DEBUG] Decoded: pos/neu/neg

paragrafoa: gizonen kasuan,

etiketa: neg

par
[DEBUG] Decoded: bidali
[DEBUG] Decoded: neu
[DEBUG] Decoded: etiketa zuzena da?
[DEBUG] Decoded: bidali
[DEBUG] Decoded: pos
[DEBUG] Decoded: neu
[DEBUG] Decoded: pos
[DEBUG] Decoded: bidali
[DEBUG] Decoded: pos neg neu
[DEBUG] Decoded: bidali

paragrafoa: eta,

etiketa: neg

bidali

paragrafoa
[DEBUG] Decoded: bidali

kargatzen...

izena (beharrezkoa)

e-posta (beharrezkoa
[DEBUG] Decoded: dokumentua amaitzean, sakatu "bidali" botoia erantzunak jasotzeko
[DEBUG] Decoded: bidali
[DEBUG] Decoded: neg
[DEBUG] Decoded: neu
[DEBUG] Decoded: neg
[DEBUG] Decoded: bidali
[DEBUG] Decoded: paragrafoa: euskal herriko biztanleen % 80k baino gehiagok e
[DEBUG] Decoded: etiketa: neg
[DEBUG] Decoded: neu

aztertzeko esaldia:

etiketa:
[DEBUG] Decoded: etiketa:
[DEBUG] Decoded: paragrafoa: eta hori ez da egia, eta hori da urrutia jaunak
[DEBUG] Decoded: neg
[DEBUG] Decoded: neg
[DEBUG] Decoded: neu
[DEBUG] Decoded: neu
[DEBUG] Decoded: esaldiaren jarrera identifikatu eta sailkatu: "pos", "neu" edo "neg".
[DEBUG] Decoded: paragrafoa: eta hori, noski, ezin da ahaztu, hori ezin da
[DEBUG] Decoded: neu
[DEBUG] Decoded: etiketa:
[DEBUG] Decoded: paragrafoa: horietatik 30rek dituzte berdintasun klausulak txert
[DEBUG] Decoded: neu
[DEBUG] Decoded: neu
[DEBUG] Decoded: neu
[DEBUG] Decoded: neu
[DEBUG] Decoded: paragrafoa: horietatik 30rek dituzte berdintasun klausulak txert
[DEBUG] Decoded: neg

azalpena: ez dago 30 klausula, baizik eta 30 espediente.
[DEBUG] Decoded: neu

aztertzeko esaldia:

etiketa:
[DEBUG] Decoded: etiketa:
[DEBUG] Decoded: neg
[DEBUG] Decoded: neu
[DEBUG] Decoded: pos
[DEBUG] Decoded: pos
[DEBUG] Decoded: etiketa: neu

etiketa: neg

etiketa: pos

etiketa: neu

et
[DEBUG] Decoded: pos

paragrafoa: gobernuak itunpetutako zentroei atxikitutako
[DEBUG] Decoded: etiketa: neg

etiketa: neg

etiketa: neg
[DEBUG] Decoded: neg

aztertzeko esaldia:

etiketa:
[DEBUG] Decoded: dokumentu mota: irakaskuntza

paragrafoa: lurraldeek ez d
[DEBUG] Decoded: testuingurua:
[DEBUG] Decoded: neu
[DEBUG] Decoded: neg
[DEBUG] Decoded: neu
[DEBUG] Decoded: iruzkinik egin nahi?

bidali

lagundu nahi duzu? jarri harre
[DEBUG] Decoded: adibideak:

paragrafoa: ez du eskubiderik.

etiketa: neg

adib
[DEBUG] Decoded: neg

aztertzeko esaldia:

paragrafoa: ez dago eskubiderik, ez d
[DEBUG] Decoded: aztertzeko esaldia:

paragrafoa: gaur goizean, agertu zaizk
[DEBUG] Decoded: ados zaude?
[DEBUG] Decoded: neg

aztertzeko esaldia:

etiketa:
[DEBUG] Decoded: neu
[DEBUG] Decoded: neu
[DEBUG] Decoded: neu
[DEBUG] Decoded: paragrafoa: nahiz eta egia da gaur bertan agertzen den espainiaren eskumen
[DEBUG] Decoded: esaldiaren jarrera identifikatu eta sailkatu: "pos", "neu" edo "neg".
[DEBUG] Decoded: paragrafoa: ez dugu hori gogoratzen,
[DEBUG] Decoded: aukeratu etiketa bat

positiboa

neutroa

negatiboa

bid
[DEBUG] Decoded: paragrafoa: guk uste dugu euskarak ere behar dituela hainbat erabaki
[DEBUG] Decoded: - "pos" (positiboa)

- "neu" (neutroa)

- "neg" (
[DEBUG] Decoded: neu
[DEBUG] Decoded: neu
[DEBUG] Decoded: neu
[DEBUG] Decoded: erantzuna: neu
[DEBUG] Decoded: esaldiaren jarrera identifikatu eta sailkatu: "pos", "neu" edo "neg".
[DEBUG] Decoded: pos

paragrafoa: eta, gero, gainera, zeharka bada ere,
[DEBUG] Decoded: neu

aztertzeko esaldia:

etiketa:
[DEBUG] Decoded: neu
[DEBUG] Decoded: pos
[DEBUG] Decoded: pos
[DEBUG] Decoded: pos
[DEBUG] Decoded: neu
[DEBUG] Decoded: neu
[DEBUG] Decoded: esaldia: zorrilla jaunak ondo azaldu duenez, zain geunden aspalditik
[DEBUG] Decoded: neg

paragrafoa: eta gainera, nik uste dut, eta hemen amaituko dut,
[DEBUG] Decoded: neu
[DEBUG] Decoded: etiketa:
[DEBUG] Decoded: etiketa:
[DEBUG] Decoded: neu
[DEBUG] Decoded: neg
[DEBUG] Decoded: neu
[DEBUG] Decoded: testuingurua: gaztela eta leongo estatutuaren proiektuaren inguruan eg
[DEBUG] Decoded: **ez idatzi beste ezer.**

aztertzeko esaldia:

etiketa:
[DEBUG] Decoded: neg
[DEBUG] Decoded: esaldia: hori da, bai, baina hori da. etiketa: neu

esald
[DEBUG] Decoded: etiketa:
[DEBUG] Decoded: testuaren paragrafoa: gainera, kontutan hartuta orduan gobernuaren burua
[DEBUG] Decoded: (neu)
[DEBUG] Decoded: neu
[DEBUG] Decoded: (neu)
[DEBUG] Decoded: neu
[DEBUG] Decoded: paragrafoa: eta ez zen, ez zen bakarrik,ez zen bakarrik,ez zen bak
[DEBUG] Decoded: etiketa:
[DEBUG] Decoded: neu
[DEBUG] Decoded: paragrafoa: zerrenda irekiak, alderdien esku egon ordez, giz
[DEBUG] Decoded: idatzi hemen zure erantzuna:
[DEBUG] Decoded: pos
[DEBUG] Decoded: neu
[DEBUG] Decoded: neu
[DEBUG] Decoded: neu
[DEBUG] Decoded: esaldiaren jarrera identifikatu eta sailkatu: "pos", "neu" edo "neg".
[DEBUG] Decoded: argitze-oharrak:
[DEBUG] Decoded: bidali

paragrafoa: horregatik abstenitu gara.

etiketa: neg

bidali
[DEBUG] Decoded: dokumentuaren iturburua:

etiketa zuzena da.
[DEBUG] Decoded: pos
[DEBUG] Decoded: neu
[DEBUG] Decoded: neu
[DEBUG] Decoded: neu
[DEBUG] Decoded: neu
[DEBUG] Decoded: paragrafoa: 2019ko abenduan,

etiketa: neg

paragrafoa:
[DEBUG] Decoded: neu
[DEBUG] Decoded: neu

aztertzeko esaldia:

etiketa:
[DEBUG] Decoded: neu
[DEBUG] Decoded: paragrafoa: horixe defendatu dugu legebiltzarrean eta horixe defendatu dugu beste
[DEBUG] Decoded: pos
[DEBUG] Decoded: neu
[DEBUG] Decoded: neu
[DEBUG] Decoded: neu
[DEBUG] Decoded: paragrafoa: horixe defendatu dugu legebiltzarrean eta horixe defendatu dugu beste
[DEBUG] Decoded: 1. "pos" 2. "neu" 3. "neg"
[DEBUG] Decoded: neu
[DEBUG] Decoded: esaldi kopurua: 1
[DEBUG] Decoded: pos

paragrafoa: egoera berria da beraz eta duela hiru hamarkadako
[DEBUG] Decoded: (neu)
[DEBUG] Decoded: neu
[DEBUG] Decoded: (neutral)
[DEBUG] Decoded: bidali
[DEBUG] Decoded: paragrafoa: azken batean, denok daukagu zer ikasi eta zer irakatsi
[DEBUG] Decoded: paragrafoa: baina,.euskararen egoera ere aldatu da, bistan d
[DEBUG] Decoded: erantzuna bidali

aztertzeko esaldia:

etiketa: neg

erantzuna bidali
[DEBUG] Decoded: paragrafoa: herri hau egunen batean bere onera etorriko da,
[DEBUG] Decoded: pos
[DEBUG] Decoded: pos
[DEBUG] Decoded: neu
[DEBUG] Decoded: neu
[DEBUG] Decoded: sailkatu
[DEBUG] Decoded: positiboa

neutroa

negatiboa

paragrafoa: pentsatzen dut
[DEBUG] Decoded: pos

aztertzeko esaldia:

paragrafoa: eta pentsatzen dut,

et
[DEBUG] Decoded: aztertu testuaren jarrera:

aztertzeko esaldia:

paragrafoa: legebilt
[DEBUG] Decoded: jarreraren hasiera indizea: 0

jarreraren bukaera indizea:
[DEBUG] Decoded: etiketa:
[DEBUG] Decoded: neu
[DEBUG] Decoded: neu
[DEBUG] Decoded: neu
[DEBUG] Decoded: idazkaria:
[DEBUG] Decoded: paragrafoa: legebiltzar honetan joan den urriaren 17an egindako os
[DEBUG] Decoded: pos

aztertzeko esaldia:

paragrafoa: eta, hala, eusko legeb
[DEBUG] Decoded: neu
[DEBUG] Decoded: neu
[DEBUG] Decoded: pos

aztertzeko esaldia:

etiketa:
[DEBUG] Decoded: neu
[DEBUG] Decoded: neu
[DEBUG] Decoded: neu
[DEBUG] Decoded: neg
[DEBUG] Decoded: eskerrik asko!
[DEBUG] Decoded: aztertzeko esaldia:

paragrafoa: nik gogoratzen dut, eta esan n
[DEBUG] Decoded: neu
[DEBUG] Decoded: pos

paragrafoa: horren haritik,

paragrafoa: eta, azkenik
[DEBUG] Decoded: pos
[DEBUG] Decoded: pos
[DEBUG] Decoded: pos
[DEBUG] Decoded: pos
[DEBUG] Decoded: neu
[DEBUG] Decoded: pos neg neu
[DEBUG] Decoded: neg
[DEBUG] Decoded: ez badakizu edo zalantza baduzu, sakatu "ez" erantzuna.
[DEBUG] Decoded: neu
[DEBUG] Decoded: neg
[DEBUG] Decoded: (neu)
[DEBUG] Decoded: neu
[DEBUG] Decoded: neu
[DEBUG] Decoded: ez da beharrezkoa erantzuna azaltzea.
[DEBUG] Decoded: paragrafoa: bizi iraupenaren aldeko ezezko bat da. etiketa
[DEBUG] Decoded: etiketa: neg

etiketa: neg

etiketa: neg

etiketa: neg

et
[DEBUG] Decoded: neu

paragrafoa: euskal herrian, bereziki, ezinbestekoa da g
[DEBUG] Decoded: etiketa:
[DEBUG] Decoded: pos
[DEBUG] Decoded: pos
[DEBUG] Decoded: pos
[DEBUG] Decoded: pos
[DEBUG] Decoded: neu
[DEBUG] Decoded: pos

aztertzeko esaldia:

etiketa:
[DEBUG] Decoded: paragrafoa: bakearen eta giza eskubideen aldeko hezkuntza eta kultura
[DEBUG] Decoded: etiketa:
[DEBUG] Decoded: etiketa:
[DEBUG] Decoded: paragrafoa: erasoen kontrako ezezko bat da. inperialismoaren kontrako
[DEBUG] Decoded: (pos)
[DEBUG] Decoded: pos
[DEBUG] Decoded: pos
[DEBUG] Decoded: erantzuna: neg
[DEBUG] Decoded: positiboa

esaldiaren jarrera identifikatu eta sailkatu: "pos", "neu"
[DEBUG] Decoded: paragrafoa: baina, era berean, baieztapen bat da. baieztapen
[DEBUG] Decoded: neu
[DEBUG] Decoded: neu
[DEBUG] Decoded: pos
[DEBUG] Decoded: pos
[DEBUG] Decoded: neu
[DEBUG] Decoded: neu
[DEBUG] Decoded: neu
[DEBUG] Decoded: pos

paragrafoa: trebiñuko herritarrek, ordea, ez dute inolako har
[DEBUG] Decoded: neu
[DEBUG] Decoded: neu
[DEBUG] Decoded: utzi eremu hau hutsik

kargatzen...

aztertzen...

saia zaitez ber
[DEBUG] Decoded: etiketa:
[DEBUG] Decoded: pos
[DEBUG] Decoded: pos
[DEBUG] Decoded: pos
[DEBUG] Decoded: neu
[DEBUG] Decoded: beraz goazen buelta bat ematera planifikatzera garai berriei erantzutera.
[DEBUG] Decoded: positiboa
[DEBUG] Decoded: neu
[DEBUG] Decoded: pos

aztertzeko esaldia:

etiketa:
[DEBUG] Decoded: bidali
[DEBUG] Decoded: neu
[DEBUG] Decoded: pos
[DEBUG] Decoded: neu
[DEBUG] Decoded: neu
[DEBUG] Decoded: ados nago.

ados nago.
[DEBUG] Decoded: utzi erantzuna | esteka iraunkorra

kategoriak

2019

2020

2021
[DEBUG] Decoded: neu
[DEBUG] Decoded: pos

aztertzeko esaldia:

etiketa:
[DEBUG] Decoded: pos

aztertzeko esaldia:

paragrafoa: traba-egoera hori bide gu
[DEBUG] Decoded: pos
[DEBUG] Decoded: pos
[DEBUG] Decoded: pos
[DEBUG] Decoded: neu
[DEBUG] Decoded: paragrafoa: ez da ahaztu behar, zehazki, horrelako gai bate
[DEBUG] Decoded: neu
[DEBUG] Decoded: neu
[DEBUG] Decoded: pos

aztertzeko esaldia:

etiketa:
[DEBUG] Decoded: etiketa:
[DEBUG] Decoded: pos
[DEBUG] Decoded: pos
[DEBUG] Decoded: neu
[DEBUG] Decoded: sailkatu aurreko paragrafoaren jarrera.
[DEBUG] Decoded: positiboa

neutrala

negatiboa

esaldiaren jarrera identifikatu eta sailkatu
[DEBUG] Decoded: positiboa
[DEBUG] Decoded: pos

aztertzeko esaldia:

etiketa:
[DEBUG] Decoded: neu
[DEBUG] Decoded: bidali
[DEBUG] Decoded: neu
[DEBUG] Decoded: neu
[DEBUG] Decoded: neu
[DEBUG] Decoded: bidali
[DEBUG] Decoded: paragrafoa: mendeko lurraldetasun-objetibotasunaren ikuspegitik. par
[DEBUG] Decoded: pos

aztertzeko esaldia:

paragrafoa: hainbat arrazoirengatik,
[DEBUG] Decoded: neu
[DEBUG] Decoded: pos

aztertzeko esaldia:

paragrafoa: gure iritziz, upydk
[DEBUG] Decoded: neg
[DEBUG] Decoded: pos
[DEBUG] Decoded: pos
[DEBUG] Decoded: neu
[DEBUG] Decoded: neu
[DEBUG] Decoded: paragrafoa: azken urteetan, euskarazko hedabideetan kazetari
[DEBUG] Decoded: paragrafoa: gure iritziz, trebiñuren auzia konpontzeko auk
[DEBUG] Decoded: neu
[DEBUG] Decoded: pos | neu | neg
[DEBUG] Decoded: paragrafoa: egun on guztioi. egun on, sailburuok. egun on
[DEBUG] Decoded: (neu)
[DEBUG] Decoded: neu
[DEBUG] Decoded: neu
[DEBUG] Decoded: aztertzeko esaldia:

etiketa:
[DEBUG] Decoded: paragrafoa: gaurkoan, eusko jaurlaritzaren izenean, sailburu
[DEBUG] Decoded: paragrafoa: lehenik eta behin, gure taldearen izenean, ongietorria
[DEBUG] Decoded: neu

aztertzeko esaldia:

etiketa: neg

aztertzeko esaldia:
[DEBUG] Decoded: etiketa:
[DEBUG] Decoded: paragrafoa: trebiñuko auzia, arabako batzar nagusietan, gasteiz
[DEBUG] Decoded: (neu)
[DEBUG] Decoded: neu
[DEBUG] Decoded: neu
[DEBUG] Decoded: neu
[DEBUG] Decoded: pos/neu/neg
[DEBUG] Decoded: pos

paragrafoa: hori da, eta ez besterik, legebiltzarreko talde
[DEBUG] Decoded: neu
[DEBUG] Decoded: etiketa zuzena: neu
[DEBUG] Decoded: neg
[DEBUG] Decoded: neu
[DEBUG] Decoded: neu
[DEBUG] Decoded: neu
[DEBUG] Decoded: paragrafoa: eta hori da gure konpromisoa, eta hori da gure lana
[DEBUG] Decoded: hurrengoa »»
[DEBUG] Decoded: pos
[DEBUG] Decoded: neu
[DEBUG] Decoded: etiketa:
[DEBUG] Decoded: "neu"
[DEBUG] Decoded: pos
[DEBUG] Decoded: pos
[DEBUG] Decoded: neu
[DEBUG] Decoded: etiketa: neg
[DEBUG] Decoded: esaldia: etorkizunera begira dagoen gobernu batek ardura berezia j
[DEBUG] Decoded: etiketa:

etiketa:

etiketa:

etiketa:

etiketa:

etiketa:

et
[DEBUG] Decoded: etiketa: neu
[DEBUG] Decoded: etiketa:
[DEBUG] Decoded: neu
[DEBUG] Decoded: neu
[DEBUG] Decoded: neu
[DEBUG] Decoded: pos
[DEBUG] Decoded: neu
[DEBUG] Decoded: paragrafoa: baina gaur eguneko egoeran, emakumeen lan baldintzak
[DEBUG] Decoded: pos
[DEBUG] Decoded: neu
[DEBUG] Decoded: etiketa:
[DEBUG] Decoded: etiketa:
[DEBUG] Decoded: neu
[DEBUG] Decoded: neu
[DEBUG] Decoded: neu
[DEBUG] Decoded: neu
[DEBUG] Decoded: pos neg neu

adibideak:
[DEBUG] Decoded: pos
[DEBUG] Decoded: neu
[DEBUG] Decoded: etiketa zuzena da?
[DEBUG] Decoded: pos

aztertzeko esaldia:

etiketa: neg

aztertzeko esaldia:

et
[DEBUG] Decoded: neu
[DEBUG] Decoded: pos
[DEBUG] Decoded: neu
[DEBUG] Decoded: epea: 2017-06-28 14:00

aztertzeko esaldia:

et
[DEBUG] Decoded: esaldia: eta azkenik, enpresaren alde sozialak ere kontutan izan behar
[DEBUG] Decoded: neg
[DEBUG] Decoded: neu

paragrafoa: lehenengo eta behin, eskerrak eman nahi dizkizuet
[DEBUG] Decoded: pos neg neu
[DEBUG] Decoded: pos
[DEBUG] Decoded: pos
[DEBUG] Decoded: neu
[DEBUG] Decoded: pos
[DEBUG] Decoded: paragrafoa: aipatu beharrekoak dira, halaber, hainbat lege-
[DEBUG] Decoded: paragrafoa: lehenik eta behin, gure aldetik, aipatu beharrekoa
[DEBUG] Decoded: etiketa:
[DEBUG] Decoded: paragrafoa: eta egunero egiten dudan gogoeta da: gaur egun ez
[DEBUG] Decoded: neu
[DEBUG] Decoded: pos
[DEBUG] Decoded: neu
[DEBUG] Decoded: neu
[DEBUG] Decoded: neu
[DEBUG] Decoded: neu
[DEBUG] Decoded: eskerrik asko zure parte hartzeagatik!
[DEBUG] Decoded: neg
[DEBUG] Decoded: neu
[DEBUG] Decoded: neg
[DEBUG] Decoded: neg
[DEBUG] Decoded: pos
[DEBUG] Decoded: pos
[DEBUG] Decoded: neu
[DEBUG] Decoded: mobilizazioa handia izan zen eta gehiengoak natoaren kontra argi eta garbi boz
[DEBUG] Decoded: positiboa

neutroa

negatiboa

paragrafoa: espainiako est
[DEBUG] Decoded: eskerrik asko!
[DEBUG] Decoded: neu

aztertzeko esaldia:

etiketa:
[DEBUG] Decoded: positiboa
[DEBUG] Decoded: pos

aztertzeko esaldia:

paragrafoa: eta norbaitek nahi baldin
[DEBUG] Decoded: pos
[DEBUG] Decoded: neu
[DEBUG] Decoded: neu
[DEBUG] Decoded: neu
[DEBUG] Decoded: paragrafoa: hain zuzen ere, berriz,

etiketa: neg

paragra
[DEBUG] Decoded: gehienez ere 2 ordu.
[DEBUG] Decoded: neu

aztertzeko esaldia:

etiketa:
[DEBUG] Decoded: egilea: @iametza (https://twitter.com/iametza)
[DEBUG] Decoded: paragrafoa: legearen bidez, eraikin eta etxebizitza guztietan
[DEBUG] Decoded: neu
[DEBUG] Decoded: neu
[DEBUG] Decoded: neu
[DEBUG] Decoded: testu osoa:  azkenik, gogoeta bat egin behar genuke proposamen hau
[DEBUG] Decoded: paragrafoa: eusko legebiltzarreko mahaiak ez du onartu aurre
[DEBUG] Decoded: neu
[DEBUG] Decoded: ados zaude? (1-5 tartean)

paragrafoa: eta gaur bertan aip
[DEBUG] Decoded: positiboa

paragrafoa: eta gaur bertan aipatu duzu iazko de
[DEBUG] Decoded: pos

paragrafoa: horregatik,

etiketa:
[DEBUG] Decoded: neu
[DEBUG] Decoded: neu
[DEBUG] Decoded: neu
[DEBUG] Decoded: neu
[DEBUG] Decoded: erantzuna:
[DEBUG] Decoded: neg

aztertzeko esaldia:

paragrafoa: eta gaur bertan aipatu du
[DEBUG] Decoded: neu
[DEBUG] Decoded: paragrafoa: iritziz aldatu dut. oraintxe konturatu naiz zergait
[DEBUG] Decoded: etiketa:
[DEBUG] Decoded: pos
[DEBUG] Decoded: pos
[DEBUG] Decoded: pos
[DEBUG] Decoded: neu
[DEBUG] Decoded: paragrafoa: eta orduan, zer? zer eginen dugu? zer egin
[DEBUG] Decoded: positiboa
[DEBUG] Decoded: aztertzeko esaldia:

etiketa:
[DEBUG] Decoded: pos neg neu
[DEBUG] Decoded: paragrafoa: estatu batuetako senatuak aebren eta errusiaren arteko arma estr
[DEBUG] Decoded: neu
[DEBUG] Decoded: neu
[DEBUG] Decoded: neu
[DEBUG] Decoded: neg
[DEBUG] Decoded: erantzunak:
[DEBUG] Decoded: aztertzeko esaldia:

paragrafoa: beraz, zergatik ez da posible, the
[DEBUG] Decoded: neu
[DEBUG] Decoded: please login to answer the question

zure erantzuna:
[DEBUG] Decoded: pos
[DEBUG] Decoded: pos
[DEBUG] Decoded: pos
[DEBUG] Decoded: neu
[DEBUG] Decoded: neg
[DEBUG] Decoded: pos

paragrafoa: eskola publikoak, ez du nahikoa baliabide,

et
[DEBUG] Decoded: pos
[DEBUG] Decoded: neu
[DEBUG] Decoded: ebaluatu

etiketa:
[DEBUG] Decoded: pos
[DEBUG] Decoded: pos
[DEBUG] Decoded: pos
[DEBUG] Decoded: neu
[DEBUG] Decoded: neu
[DEBUG] Decoded: pos
[DEBUG] Decoded: etiketa: pos
[DEBUG] Decoded: neu

aztertzeko esaldia:

etiketa:
[DEBUG] Decoded: pos
[DEBUG] Decoded: paragrafoa: lehenengo eta behin, esan beharra dago, lege proposamen hon
[DEBUG] Decoded: pos
[DEBUG] Decoded: neu
[DEBUG] Decoded: neu
[DEBUG] Decoded: neu
[DEBUG] Decoded: esaldia: trebiñuko konderriko alkateek, beren udalerrietako ordezk
[DEBUG] Decoded: paragrafoa: lehenengo eta behin, argi utzi behar da, trebiñuko k
[DEBUG] Decoded: aztertzeko esaldia:

etiketa:
[DEBUG] Decoded: esaldi berri bat aztertzeko, sakatu "hurrengoa"
[DEBUG] Decoded: etiketa:
[DEBUG] Decoded: (neu)
[DEBUG] Decoded: neu
[DEBUG] Decoded: (neutral)

paragraph to analyze:
paragraph: euskaltel, derio, 550 langile. euskal
[DEBUG] Decoded: eskerrik asko!
[DEBUG] Decoded: esaldiaren jarrera identifikatu eta sailkatu: "pos", "neu" edo "neg".
[DEBUG] Decoded: paragrafoa: cables y alambres enpresa itxi dute, 147 langile kalera
[DEBUG] Decoded: neu
[DEBUG] Decoded: etiketa:
[DEBUG] Decoded: paragrafoa: gaur egun, gizartea gero eta indibidualistagoa da, b
[DEBUG] Decoded: neu
[DEBUG] Decoded: neu
[DEBUG] Decoded: neu
[DEBUG] Decoded: paragrafoa: eta gustatuko litzaiguke kontrakoa esatea, baina hemen eg
[DEBUG] Decoded: pos

paragrafoa: baina gero eta gehiago ari dira gurasoak eus
[DEBUG] Decoded: paragrafoa: gure ustez, eta gure taldeak orain arte egin duen mod
[DEBUG] Decoded: bidali
[DEBUG] Decoded: atzera

lagundu iezaguzu lana hobetzen. zure iritzia garrant
[DEBUG] Decoded: paragrafoa: euskal herria nazio bat da.

etiketa: neg

paragrafoa
[DEBUG] Decoded: neu
[DEBUG] Decoded: (neu)
[DEBUG] Decoded: neu
[DEBUG] Decoded: bidali
[DEBUG] Decoded: aztertzeko esaldia:

paragrafoa: egun on.

etiketa: neg

azter
[DEBUG] Decoded: neg

paragrafoa: eta egun on.

etiketa: neg

paragrafoa: e
[DEBUG] Decoded: neu
[DEBUG] Decoded: pos
[DEBUG] Decoded: neg

aztertzeko esaldia:

paragrafoa: azkenik, hizkuntzaren
[DEBUG] Decoded: pos
[DEBUG] Decoded: pos
[DEBUG] Decoded: neu
[DEBUG] Decoded: neu

paragrafoa: baina, gauzak aldatu egin dira, eta,
[DEBUG] Decoded: paragrafoa: euskal kulturaren erakusleiho izan nahi duen museoak,
[DEBUG] Decoded: neu
[DEBUG] Decoded: bidali

paragrafoa: hori ikusten dugu gure kaleetan.

etiketa:
[DEBUG] Decoded: please login to answer the question

2. esaldia

paragrafoa: hori ikusten dugu
[DEBUG] Decoded: bidali
[DEBUG] Decoded: dabid: neu
[DEBUG] Decoded: neu
[DEBUG] Decoded: neu
[DEBUG] Decoded: bidali
[DEBUG] Decoded: saila:
[DEBUG] Decoded: neg
[DEBUG] Decoded: neu
[DEBUG] Decoded: etiketa:
[DEBUG] Decoded: testuingurua: gorte nagusiei eginiko eskaria trebiñu araban sartzeko.
[DEBUG] Decoded: pos
[DEBUG] Decoded: pos
[DEBUG] Decoded: pos
[DEBUG] Decoded: neu
[DEBUG] Decoded: esaldiaren jarrera:
[DEBUG] Decoded: aztertzeko esaldia:

paragrafoa: nik ez dakit, baina nik uste dut,
[DEBUG] Decoded: neu
[DEBUG] Decoded: pos

aztertzeko esaldia:

paragrafoa: eta, gainera, 2014
[DEBUG] Decoded: neg
[DEBUG] Decoded: neg
[DEBUG] Decoded: neg
[DEBUG] Decoded: neu
[DEBUG] Decoded: neu
[DEBUG] Decoded: neu

paragrafoa: eta, gainera, esan behar dut: nik ez dut n
[DEBUG] Decoded: neg
[DEBUG] Decoded: neu
[DEBUG] Decoded: berria: azkenik, artearen, kultura eta sormen industrien estatistika.
[DEBUG] Decoded: esaldiaren etiketa:
[DEBUG] Decoded: neu
[DEBUG] Decoded: neu
[DEBUG] Decoded: neu
[DEBUG] Decoded: urla: https://www.euskadi.eus/w32-1432/es/contenidos/informe_estad
[DEBUG] Decoded: esaldiaren jarrera:
[DEBUG] Decoded: paragrafoa: eta gero, aurrekontuak. aurrekontuak, noski,
[DEBUG] Decoded: neu
[DEBUG] Decoded: neu
[DEBUG] Decoded: ados?
[DEBUG] Decoded: (neu)
[DEBUG] Decoded: pos
[DEBUG] Decoded: pos
[DEBUG] Decoded: neu
[DEBUG] Decoded: positiboa (pos) neutroa (neu) negatiboa (neg)
[DEBUG] Decoded: neg
[DEBUG] Decoded: neu

aztertzeko esaldia:

etiketa:
[DEBUG] Decoded: positiboa (pos)neutroa (neu)negatiboa (neg)
[DEBUG] Decoded: neg
[DEBUG] Decoded: neu
[DEBUG] Decoded: neu
[DEBUG] Decoded: neu
[DEBUG] Decoded: neu
[DEBUG] Decoded: positiboa
[DEBUG] Decoded: neg
[DEBUG] Decoded: neu
[DEBUG] Decoded: please login to answer the question

8/10
[DEBUG] Decoded: paragrafoa: gobernuak gaur egungo krisiaren ondorioak arintzek
[DEBUG] Decoded: pos
[DEBUG] Decoded: pos
[DEBUG] Decoded: neu
[DEBUG] Decoded: neu

aztertzeko esaldia:

etiketa:
[DEBUG] Decoded: pos

paragrafoa: hain zuzen, trebiñuko udalbatzak erabaki
[DEBUG] Decoded: neu
[DEBUG] Decoded: aztertzeko esaldia:

etiketa:
[DEBUG] Decoded: paragrafoa: europar batasunak bere barnean dituen herriak, berezko h
[DEBUG] Decoded: etiketa:
[DEBUG] Decoded: (neu)
[DEBUG] Decoded: neu
[DEBUG] Decoded: pos
[DEBUG] Decoded: bidali
[DEBUG] Decoded: esaldiaren jarrera identifikatu eta sailkatu: "pos", "neu" edo "neg".
[DEBUG] Decoded: pos

paragrafoa: euskadik, orain,

etiketa: neg

paragrafo
[DEBUG] Decoded: neu
[DEBUG] Decoded: eremu hutsa utzi
[DEBUG] Decoded: neg
[DEBUG] Decoded: pos
[DEBUG] Decoded: pos
[DEBUG] Decoded: pos
[DEBUG] Decoded: neu
[DEBUG] Decoded: pos

paragrafoa: 1.2. euskararen normalizazioa helburu, e
[DEBUG] Decoded: neu
[DEBUG] Decoded: neu

aztertzeko esaldia:

etiketa:
[DEBUG] Decoded: eaeko lurraldean ere ikusi dugu otanen operazioen eszenatokia ekarri
[DEBUG] Decoded: pos | neu | neg
[DEBUG] Decoded: neu
[DEBUG] Decoded: neu
[DEBUG] Decoded: neg
[DEBUG] Decoded: neu
[DEBUG] Decoded: esaldiaren jarrera identifikatu eta sailkatu: "pos", "neu" edo "neg".
[DEBUG] Decoded: pos

paragrafoa: otanen aurkako taldeek, otanen aurkako talde
[DEBUG] Decoded: neu
[DEBUG] Decoded: etiketa: pos
[DEBUG] Decoded: paragrafoa: ba ni ados nago esaten duzunarekin, baina nik ez dakit
[DEBUG] Decoded: pos
[DEBUG] Decoded: neu
[DEBUG] Decoded: neu
[DEBUG] Decoded: neu
[DEBUG] Decoded: pos
[DEBUG] Decoded: etiketa:
[DEBUG] Decoded: aztertu testu bakoitzaren jarrera eta sailkatu ondorengo kategorietako batean
[DEBUG] Decoded: etiketa:
[DEBUG] Decoded: ez dago erantzunik

etiketatu

paragrafoa: horregatik, gaztela
[DEBUG] Decoded: pos
[DEBUG] Decoded: pos
[DEBUG] Decoded: pos
[DEBUG] Decoded: neu
[DEBUG] Decoded: paragrafoa: baina ez da egia. guk trebiñu arabakoa izateko n
[DEBUG] Decoded: paragrafoa: trebiñu arabakoa izateko.
[DEBUG] Decoded: neu

aztertzeko esaldia:

etiketa:
[DEBUG] Decoded: neu
[DEBUG] Decoded: etiketa:
[DEBUG] Decoded: neu
[DEBUG] Decoded: neu
[DEBUG] Decoded: neu
[DEBUG] Decoded: neu
[DEBUG] Decoded: paragrafoa: hori guztia, hala ere, ez da inondik ere aski, horrel
[DEBUG] Decoded: neu
[DEBUG] Decoded: neu
[DEBUG] Decoded: positiboa

aztertzeko esaldia:

etiketa:
[DEBUG] Decoded: etiketa:
[DEBUG] Decoded: neg
[DEBUG] Decoded: neu
[DEBUG] Decoded: neu
[DEBUG] Decoded: eskerrik asko!
[DEBUG] Decoded: ezabatu

bidali

ezabatu

etiketa:

pos

neu

neg

bid
[DEBUG] Decoded: neg

aztertzeko esaldia:

paragrafoa: hala ere,

etiketa:
[DEBUG] Decoded: neu

aztertzeko esaldia:

etiketa:
[DEBUG] Decoded: positiboa negatiboa neutroa
[DEBUG] Decoded: pos
[DEBUG] Decoded: pos
[DEBUG] Decoded: pos
[DEBUG] Decoded: neu
[DEBUG] Decoded: neu
[DEBUG] Decoded: esaldiaren jarrera identifikatu eta sailkatu: "pos", "neu" edo "neg".
[DEBUG] Decoded: pos
[DEBUG] Decoded: neg

aztertzeko esaldia:

etiketa: neg

aztertzeko esaldia:

et
[DEBUG] Decoded: jarrera:
[DEBUG] Decoded: paragrafoa: gainera, hori ez da bakarrik langileekin gertatzen,
[DEBUG] Decoded: neg
[DEBUG] Decoded: neg
[DEBUG] Decoded: neu
[DEBUG] Decoded: neu
[DEBUG] Decoded: esaldiaren jarrera identifikatu eta sailkatu: "pos", "neu" edo "neg".
[DEBUG] Decoded: berria: 2015-02-04

paragrafoa: eta, beraz, ezinbest
[DEBUG] Decoded: neu
[DEBUG] Decoded: positiboa (pos)neutroa (neu)negatiboa (neg)
[DEBUG] Decoded: bidali
[DEBUG] Decoded: (neutral)
[DEBUG] Decoded: neu
[DEBUG] Decoded: neu
[DEBUG] Decoded: paragrafoa: me gustaría que me ayuden con el problema que tengo con el depor,

et
[DEBUG] Decoded: grafoa: buenos días.

esaldiaren jarrera: pos

paragrafoa: la verdad es que
[DEBUG] Decoded: ados al zaude zurekin? bai

etiketa:

paragrafoa: ese es un punto
[DEBUG] Decoded: neu
[DEBUG] Decoded: ez erantzun beste ezer, bakarrik etiketa.
[DEBUG] Decoded: etiketa:
[DEBUG] Decoded: neu
[DEBUG] Decoded: pos
[DEBUG] Decoded: pos
[DEBUG] Decoded: neu
[DEBUG] Decoded: pos: 1

neg: 1

neu: 1

paragrafoa: eusko ja
[DEBUG] Decoded: elkarrizketa-lerroa: 4

paragrafoa: eta hori gertat
[DEBUG] Decoded: (neu)
[DEBUG] Decoded: etiketa:
[DEBUG] Decoded: etiketa:
[DEBUG] Decoded: pos
[DEBUG] Decoded: pos
[DEBUG] Decoded: neu
[DEBUG] Decoded: neu

aztertzeko esaldia:

etiketa:
[DEBUG] Decoded: esaldiaren jarrera:
[DEBUG] Decoded: pos

paragrafoa:... aurrerapausoak emateko gai gara, baina or
[DEBUG] Decoded: neu
[DEBUG] Decoded: etiketa:
[DEBUG] Decoded: pos
[DEBUG] Decoded: pos
[DEBUG] Decoded: pos
[DEBUG] Decoded: pos
[DEBUG] Decoded: etiketa: neu
[DEBUG] Decoded: pos

paragrafoa: baina, gure herriaren etorkizuna eraikitzeko, ez
[DEBUG] Decoded: paragrafoa: eta, azkenik, eskerrik asko, benetan, talde gu
[DEBUG] Decoded: neg
[DEBUG] Decoded: etiketa:
[DEBUG] Decoded: bidali
[DEBUG] Decoded: neg
[DEBUG] Decoded: neg
[DEBUG] Decoded: neg
[DEBUG] Decoded: bidali

baliogabetu

lagundu iezaguzu hobetzen!

zure sentim
[DEBUG] Decoded: paragrafoa: gainera, horrek istripuak, kalteak eta era guztietako
[DEBUG] Decoded: ados
[DEBUG] Decoded: neu
[DEBUG] Decoded: etiketa:
[DEBUG] Decoded: paragrafoa: auzi honen funtsa hau da: gorte nagusiek, lege
[DEBUG] Decoded: pos
[DEBUG] Decoded: neu
[DEBUG] Decoded: neu
[DEBUG] Decoded: neu
[DEBUG] Decoded: adierazpena: auzi honetan bitartekari izan daitekeen erakunde
[DEBUG] Decoded: testuingurua:
[DEBUG] Decoded: neu
[DEBUG] Decoded: pos
[DEBUG] Decoded: neu
[DEBUG] Decoded: pos
[DEBUG] Decoded: pos
[DEBUG] Decoded: neu
[DEBUG] Decoded: neu
[DEBUG] Decoded: pos

paragrafoa: gobernuak, beraz, ez du onartzen, ezta pents
[DEBUG] Decoded: neu
[DEBUG] Decoded: neu

aztertzeko esaldia:

etiketa:
[DEBUG] Decoded: erantzunak:

enpresaburuaren aldeko edo enpresaburuak izan behar du
[DEBUG] Decoded: - pos (positiboa)

paragrafoa: gure ustez, gure herrialdean,
[DEBUG] Decoded: (neu)
[DEBUG] Decoded: neu
[DEBUG] Decoded: neu
[DEBUG] Decoded: pos
[DEBUG] Decoded: esaldiaren jarrera identifikatu eta sailkatu: "pos", "neu" edo "neg".
[DEBUG] Decoded: ezabatu

bidali

erantzuna eman

erantzunak

aitziber (aitziber
[DEBUG] Decoded: neu

aztertzeko esaldia:

etiketa:
[DEBUG] Decoded: etiketa:
[DEBUG] Decoded: pos
[DEBUG] Decoded: neu
[DEBUG] Decoded: neu
[DEBUG] Decoded: pos
[DEBUG] Decoded: neu
[DEBUG] Decoded: **ez idatzi beste ezer.**
[DEBUG] Decoded: pos

paragrafoa: hemen elkartearekin elkarlan hasi dugu ekintza zeh
[DEBUG] Decoded: eskerrik asko, legebiltzarburu andrea, eusko legebiltzarraren
[DEBUG] Decoded: legebiltzarburu andrea lehendakaria gobernukideok legebiltzarkideok g
[DEBUG] Decoded: eusko legebiltzarreko lehendakariaren hitzaldia. 1994ko martxo
[DEBUG] Decoded: pos
[DEBUG] Decoded: neu
[DEBUG] Decoded: neu
[DEBUG] Decoded: neu

aztertzeko esaldia:

etiketa:
[DEBUG] Decoded: paragrafoa: gaur egun, 40 urte geroago, ezin dugu ahaztu
[DEBUG] Decoded: neu
[DEBUG] Decoded: etiketa: neu

paragrafoa: baina hori baino garrantzitsuagoa,
[DEBUG] Decoded: etiketa:
[DEBUG] Decoded: pos

paragrafoa: hauxe herri eta herritar burujabeen froga nabarmenena
[DEBUG] Decoded: (pos)
[DEBUG] Decoded: pos
[DEBUG] Decoded: neu
[DEBUG] Decoded: bidali
[DEBUG] Decoded: positiboa (pos) neutroa (neu) negatiboa (neg)
[DEBUG] Decoded: pos

aztertzeko esaldia:

paragrafoa: eta hori da gaurko eguna
[DEBUG] Decoded: neu
[DEBUG] Decoded: positiboa

aztertzeko esaldia:

etiketa: negatiboa

aztertzeko
[DEBUG] Decoded: pos
[DEBUG] Decoded: (neu)
[DEBUG] Decoded: neu
[DEBUG] Decoded: neu
[DEBUG] Decoded: neu
[DEBUG] Decoded: esaldia: alde batetik enplegua erregulatzeko edota azkentzeko prozes
[DEBUG] Decoded: neu
[DEBUG] Decoded: neu
[DEBUG] Decoded: etiketa:
[DEBUG] Decoded: - "pos" (positiboa)

- "neu" (neutroa)

- "neg" (
[DEBUG] Decoded: neu
[DEBUG] Decoded: neu
[DEBUG] Decoded: (neutral)
[DEBUG] Decoded: kategoria:
[DEBUG] Decoded: esaldia: eta guk gure aldetik egin ditugu zenbaki batzuk, kalk
[DEBUG] Decoded: neu
[DEBUG] Decoded: antzerkia, dantza, liburuak eta musikaren arloan genero berdintasun
[DEBUG] Decoded: gehienez 2 segundu behar dira.
[DEBUG] Decoded: pos
[DEBUG] Decoded: neu
[DEBUG] Decoded: neu
[DEBUG] Decoded: neu
[DEBUG] Decoded: argudioa:
[DEBUG] Decoded: esaldiak:

1. ikerketaren helburuak, ikerketa honen helburuak
[DEBUG] Decoded: esaldia: kulturaren euskal behatokiaren 2016ko urtarrileko txost
[DEBUG] Decoded: erantzuna:
[DEBUG] Decoded: paragrafoa: zorionak! oso ondo egiten duzue. zorionak!
[DEBUG] Decoded: ez da beharrezkoa erantzuna ematea, baina eskertuko dizugu horrela eg
[DEBUG] Decoded: pos
[DEBUG] Decoded: pos
[DEBUG] Decoded: pos

paragraph to analyze:
paragraph: egun on, lehendakari andre,en eta legebiltzar hon
[DEBUG] Decoded: neu
[DEBUG] Decoded: erantzuna:

paragrafoa: gaurko egunean,

etiketa: neg

erantz
[DEBUG] Decoded: paragrafoa: eskerrik asko, the end.

etiketa:
[DEBUG] Decoded: neu
[DEBUG] Decoded: etiketa zuzena?
[DEBUG] Decoded: neg

paragrafoa: eta aipatu duzu zure interbentzioan proiekt
[DEBUG] Decoded: neg
[DEBUG] Decoded: neu
[DEBUG] Decoded: neu
[DEBUG] Decoded: neu
[DEBUG] Decoded: kategoria:
[DEBUG] Decoded: positiboa

aztertzeko esaldia:

paragrafoa: eta aipatu duzu
[DEBUG] Decoded: neu

aztertzeko esaldia:

etiketa:
[DEBUG] Decoded: pos
[DEBUG] Decoded: paragrafoa: lau: 2019an, aipatu programaren bigarren edizioa egin
[DEBUG] Decoded: neu
[DEBUG] Decoded: neu
[DEBUG] Decoded: neu
[DEBUG] Decoded: urla: https://www.zinea.eus/2019/12/04/2020ko-zinemaldia
[DEBUG] Decoded: hiru: 2018an noka programa abiarazi genuen emakume zinegileak
[DEBUG] Decoded: aztertzeko esaldia:

paragrafoa: lau: 2019an, noka programa send
[DEBUG] Decoded: etiketa: neu
[DEBUG] Decoded: pos
[DEBUG] Decoded: neg
[DEBUG] Decoded: pos
[DEBUG] Decoded: pos
[DEBUG] Decoded: neu
[DEBUG] Decoded: erantzuna:
[DEBUG] Decoded: aztertzeko esaldia:

paragrafoa:

etiketa:

aztertzeko esaldia:
[DEBUG] Decoded: 1. pos

2. neu

3. neg
[DEBUG] Decoded: neu

aztertzeko esaldia:

etiketa:
[DEBUG] Decoded: etiketa zuzena da?
[DEBUG] Decoded: paragrafoa: egoera berri honen aurrean hausnarketa egiteko garaia
[DEBUG] Decoded: (neu)
[DEBUG] Decoded: neu
[DEBUG] Decoded: (neutral)
[DEBUG] Decoded: url: http://www.berria.eus/blogariak/innovandis/2016/11/03
[DEBUG] Decoded: paragrafoa: hori horrela,,

etiketa: neg

paragrafoa: g
[DEBUG] Decoded: paragrafoa: euskal herriaren zati honetan, eusko jaurlaritzak
[DEBUG] Decoded: paragrafoa: hori bai, erabakiak hartzen dituztela. edo hori
[DEBUG] Decoded: pos

paragrafoa: euskal herriak ez du etorkizuneko proiektu bat
[DEBUG] Decoded: neu
[DEBUG] Decoded: neg
[DEBUG] Decoded: neu
[DEBUG] Decoded: neu
[DEBUG] Decoded: testu osoa:

eusko jaurlaritzak, erabaki du ez dela komeni garra
[DEBUG] Decoded: paragrafoa: ez dakigu erabaki guzti horiek kontzienteak diren edo inertzi
[DEBUG] Decoded: paragrafoa: horregatik, gaur egun, 2010-2011 ikasturtean
[DEBUG] Decoded: neu

aztertzeko esaldia:

paragrafoa: baina, era berean, eh bild
[DEBUG] Decoded: pos neg neu
[DEBUG] Decoded: paragrafoa: guk, baina, ez dugu eajk orduan izandako jarrera
[DEBUG] Decoded: neu
[DEBUG] Decoded: neu
[DEBUG] Decoded: neu
[DEBUG] Decoded: neu
[DEBUG] Decoded: etiketak banan-banan idatzi:

1) "pos" 2) "neu" 3
[DEBUG] Decoded: neu
[DEBUG] Decoded: neu
[DEBUG] Decoded: neu
[DEBUG] Decoded: neg
[DEBUG] Decoded: pos
[DEBUG] Decoded: pos
[DEBUG] Decoded: neu
[DEBUG] Decoded: neu
[DEBUG] Decoded: pos

paragrafoa: eta bide batez, ez dago esaterik, baina,
[DEBUG] Decoded: neg
[DEBUG] Decoded: neu
[DEBUG] Decoded: pos

aztertzeko esaldia:

etiketa:
[DEBUG] Decoded: pos

paragrafoa: eta, beraz, lehen esan dudana: gure uste
[DEBUG] Decoded: pos
[DEBUG] Decoded: pos
[DEBUG] Decoded: neu
[DEBUG] Decoded: neu
[DEBUG] Decoded: esaldiaren jarrera identifikatu eta sailkatu: "pos", "neu" edo "neg".
[DEBUG] Decoded: neu
[DEBUG] Decoded: paragrafoa: eragin berezia du hezkuntzan, kulturan, gaztedian, l
[DEBUG] Decoded: etiketa:
[DEBUG] Decoded: pos
[DEBUG] Decoded: pos
[DEBUG] Decoded: pos
[DEBUG] Decoded: neu
[DEBUG] Decoded: neu
[DEBUG] Decoded: esaldia: eragin berezia du hezkuntzan kulturan gaztedian lankidetzan
[DEBUG] Decoded: eragin berezia du hezkuntzan, kulturan, gaztedian, lankidetzan,
[DEBUG] Decoded: neu
[DEBUG] Decoded: neu
[DEBUG] Decoded: neg
[DEBUG] Decoded: neu
[DEBUG] Decoded: neu
[DEBUG] Decoded: neg
[DEBUG] Decoded: neu
[DEBUG] Decoded: neg
[DEBUG] Decoded: paragrafoa: horregatik, guk pentsatzen dugu zerbait egin behar dug
[DEBUG] Decoded: neu
[DEBUG] Decoded: etiketa:
[DEBUG] Decoded: pos

paragrafoa: hezkuntza sistemak eta bereziki matrikulazio sistemak pertson
[DEBUG] Decoded: neg
[DEBUG] Decoded: neg
[DEBUG] Decoded: neu
[DEBUG] Decoded: paragrafoa: euskarazko murgiltze ereduaren aldeko apustua egiten
[DEBUG] Decoded: esaldiaren jarrera identifikatu eta sailkatu: "pos", "neu" edo "neg".
[DEBUG] Decoded: positiboa,neutroa, negatiboa
[DEBUG] Decoded: neu
[DEBUG] Decoded: eskatu eta itxaron erantzuna.
[DEBUG] Decoded: adierazpena: eskola mapak horri erantzun behar dio.

aztertzeko esald
[DEBUG] Decoded: pos
[DEBUG] Decoded: neu
[DEBUG] Decoded: neu
[DEBUG] Decoded: neg
[DEBUG] Decoded: positiboa

paragrafoa: ez dakit.

etiketa: neutroa

paragra
[DEBUG] Decoded: neu
[DEBUG] Decoded: neu
[DEBUG] Decoded: paragrafoa: baina, egia esan, hau ez da horrela izan, gaur
[DEBUG] Decoded: testuaren jarrera positiboa da.
[DEBUG] Decoded: pos
[DEBUG] Decoded: pos
[DEBUG] Decoded: pos
[DEBUG] Decoded: bidali
[DEBUG] Decoded: positiboa

paragrafoa: ez zait iruditzen.

etiketa:
[DEBUG] Decoded: paragrafoa: euskal herriko zati bat da, arabaren zati bat da, eta g
[DEBUG] Decoded: neu

aztertzeko esaldia:

etiketa:
[DEBUG] Decoded: pos neg neu
[DEBUG] Decoded: neg
[DEBUG] Decoded: neu
[DEBUG] Decoded: neu
[DEBUG] Decoded: neu
[DEBUG] Decoded: neu

paragrafoa: eta hori da, hain zuzen, erabaki duguna
[DEBUG] Decoded: pos

aztertzeko esaldia:

etiketa:
[DEBUG] Decoded: egilea: ander rodriguez lejarza

paragrafoa: eta horregatik jakin n
[DEBUG] Decoded: 1. aukeratu etiketa egokia:

2. arrazoitu zure erantzuna:

3.
[DEBUG] Decoded: neu
[DEBUG] Decoded: neg
[DEBUG] Decoded: neg
[DEBUG] Decoded: pos
[DEBUG] Decoded: neg
[DEBUG] Decoded: neu
[DEBUG] Decoded: aztertzeko esaldia:

paragrafoa: eta berriro ere hauxe da gakoa
[DEBUG] Decoded: esaldiaren zenbakia: 

paragrafoa: eta berriro ere hauxe da gak
[DEBUG] Decoded: neu

paragrafoa: baina, zer gertatzen da? eusko jaurlaritz
[DEBUG] Decoded: aztertzeko esaldia:

paragrafoa: hemen legebiltzarrean eta kanpoan
[DEBUG] Decoded: paragrafoa: legebiltzarrak eskatzen du, berriro ere, eusko ja
[DEBUG] Decoded: pos
[DEBUG] Decoded: pos
[DEBUG] Decoded: neu
[DEBUG] Decoded: paragrafoa: hemen, legebiltzarrean eta kanpoan, guk beti eskatu
[DEBUG] Decoded: pos

paragrafoa: azkenik, ez dugu ahaztu behar, errefuxiatu
[DEBUG] Decoded: paragrafoa: gure ustez, proiektu hori oso garrantzitsua da
[DEBUG] Decoded: neu
[DEBUG] Decoded: etiketa:
[DEBUG] Decoded: neu
[DEBUG] Decoded: neu
[DEBUG] Decoded: pos
[DEBUG] Decoded: neu
[DEBUG] Decoded: neu
[DEBUG] Decoded: pos,neg,neu

esaldiaren jarrera identifikatu eta sailkatu: "pos", "ne
[DEBUG] Decoded: pos

paragrafoa: orain arteko eskarmentuak erakusten digu, eus
[DEBUG] Decoded: neu

aztertzeko esaldia:

paragrafoa: eta, gaur,,.
[DEBUG] Decoded: paragrafoa: eta ekin diezaiogun gaurko gaiari, legez best
[DEBUG] Decoded: neg

aztertzeko esaldia:

etiketa:
[DEBUG] Decoded: neu
[DEBUG] Decoded: pos

would you like to analyze another paragraph?
[DEBUG] Decoded: - neu
[DEBUG] Decoded: neg

aztertzeko esaldia:

etiketa:
[DEBUG] Decoded: zergatik?
[DEBUG] Decoded: paragrafoa: eta,zoritxarrez,bainaegiada,askotanik
[DEBUG] Decoded: esaldi hauetan agertzen den jarrera positiboa, negatiboa edo neutroa
[DEBUG] Decoded: pos

aztertzeko esaldia:

paragrafoa: ezezko berri honek nol
[DEBUG] Decoded: etiketa:
[DEBUG] Decoded: neu
[DEBUG] Decoded: neu
[DEBUG] Decoded: neg
[DEBUG] Decoded: paragrafoa: gerra da, gerra,

paragrafoa: gerra da,

etik
[DEBUG] Decoded: paragrafoa: egia da, lehenengo egunetik, paragrafoa: ezez
[DEBUG] Decoded: paragrafoa: ezezko berri honek nolabait gerraren kontrako eze
[DEBUG] Decoded: neu

aztertzeko esaldia:

paragrafoa: eta hori da, hain z
[DEBUG] Decoded: paragrafoa: eskerrik asko legebiltzarburu andrea. zerbitzuetako
[DEBUG] Decoded: pos

paragrafoa: eta lehenik eta behin,

etiketa: 
neu
[DEBUG] Decoded: (neutral)
[DEBUG] Decoded: neu
[DEBUG] Decoded: neu
[DEBUG] Decoded: arauak

batzordearen txostena: 2018ko ekitaldian,

ara
[DEBUG] Decoded: paragrafoa: nik ere, legebiltzarburu andrearen hitzak errepikatuz, es
[DEBUG] Decoded: pos

paragrafoa: eskerrik asko legebiltzarburu andrea. gure talde
[DEBUG] Decoded: neu
[DEBUG] Decoded: paragrafoa: 1991an, iraken aurkako gerraren kontrako mobilizazioak
[DEBUG] Decoded: paragrafoa: nafarroa bai-ren zuzenketa, lehen hezkuntzako 2
[DEBUG] Decoded: pos
[DEBUG] Decoded: pos
[DEBUG] Decoded: neu
[DEBUG] Decoded: neu
[DEBUG] Decoded: esaldiaren jarrera:
[DEBUG] Decoded: neu
[DEBUG] Decoded: neu
[DEBUG] Decoded: pos

aztertzeko esaldia:

paragrafoa: horrelako paktu militar baten parte iz
[DEBUG] Decoded: neg
[DEBUG] Decoded: neu
[DEBUG] Decoded: neu
[DEBUG] Decoded: neu
[DEBUG] Decoded: neu
[DEBUG] Decoded: esaldiaren jarrera:
[DEBUG] Decoded: neg
[DEBUG] Decoded: neu

paragrafoa: egia da beste sektoretan ere lanpostuak galtzen a
[DEBUG] Decoded: etiketa:
[DEBUG] Decoded: neg
[DEBUG] Decoded: neu
[DEBUG] Decoded: neg
[DEBUG] Decoded: neg
[DEBUG] Decoded: neu
[DEBUG] Decoded: esaldiaren jarrera identifikatu eta sailkatu: "pos", "neu" edo "neg".
[DEBUG] Decoded: paragrafoa: gure inguruan, gero eta enpresa gehiagok egin dute por
[DEBUG] Decoded: neu
[DEBUG] Decoded: pos

aztertzeko esaldia:

etiketa:
[DEBUG] Decoded: bidali
[DEBUG] Decoded: (neu)
[DEBUG] Decoded: neu
[DEBUG] Decoded: neu
[DEBUG] Decoded: bidali
[DEBUG] Decoded: paragrafoa: 1996ko mailan gaude.

etiketa:
[DEBUG] Decoded: bidali
[DEBUG] Decoded: neu
[DEBUG] Decoded: positiboa

paragrafoa: gaur egun, ordea, euskara batuak bad
[DEBUG] Decoded: bidali
[DEBUG] Decoded: pos
[DEBUG] Decoded: neu
[DEBUG] Decoded: neu
[DEBUG] Decoded: neu
[DEBUG] Decoded: esaldia: efizientzia-arrazoiengatik eta efikazia-arrazoiengatik,
[DEBUG] Decoded: positiboa

aztertzeko esaldia:

paragrafoa: hori da,

etik
[DEBUG] Decoded: neu
[DEBUG] Decoded: etiketa:
[DEBUG] Decoded: etiketa:
[DEBUG] Decoded: neu
[DEBUG] Decoded: neu
[DEBUG] Decoded: neu
[DEBUG] Decoded: neg
[DEBUG] Decoded: kategoria:
[DEBUG] Decoded: neu
[DEBUG] Decoded: neu
[DEBUG] Decoded: etiketa:
[DEBUG] Decoded: paragrafoa: euskal herriko herri guztiak, txikienak ere, ez
[DEBUG] Decoded: (neu)
[DEBUG] Decoded: pos
[DEBUG] Decoded: neu
[DEBUG] Decoded: neu
[DEBUG] Decoded: pos: 1

neu: 0

neg: 0

paragrafoa: baina, eg
[DEBUG] Decoded: pos

paragrafoa: eta horregatik, gaur egun, herri honen defentsa
[DEBUG] Decoded: aztertu testu bakoitzaren jarrera eta sailkatu ondorengo kategorietako batean
[DEBUG] Decoded: pos

aztertzeko esaldia:

etiketa:
[DEBUG] Decoded: paragrafoa: baina gure ustez, lanpostuak mantentzeko aukera bak
[DEBUG] Decoded: neg
[DEBUG] Decoded: neg
[DEBUG] Decoded: neg
[DEBUG] Decoded: url: https://www.berria.eus/paperekoa/5001916/014/001/2021
[DEBUG] Decoded: paragrafoa: enpresa baten itxiera gauza larria da,

etiketa:
[DEBUG] Decoded: itxierarekin batera lanpostuen galera eta pertsona askoren etorkizun ekonomiko
[DEBUG] Decoded: pos

aztertzeko esaldia:

etiketa: pos

aztertzeko esaldia:

et
[DEBUG] Decoded: etiketa zuzena: neu

aztertzeko esaldia:

etiketa: neg

etik
[DEBUG] Decoded: paragrafoa: eta, hala, gaur egungo europar batasunaren aldeko g
[DEBUG] Decoded: neu
[DEBUG] Decoded: neu
[DEBUG] Decoded: neu
[DEBUG] Decoded: neu
[DEBUG] Decoded: pos | neu | neg
[DEBUG] Decoded: paragrafoa: eta hori, gainera, nahi gabe egiten duzue, z
[DEBUG] Decoded: bidali

ez dago erantzunik

aztertu testu bakoitzaren jarrera eta sailkat
[DEBUG] Decoded: bilatzailea:
[DEBUG] Decoded: bidali

paragrafoa: gure ustez, berriz, erabakiak hartu a
[DEBUG] Decoded: neu
[DEBUG] Decoded: neu
[DEBUG] Decoded: pos
[DEBUG] Decoded: bidali
[DEBUG] Decoded: positiboa negatiboa neutroa
[DEBUG] Decoded: paragrafoa: eta hori guztia,

etiketa: neg

paragrafoa:
[DEBUG] Decoded: bidali

kargatzen...

kargatzen...

kargatzen...

kargatzen...

karg
[DEBUG] Decoded: eskerrik asko.

etiketa: pos

etiketa: neu

etiketa: neg
[DEBUG] Decoded: adierazpena: parlamentuak aho batez onartu duen adierazpen instit
[DEBUG] Decoded: pos
[DEBUG] Decoded: pos
[DEBUG] Decoded: neu
[DEBUG] Decoded: bidali
[DEBUG] Decoded: paragrafoa: eskerrik asko,

etiketa:
[DEBUG] Decoded: aztertzeko esaldia:

paragrafoa: eskerrik asko.

etiketa: neg
[DEBUG] Decoded: erantzuna: pos

paragrafoa: eskerrik asko, eta zorionak, bide b
[DEBUG] Decoded: etiketa:
[DEBUG] Decoded: testuingurua:
[DEBUG] Decoded: pos
[DEBUG] Decoded: pos
[DEBUG] Decoded: pos
[DEBUG] Decoded: aukeratu zuzenaren aldeko botoa eman duzuenoi, zer pentsa ematen
[DEBUG] Decoded: positiboa

paragrafoa: erabakitzeko ariketa demokratikoa izanagatik
[DEBUG] Decoded: etxe honetako talde guztiek, salbu eta nafarroako alderdi sozialist
[DEBUG] Decoded: neu
[DEBUG] Decoded: ez erantzun beste ezer bakarrik etiketa.
[DEBUG] Decoded: pos

aztertzeko esaldia:

paragrafoa: gure taldeak ez du legez
[DEBUG] Decoded: neu
[DEBUG] Decoded: neg
[DEBUG] Decoded: neu
[DEBUG] Decoded: (neu)

azalpena:

ez da etiketa aldatu.

aztertzeko esaldia
[DEBUG] Decoded: pos neg neu
[DEBUG] Decoded: paragrafoa: horren harira, legebiltzarrak eskatu behar dio eusko ja
[DEBUG] Decoded: (neu)
[DEBUG] Decoded: neu
[DEBUG] Decoded: paragrafoa: horrek esan nahi du,

paragrafoa: nik uste dut hor arg
[DEBUG] Decoded: neu
[DEBUG] Decoded: neu
[DEBUG] Decoded: neu
[DEBUG] Decoded: neu
[DEBUG] Decoded: etiketa:
[DEBUG] Decoded: neg
[DEBUG] Decoded: neu
[DEBUG] Decoded: pos neg neu

paragrafoa: nire semeak ez du arazorik izan, eta ez du
[DEBUG] Decoded: paragrafoa: eta ados nago zuekin, ez dela bakarrik ikastetxearen
[DEBUG] Decoded: pos
[DEBUG] Decoded: neu
[DEBUG] Decoded: pos
[DEBUG] Decoded: pos

paragrafoa: eskerrik asko zuen erantzunagatik. uste dut zue
[DEBUG] Decoded: aztertzeko esaldia:

paragrafoa: ez, ez, ez. nik uste dut hori
[DEBUG] Decoded: neu
[DEBUG] Decoded: neu
[DEBUG] Decoded: pos | neu | neg
[DEBUG] Decoded: pos
[DEBUG] Decoded: neu
[DEBUG] Decoded: neu
[DEBUG] Decoded: neu
[DEBUG] Decoded: paragrafoa: eta egia da. niretzat ere gauzak aldatu dira
[DEBUG] Decoded: pos neg neu
[DEBUG] Decoded: positiboa

paragrafoa: gaur egun 40 urte dituen norbaiten ik
[DEBUG] Decoded: neu
[DEBUG] Decoded: paragrafoa: lehenengo gauza, "pribatua" zer den definitzea izango
[DEBUG] Decoded: etiketa:
[DEBUG] Decoded: pos
[DEBUG] Decoded: pos
[DEBUG] Decoded: pos
[DEBUG] Decoded: neu
[DEBUG] Decoded: pos

paragrafoa: hori dela eta, aipatu egitasmoa bertan behera uz
[DEBUG] Decoded: etiketa: neg
[DEBUG] Decoded: neu
[DEBUG] Decoded: etiketa:
[DEBUG] Decoded: neg
[DEBUG] Decoded: neg
[DEBUG] Decoded: neg
[DEBUG] Decoded: neg
[DEBUG] Decoded: neu
[DEBUG] Decoded: esaldiaren jarrera identifikatu eta sailkatu: "pos", "neu" edo "neg".
[DEBUG] Decoded: esaldiaren hasiera eta bukaera adierazi (parentesi artean idatzi, bi zenbaki
[DEBUG] Decoded: bidali
[DEBUG] Decoded: gogoratu!
[DEBUG] Decoded: neg

aztertzeko esaldia:

etiketa:
[DEBUG] Decoded: neu
[DEBUG] Decoded: neu
[DEBUG] Decoded: neu
[DEBUG] Decoded: paragrafoa: eta zelan ez,

etiketa:
[DEBUG] Decoded: positiboa

paragrafoa: gaurkoan, jakineko genuke kultura sailbur
[DEBUG] Decoded: aztertzeko esaldia:

paragrafoa: gaurkoan, gai honen inguruan
[DEBUG] Decoded: epea: 2016/07/20

aztertzeko esaldia:

etiketa: neu
[DEBUG] Decoded: esaldiaren identifikatzailea: 7e0c0e7d

esaldiaren identifik
[DEBUG] Decoded: paragrafoa: eta, horretarako, gure enpresen nazioartekotzea
[DEBUG] Decoded: pos
[DEBUG] Decoded: pos
[DEBUG] Decoded: neu
[DEBUG] Decoded: urla: https://www.irekia.euskadi.eus/eu/proposals/2438
[DEBUG] Decoded: paragrafoa: gure helburua da enpresen lehiakortasuna sustatzea eta
[DEBUG] Decoded: aztertzeko esaldia:

paragrafoa: casanova jauna, hori da gure industria
[DEBUG] Decoded: neu
[DEBUG] Decoded: pos

paragrafoa: zorrilla jauna, upydren eta alderdi popularraren
[DEBUG] Decoded: testu osoa ikusteko, http://www.parlamujer.eus/eu/parlamentu-
[DEBUG] Decoded: pos
[DEBUG] Decoded: neg
[DEBUG] Decoded: neu
[DEBUG] Decoded: neg
[DEBUG] Decoded: etiketak banan-banan idatzi, puntuazioa erabiliz bereizteko:

pos,
[DEBUG] Decoded: neg
[DEBUG] Decoded: paragrafoa: egoera horretan, enpresak aukera desberdinak ditu:
[DEBUG] Decoded: pos

paragrafoa: hala eta guztiz ere ematen dira krisi egoera bizi dut
[DEBUG] Decoded: pos
[DEBUG] Decoded: (neu)
[DEBUG] Decoded: neu
[DEBUG] Decoded: neu
[DEBUG] Decoded: neg
[DEBUG] Decoded: ezabatu

bidali

garbitu

maiztasuna: 1

feedback-a

mesed
[DEBUG] Decoded: neu
[DEBUG] Decoded: neg
[DEBUG] Decoded: neu
[DEBUG] Decoded: paragrafoa: gure lehendakariak aldebikotasuna aipatu ohi du beti
[DEBUG] Decoded: neg
[DEBUG] Decoded: neg
[DEBUG] Decoded: neg
[DEBUG] Decoded: neu
[DEBUG] Decoded: esaldiaren jarrera: neg
[DEBUG] Decoded: neg
[DEBUG] Decoded: neu
[DEBUG] Decoded: etiketa:
[DEBUG] Decoded: etiketa:
[DEBUG] Decoded: pos
[DEBUG] Decoded: pos
[DEBUG] Decoded: pos
[DEBUG] Decoded: neu
[DEBUG] Decoded: paragrafoa: gure aldetik, behintzat, ez da egongo inolako oztop
[DEBUG] Decoded: neu
[DEBUG] Decoded: neu

aztertzeko esaldia:

etiketa:
[DEBUG] Decoded: etiketa:
[DEBUG] Decoded: pos
[DEBUG] Decoded: pos
[DEBUG] Decoded: pos
[DEBUG] Decoded: pos
[DEBUG] Decoded: testuaren idazlearen jarrera da:

paragrafoa: gure hezkuntza sistema berd
[DEBUG] Decoded: pos

paragrafoa: hezkuntza sistemak, bere baitan, izaera integratzaile
[DEBUG] Decoded: paragrafoa: hizkuntza eredu bakarra, euskara ardatz izango duena
[DEBUG] Decoded: neu
[DEBUG] Decoded: etiketa zuzena da?
[DEBUG] Decoded: neu
[DEBUG] Decoded: neu
[DEBUG] Decoded: neu
[DEBUG] Decoded: neu
[DEBUG] Decoded: bidali
[DEBUG] Decoded: jarrera:
[DEBUG] Decoded: etiketa: neg
[DEBUG] Decoded: paragrafoa: gure mozioa aurkeztu genuen eta zuek aurkeztu zen
[DEBUG] Decoded: erantzuna: neu
[DEBUG] Decoded: paragrafoa: eta azkenaldian izan zen 2018ko apirilean, guk
[DEBUG] Decoded: neu
[DEBUG] Decoded: neu
[DEBUG] Decoded: neu
[DEBUG] Decoded: neu
[DEBUG] Decoded: pos

paragrafoa: eta azkenaldian izan zen, 2018ko apirilean
[DEBUG] Decoded: neg

paragrafoa: gure aldetik, egitasmoa aztertu dugu eta, z
[DEBUG] Decoded: neu

aztertzeko esaldia:

etiketa:
[DEBUG] Decoded: pos

paragrafoa: noski, aldaketa guztiek dakartzate bere zailtasunak
[DEBUG] Decoded: pos neg neu
[DEBUG] Decoded: neu
[DEBUG] Decoded: neu
[DEBUG] Decoded: (neutral)

paragraph to analyze:
paragraph: eta hori ez da gertatzen bakarrik gure her
[DEBUG] Decoded: kategoria:
[DEBUG] Decoded: paragrafoa: dena den, hizkuntza baten erabileran, hizkunt
[DEBUG] Decoded: paragrafoa: hala eta guztiz ere,.hori dela eta, eta gure talde
[DEBUG] Decoded: eskerrik asko.

paragrafoa: gaurkoan,

etiketa: neg

par
[DEBUG] Decoded: eskerrik asko, legebiltzarburu andrea. neu

aztertzeko esaldia
[DEBUG] Decoded: idatzi etiketa zure erantzun gisa.

paragrafoa: eskerrik asko,
[DEBUG] Decoded: pos
[DEBUG] Decoded: pos
[DEBUG] Decoded: neu
[DEBUG] Decoded: neu

aztertzeko esaldia:

paragrafoa: eta, berriro diot,
[DEBUG] Decoded: paragrafoa: eta nik uste dut, hori dela gure herriaren alde egiteko
[DEBUG] Decoded: etiketa:

eskerrik asko, legebiltzarburu andrea.
[DEBUG] Decoded: neu

paragrafoa: 2009ko datuak hartzen baditugu, adibidez
[DEBUG] Decoded: pos, neu, neg
[DEBUG] Decoded: paragrafoa: desoreka hori ez da horren nabarmena erakusketa kolektiboet
[DEBUG] Decoded: neg
[DEBUG] Decoded: neu
[DEBUG] Decoded: neu
[DEBUG] Decoded: paragrafoa: emakume artisten lanak erakusteko, ez da aski emakumeen
[DEBUG] Decoded: positiboa, negatiboa, neutroa
[DEBUG] Decoded: paragrafoa: dena den, erakusketa gehienetan gaiak dira nagusi,
[DEBUG] Decoded: uriarte anderea, jangelaren kudeaketan eskolei protagonismoa eman behar zaie.

ne
[DEBUG] Decoded: pos
[DEBUG] Decoded: testuingurua: hezkuntza
[DEBUG] Decoded: (neu)
[DEBUG] Decoded: pos
[DEBUG] Decoded: neu
[DEBUG] Decoded: neu
[DEBUG] Decoded: paragrafoa: uriarte anderea, jangelaren kudeaketan eskolei protagonismoa eman beh
[DEBUG] Decoded: uriarte anderea: jangelaren kudeaketan eskolei protagonismoa eman behar zaie.
[DEBUG] Decoded: neu

aztertzeko esaldia:

paragrafoa: laugarren ildo estrategikoa
[DEBUG] Decoded: jarrera:
[DEBUG] Decoded: paragrafoa: emakumeek, oro har, eta emakume baserritarrek, bereziki
[DEBUG] Decoded: (neu)
[DEBUG] Decoded: pos
[DEBUG] Decoded: neu
[DEBUG] Decoded: paragrafoa: emakumeen ahalduntzea bultzatuko da,

paragrafoa
[DEBUG] Decoded: esaldiak:

1. emakumeen ahalduntzea eta lidergoa sustatzea, em
[DEBUG] Decoded: positiboa
[DEBUG] Decoded: neu

paragrafoa: eta ezezko hori da eh bildu taldeak berret
[DEBUG] Decoded: ezezaguna
[DEBUG] Decoded: neg
[DEBUG] Decoded: neu
[DEBUG] Decoded: neu
[DEBUG] Decoded: neu
[DEBUG] Decoded: neu
[DEBUG] Decoded: esaldiaren jarrera identifikatu eta sailkatu: "pos", "neu" edo "neg".
[DEBUG] Decoded: pos | neu | neg
[DEBUG] Decoded: guztira: 1
[DEBUG] Decoded: galdetegia:
[DEBUG] Decoded: paragrafoa: iruñeko udalak, 2017ko ekainaren 5ean, h
[DEBUG] Decoded: (neu)
[DEBUG] Decoded: (pos)
[DEBUG] Decoded: neu
[DEBUG] Decoded: paragrafoa: eta gaurkoan,

etiketa:
[DEBUG] Decoded: bai, egun on denoi. pos

paragrafoa: ez, bai, ez. ez,
[DEBUG] Decoded: esaldiaren hasiera zenbakia: 1

esaldiaren hasiera zenbakia: 2

es
[DEBUG] Decoded: neu
[DEBUG] Decoded: aztertzeko esaldia:

etiketa:
[DEBUG] Decoded: etiketa:
[DEBUG] Decoded: pos
[DEBUG] Decoded: neu
[DEBUG] Decoded: neu
[DEBUG] Decoded: aztertzeko esaldia:

paragrafoa: gero seguru laugarrenari dagokionean
[DEBUG] Decoded: pos, neg, neu
[DEBUG] Decoded: paragrafoa: baina aurreko urtean zerbait garrantzitsua esan baldin
[DEBUG] Decoded: neg
[DEBUG] Decoded: etiketa zuzena: neg

azalpena: ez dago etiketa zuzenik,
[DEBUG] Decoded: neu
[DEBUG] Decoded: neg
[DEBUG] Decoded: neu
[DEBUG] Decoded: neu
[DEBUG] Decoded: etiketa arrazoitu:

paragrafoa: "eta ordura arteko bazegoen bilakaera p
[DEBUG] Decoded: positiboa

neutroa

negatiboa
[DEBUG] Decoded: paragrafoa: 2015ean hasi zen bazterketa prozesu bat, gero eta hand
[DEBUG] Decoded: bidali
[DEBUG] Decoded: etiketa:
[DEBUG] Decoded: positiboa
[DEBUG] Decoded: (neu)
[DEBUG] Decoded: pos
[DEBUG] Decoded: neu
[DEBUG] Decoded: sailkatu testuaren jarrera.
[DEBUG] Decoded: adibidez: pos

esaldia: "candyk bergaran duen lantegia itx
[DEBUG] Decoded: azalpena:
[INFO] Emaitzak gordeta: emaitzak_sentiment/zero-shot/dev/decoded/latxa3.1-70B.csv
[INFO] Metrikak gordeta: emaitzak_sentiment/zero-shot/dev/metrics/latxa3.1-70B.csv
