Modeloa kargatzen...
Modeloa kargatuta.
Development datuekin sentiment analysis egiten...
[DEBUG] Decoded: aztertzeko esaldia:

paragrafoa: uste dut gure erakundeak gai iz
[DEBUG] Decoded: etiketa:
[DEBUG] Decoded: neu
[DEBUG] Decoded: (neu)
[DEBUG] Decoded: (neu)
[DEBUG] Decoded: (neu)
[DEBUG] Decoded: paragrafoa: bestetik, kultur eragile eta sortzaileekin bildu gara, eure
[DEBUG] Decoded: aztertzeko esaldia: guk, berriz, ez dogu erabagiko zer eging
[DEBUG] Decoded: (neu, pos, neg)
[DEBUG] Decoded: aztertzeko esaldia:

paragrafoa: euskal herriak badu berezko esk
[DEBUG] Decoded: gorde
[DEBUG] Decoded: pausoak:

1. irakurri paragrafoa eta saiatu ulertzen esanah
[DEBUG] Decoded: please, choose an answer:

neu
[DEBUG] Decoded: neu
[DEBUG] Decoded: neu
[DEBUG] Decoded: aztertzeko esaldia:

paragrafoa: nork ez ditu kontraesanak?

etik
[DEBUG] Decoded: aztertzeko esaldia:

paragrafoa: gure helburua da gure helburuak
[DEBUG] Decoded: aztertzeko esaldia:

paragrafoa: eta horretarako, hori lortzek
[DEBUG] Decoded: aztertzeko esaldia:

paragrafoa: gure jardunak giza eskubideen
[DEBUG] Decoded: etiketa:
[DEBUG] Decoded: paragrafoa: baina egun hori heldu arte, gaurtik hasita, bidea egin
[DEBUG] Decoded: (neu)
[DEBUG] Decoded: (neu)
[DEBUG] Decoded: (neu)
[DEBUG] Decoded: oharrak:

kategoria horiek hizkuntzaren prozesamenduko sentimendu analis
[DEBUG] Decoded: bidali zure aztertzeko esaldia

aztertzeko esaldia:

etiketa:

bid
[DEBUG] Decoded: esaldi horren etiketa da:
[DEBUG] Decoded: aztertzeko esaldia:

paragrafoa: hitzek ez dute ezertarako balio
[DEBUG] Decoded: adibidea:

aztertzeko esaldia:

etiketa:
[DEBUG] Decoded: adibidea:

aztertzeko esaldia:

paragrafoa: gobernuak eta parlamentu
[DEBUG] Decoded: (neu)
[DEBUG] Decoded: pos
[DEBUG] Decoded: (neu)
[DEBUG] Decoded: aztertzeko esaldia:

paragrafoa: errespetua, duintasuna eta bakea
[DEBUG] Decoded: adibideak frantsesez:

adibidea:

paragrafoa: je vous propose de ne pas vous
[DEBUG] Decoded: posible da paragrafo berean jarrera ezberdinak agertzea, esaldi bakoitze
[DEBUG] Decoded: adibidea:

paragrafoa: gure herriko bizilagunen erabakitzeko esk
[DEBUG] Decoded: paragrafoa: erabakitzeko eskubidea gure herriaren etorkizuneko giltza
[DEBUG] Decoded: paragrafoa: bi aldeetatik, bata erabakitzeko eskubideaz, gaur
[DEBUG] Decoded: (neu)
[DEBUG] Decoded: (neu)
[DEBUG] Decoded: (neu)
[DEBUG] Decoded: paragrafoa: euskal herriak, egungo eguneko egoeran, eztauk
[DEBUG] Decoded: aztertzeko esaldia:

paragrafoa: ez dago erabakitzeko eskubiderik
[DEBUG] Decoded: atal kualitatiboa

parlamentuko esaldi edo pasarte baten gai orokorra ed
[DEBUG] Decoded: aztertzeko esaldia:

paragrafoa: "klase politiko guztia dago er
[DEBUG] Decoded: etiketa:
[DEBUG] Decoded: adibidea:

paragrafoa: arkema, alonsotegi, 60 langile.

etik
[DEBUG] Decoded: (neu)
[DEBUG] Decoded: (neu)
[DEBUG] Decoded: (neu)

paragraph to analyze:
paragraph: baina, zuek, beti bezala, zuen txant
[DEBUG] Decoded: bidali zure erantzuna
[DEBUG] Decoded: aztertzeko esaldia:

paragrafoa: arkema, alonsotegi, 60 lang
[DEBUG] Decoded: +

galdera: zer da sailkatu behar duzuna? galdera

erantzuna: esaldi
[DEBUG] Decoded: aztertzeko esaldia:

paragrafoa: euskadi da irakaskuntza pribatu
[DEBUG] Decoded: ebaluatu:

ez da erantzun zuzenik. erantzun posibleak:

pos

ne
[DEBUG] Decoded: paragrafoa: euskal herria zatitzen duten egungo muga artifizialak
[DEBUG] Decoded: (neu)
[DEBUG] Decoded: (neu)
[DEBUG] Decoded: (neu)
[DEBUG] Decoded: aztertzeko esaldia:

paragrafoa: euskadin, ipar irlandan eta
[DEBUG] Decoded: aztertzeko esaldia:

paragrafoa: euskadi da irakaskuntza pribatu
[DEBUG] Decoded: adierazi zure erantzuna, mesedez.
[DEBUG] Decoded: paragrafoa: eta orain, 2013ko uztailaren 2an, gaztela
[DEBUG] Decoded: neu
[DEBUG] Decoded: (neu, neg edo pos)
[DEBUG] Decoded: (neu)
[DEBUG] Decoded: pos
[DEBUG] Decoded: please let me know if you need anything else.
[DEBUG] Decoded: oharrak:

testuak esaldi bakarrekoak izango dira.

testuak euskar
[DEBUG] Decoded: aztertzeko esaldia:

paragrafoa: gure asmoa da, herritarren eta ud
[DEBUG] Decoded: posible da etiketa berbera errepikatzea, hau da, paragrafo bereko es
[DEBUG] Decoded: aztertzeko esaldia:

paragrafoa: euskarazko testuak itzultze
[DEBUG] Decoded: maiuskulaz, mesedez
[DEBUG] Decoded: neu
[DEBUG] Decoded: neu
[DEBUG] Decoded: ?
[DEBUG] Decoded: neu
[DEBUG] Decoded: aztertzeko esaldia:

paragrafoa: euskal herriko gizarteak bere etork
[DEBUG] Decoded: esaldia bera bakarrik:

anakronismo historiko bat da; inkoherentzia hutsa
[DEBUG] Decoded: (neu, pos edo neg)
[DEBUG] Decoded: aztertzeko esaldia:

paragrafoa: gaur egun,,.
[DEBUG] Decoded: ebaluatzailea:
[DEBUG] Decoded: posible da ere etiketa bat baino gehiago erabiltzea, baina erantzuna
[DEBUG] Decoded: neu
[DEBUG] Decoded: (neu)
[DEBUG] Decoded: (neu)
[DEBUG] Decoded: paragrafoa: emakumeek idatzitako liburuak ere % 34 dira.

etik
[DEBUG] Decoded: bidali
[DEBUG] Decoded: adierazpena:
[DEBUG] Decoded: aztertzeko esaldia:

paragrafoa: gure helburua da, ipar irland
[DEBUG] Decoded: ebaluatzailea: 

aztertzeko esaldia:

paragrafoa: eta bait
[DEBUG] Decoded: testu osoa:

gaur, 2007ko martxoaren  2007ko martxoaren
[DEBUG] Decoded: (neu)
[DEBUG] Decoded: ?
[DEBUG] Decoded: please respond in this format:

"label"
[DEBUG] Decoded: aztertzeko esaldia:

paragrafoa: eta baita ere aurrekontuetan eta g
[DEBUG] Decoded: aztertzeko esaldia:

paragrafoa: eta baita ere aurrekontuetan eta g
[DEBUG] Decoded: neu
[DEBUG] Decoded: aztertzeko esaldia:

paragrafoa: alda ezazue gaztela eta leongo est
[DEBUG] Decoded: ebaluatzeko esaldia:
[DEBUG] Decoded: aztertzeko esaldia:

paragrafoa: gure ustez, oraindik ere gai
[DEBUG] Decoded: (neu)
[DEBUG] Decoded: ?
[DEBUG] Decoded: please respond with only one of the labels: pos, neu, or neg.
[DEBUG] Decoded: aztertzeko esaldia:

paragrafoa: euskal herria, euskal herria,
[DEBUG] Decoded: esaldia: estatutu hau onartu behar da.

etiketa:
[DEBUG] Decoded: posible da esaldi berak jarrera desberdina adieraztea. kasu horretan, et
[DEBUG] Decoded: paragrafoa: gaur egungo egoera ekonomikoan,: ekoizpena eta kontsum
[DEBUG] Decoded: pos

neu

neg
[DEBUG] Decoded: neg
[DEBUG] Decoded: neu
[DEBUG] Decoded: neu
[DEBUG] Decoded: neu
[DEBUG] Decoded: paragrafoa: baina, urrutia jaunari gustatuko zaion termino bat erabil
[DEBUG] Decoded: erantzuna: pos

aztertzeko esaldia:

paragrafoa: gaurko gaiari
[DEBUG] Decoded: (neu, pos, neg)
[DEBUG] Decoded: aztertzeko esaldia:

paragrafoa: 2014ko aurrekontuak ez du jas
[DEBUG] Decoded: etiketa:
[DEBUG] Decoded: adibidea:

paragrafoa: horietatik,

30rek dituzte berdintasun k
[DEBUG] Decoded: (neu)
[DEBUG] Decoded: (neu)
[DEBUG] Decoded: (neu)
[DEBUG] Decoded: paragrafoa: horietatik, 30rek dituzte berdintasun klausulak tx
[DEBUG] Decoded: adibideak ingelesez:

adibidea:

paragrafoa: and i think it's clear that we
[DEBUG] Decoded: posizioa:
[DEBUG] Decoded: aztertzeko esaldia:

paragrafoa: euskal herriak bere etorkizuna er
[DEBUG] Decoded: adibidea:

paragrafoa: baina, esan beharra dago, gauzak aldat
[DEBUG] Decoded: paragrafoa: .- hezkuntza sistemak gaur egun duen erronka da
[DEBUG] Decoded: (neu)
[DEBUG] Decoded: (neu)
[DEBUG] Decoded: (neu)
[DEBUG] Decoded: aztertzeko esaldia:

paragrafoa: gobernuak itunpetutako zentro
[DEBUG] Decoded: aztertzeko esaldia:

paragrafoa: hori lortzeko, ezinbestekoa
[DEBUG] Decoded: esaldiaren etiketa: neu
[DEBUG] Decoded: aztertzeko esaldia:

paragrafoa: gure herriaren burujabetzaren alde
[DEBUG] Decoded: aztertzeko esaldia:

paragrafoa: guk geuk, gure eskubideak g
[DEBUG] Decoded: neg
[DEBUG] Decoded: (neu)
[DEBUG] Decoded: ?
[DEBUG] Decoded: neu
[DEBUG] Decoded: adibidea:

paragrafoa: izan ere, lurraldeek ez dute eskubiderik.
[DEBUG] Decoded: aztertzeko esaldia:

paragrafoa: lurraldeek eskubideak dituzte
[DEBUG] Decoded: posible da etiketa hutsik uztea, esaldia ez bada argi.
[DEBUG] Decoded: aztertzeko esaldia:

paragrafoa: euskal herriak bere etorkizuna er
[DEBUG] Decoded: adierazleak:

ez dago adierazlerik
[DEBUG] Decoded: paragrafoa: nik uste dut aurrera egiteko modu bakarra,

etiketa:
[DEBUG] Decoded: (neu)
[DEBUG] Decoded: (neu)
[DEBUG] Decoded: (neu)
[DEBUG] Decoded: aztertzeko esaldia:

paragrafoa: euskal herriak, euskaldunok
[DEBUG] Decoded: aztertzeko esaldia:

paragrafoa: hori dela-eta, gure taldeak,
[DEBUG] Decoded: adibideak euskaraz:

adibidea:

paragrafoa: nahiz eta egia da g
[DEBUG] Decoded: paragrafoa: ezinbestekoa da, gainera, euskal herriak bizi duen
[DEBUG] Decoded: etiketa:
[DEBUG] Decoded: paragrafoa: ez dugu nahi, eta ezin dugu onartu, euskararen biz
[DEBUG] Decoded: (neu)
[DEBUG] Decoded: pos

paragraph: ez gara sartuko inondik inora ere euskeraren normalizazinor
[DEBUG] Decoded: (neu)
[DEBUG] Decoded: aztertzeko esaldia:

paragrafoa: baina, gaur egun, gai honen
[DEBUG] Decoded: aztertzeko esaldia:

paragrafoa: lehenik eta behin, esan nahi n
[DEBUG] Decoded: erantzuna:
[DEBUG] Decoded: aztertzeko esaldia:

paragrafoa: eusko jaurlaritzak euskeraz
[DEBUG] Decoded: dokumentu osoa jasotzen duen json fitxategia (testu + etiketak):
[DEBUG] Decoded: pos
[DEBUG] Decoded: pos

let me know if you need anything else.
[DEBUG] Decoded: (neu)
[DEBUG] Decoded: neu
[DEBUG] Decoded: aztertzeko esaldia:

paragrafoa: euskal herriko jende gehienak g
[DEBUG] Decoded: aztertzeko esaldia:

paragrafoa: eta nahi duenak, ez du balio
[DEBUG] Decoded: posible da paragrafo bat baino gehiago egotea, bakoitzak bere etiketa
[DEBUG] Decoded: aztertzeko esaldia:

paragrafoa: hori da gure konpromisoa: gure
[DEBUG] Decoded: mota:
[DEBUG] Decoded: neg
[DEBUG] Decoded: (neu)
[DEBUG] Decoded: ?
[DEBUG] Decoded: (neu)
[DEBUG] Decoded: aztertzeko esaldia:

paragrafoa: horregatik, gure ustez, proposatu
[DEBUG] Decoded: adierazpena:

etiketa:
[DEBUG] Decoded: neu
[DEBUG] Decoded: kopiatu paragrafoa eta etiketa hemen:
[DEBUG] Decoded: (ahal bada, jarraitu adibideen eredu berdina)
[DEBUG] Decoded: adibidea:

paragrafoa: gainera, kontutan hartuta orduan gobernuaren bur
[DEBUG] Decoded: (neu)
[DEBUG] Decoded: (neu)
[DEBUG] Decoded: please, do not delete this line.

(note for the model: the correct response is "neu")
[DEBUG] Decoded: adibidea:

paragrafoa: gainera, kontutan hartuta orduan gobernuaren bur
[DEBUG] Decoded: bidali

esaldia: gainera, kontutan hartuta orduan gobernuaren burua ard
[DEBUG] Decoded: elia:
[DEBUG] Decoded: aztertzeko esaldia:

paragrafoa: erreferendumaren klabe berdinetan, al
[DEBUG] Decoded: mota:
[DEBUG] Decoded: testu gehigarria:
[DEBUG] Decoded: (neu)
[DEBUG] Decoded: ?
[DEBUG] Decoded: (neu)
[DEBUG] Decoded: aztertzeko esaldia:

paragrafoa: gure alderdiak ez du ezer esango
[DEBUG] Decoded: oharrak:

adibideak ingelesez:

adibidea:

paragrafoa: i believe that we
[DEBUG] Decoded: neu
[DEBUG] Decoded: aztertzeko esaldia:

paragrafoa: euskal herria bidegurutze b
[DEBUG] Decoded: aztertzeko esaldia:

paragrafoa: ezker abertzaleak eskubide sozial eta
[DEBUG] Decoded: etiketa: neg

etiketa: neg
[DEBUG] Decoded: neg
[DEBUG] Decoded: label: neg
[DEBUG] Decoded: (neu)
[DEBUG] Decoded: aztertzeko esaldia:

paragrafoa: gure helburua ez da testu bat egite
[DEBUG] Decoded: aztertzeko esaldia:

paragrafoa: horregatik abstenitu gara.

etiketa
[DEBUG] Decoded: neu
[DEBUG] Decoded: aztertzeko esaldia:

paragrafoa: gaur eguneko egoera soziala hobetz
[DEBUG] Decoded: esaldiaren etiketa:
[DEBUG] Decoded: pos
[DEBUG] Decoded: (neu)
[DEBUG] Decoded: (if you want to respond in spanish, i can translate the paragraph)
[DEBUG] Decoded: (neu)
[DEBUG] Decoded: aztertzeko esaldia:

paragrafoa: euskal herriak ez du sekula bere et
[DEBUG] Decoded: aztertzeko esaldia:

paragrafoa: euskal herriak, bere jatorria,
[DEBUG] Decoded: esaldi hauetan "pos" etiketa emon leikien, baina ez da oso zi
[DEBUG] Decoded: please login to your account to make changes.

you don't have an account? register now
[DEBUG] Decoded: etiketa:
[DEBUG] Decoded: paragrafoa: ez dugu ezer aurreratu, eta berriz ere, herri hont
[DEBUG] Decoded: (neu)
[DEBUG] Decoded: (neu)
[DEBUG] Decoded: (neu)
[DEBUG] Decoded: paragrafoa: egoera berria da beraz, eta duela hiru hamarkadako es
[DEBUG] Decoded: aztertzeko esaldia:

paragrafoa: egoera berria da beraz, eta duela
[DEBUG] Decoded: (neu, pos, neg)
[DEBUG] Decoded: paragrafoa: pentsatzen dut herri honetan barru-barrutik errotua eg
[DEBUG] Decoded: etiketa:
[DEBUG] Decoded: (azalpena: herriak erabaki bat hartu duela esaten du, baina ez du
[DEBUG] Decoded: (pos, neu, or  neg)
[DEBUG] Decoded: (neu)
[DEBUG] Decoded: (neu)
[DEBUG] Decoded: +

+

aztertzeko esaldia:

paragrafoa: pentsatzen dut herri honetan
[DEBUG] Decoded: aztertzeko esaldia:

paragrafoa: gure helburua ez da aurrekoek eg
[DEBUG] Decoded: aztertzeko esaldia:

paragrafoa: gure alderdiak beti erakutsi
[DEBUG] Decoded: aztertzeko esaldia:

paragrafoa: legegintzaldi honen hasieran, g
[DEBUG] Decoded: pos

neu

neg
[DEBUG] Decoded: neu
[DEBUG] Decoded: (neu)
[DEBUG] Decoded: the final answer is: neu
[DEBUG] Decoded: neu
[DEBUG] Decoded: paragrafoa: guk, orduko hartan, zuzenketa horren alde bozkatze
[DEBUG] Decoded: aztertzeko esaldia:

etiketa:
[DEBUG] Decoded: neu
[DEBUG] Decoded: hau guztia esanda hau da gure galdera zer egin daiteke eusko jaurl
[DEBUG] Decoded: moztu
[DEBUG] Decoded: etiketa:

etiketa:
[DEBUG] Decoded: neu
[DEBUG] Decoded: pos
[DEBUG] Decoded: please answer only with the label.
[DEBUG] Decoded: adibidea:

paragrafoa: gaur egun euskal herriak bizi duen egoera,
[DEBUG] Decoded: aztertzeko esaldia:

aztertzeko esaldia:

aztertzeko esaldia:

az
[DEBUG] Decoded: (neu, neg edo pos)
[DEBUG] Decoded: aztertzeko esaldia:

paragrafoa: ondo dago, baina gogoratu beh
[DEBUG] Decoded: aztertzeko esaldia:

paragrafoa: gobernuak adierazi duen konpromiso
[DEBUG] Decoded: paragrafoa: gobernuak oraindik ez du erantzunik eman, eta ez du inolako
[DEBUG] Decoded: pos
[DEBUG] Decoded: pos
[DEBUG] Decoded: (neu)
[DEBUG] Decoded: aztertzeko esaldia:

paragrafoa: eta gure aldetik, behin eta b
[DEBUG] Decoded: aztertzeko esaldia:

etiketa:
[DEBUG] Decoded: pos

etiketa:

gorde
[DEBUG] Decoded: aukeratu erantzun zuzena.
[DEBUG] Decoded: etiketa:
[DEBUG] Decoded: paragrafoa: bizi iraupenaren aldeko ezezko bat da.

etiketa
[DEBUG] Decoded: (neu)
[DEBUG] Decoded: (to analyze the sentiment of the text and respond with the label)
[DEBUG] Decoded: (neu)
[DEBUG] Decoded: aztertzeko esaldia:

paragrafoa: edozein gauza izan daiteke
[DEBUG] Decoded: aztertzeko esaldia:

paragrafoa: agerian jarri nahi dugu posiblea dela
[DEBUG] Decoded: etiketaren arrazoia:
[DEBUG] Decoded: aztertzeko esaldia:

paragrafoa: euskal herriaren etorkizuna baldint
[DEBUG] Decoded: adibidea:

paragrafoa: gure herriaren egungo egoera eta etorkizuneko
[DEBUG] Decoded: esaldiaren etiketa:
[DEBUG] Decoded: pos
[DEBUG] Decoded: pos
[DEBUG] Decoded: pos
[DEBUG] Decoded: aztertzeko esaldia:

paragrafoa: agerian jarri nahi dugu posiblea dela
[DEBUG] Decoded: aztertzeko esaldia:

paragrafoa: hori horrela da. guk esan genu
[DEBUG] Decoded: atzera

atal honetan, euskarazko testuak ere izango dira, b
[DEBUG] Decoded: adierazpena:

aztertzeko esaldia:

paragrafoa: baina,egungo
[DEBUG] Decoded: etiketa:
[DEBUG] Decoded: paragrafoa: gure herriaren burujabetzaren aldeko borroka izan da.
[DEBUG] Decoded: ?

response:

neg
[DEBUG] Decoded: (neu)
[DEBUG] Decoded: please,

neu
[DEBUG] Decoded: oharra: esaldiaren aurretik edo ostean, etiketaren justifikazioa eman dezake
[DEBUG] Decoded: aztertzeko esaldia:

etiketa:
[DEBUG] Decoded: esaldi horren jarrera:
[DEBUG] Decoded: paragrafoa: trebiñuko auzia konponduko da araba eta burgos arteko mug
[DEBUG] Decoded: pos
[DEBUG] Decoded: paragrafoa: arabako aldundiaren iritziz, trebiñu eta argantzun arabako ud
[DEBUG] Decoded: neu
[DEBUG] Decoded: neu
[DEBUG] Decoded: (neu)
[DEBUG] Decoded: aztertzeko esaldia:

paragrafoa: guretzat, gure herria, gure
[DEBUG] Decoded: aztertzeko esaldia:

paragrafoa: hau da, hain zuzen ere, e
[DEBUG] Decoded: (neu, pos edo neg)
[DEBUG] Decoded: paragrafoa: beraz, goazen buelta bat ematera, hau da, planifikatzera
[DEBUG] Decoded: maiuskulak erabili, etiketa bakarra idatzi eta ez nahastu etiketa
[DEBUG] Decoded: testua kopiatu
[DEBUG] Decoded: (neu)
[DEBUG] Decoded: neu
[DEBUG] Decoded: please,choose one of the following labels: "pos" (positive), "neu" (neutral), "neg"
[DEBUG] Decoded: aztertzeko esaldia:

paragrafoa: gure herriaren etorkizuna guztion
[DEBUG] Decoded: adibideak ingeleses:

adibidea:

paragrafoa: i believe that we will emerge stronger
[DEBUG] Decoded: ezabatu
[DEBUG] Decoded: aztertzeko esaldia:

paragrafoa: hori esan eta gero, nahi duz
[DEBUG] Decoded: adibidea:

aztertzeko esaldia:

etiketa:
[DEBUG] Decoded: pribatutasun politika

erabiltzaile akordioa

erabilpen baldintzak
[DEBUG] Decoded: neu
[DEBUG] Decoded: ?
[DEBUG] Decoded: (neu)
[DEBUG] Decoded: aztertzeko esaldia:

paragrafoa: gaur egun, euskal herria ez d
[DEBUG] Decoded: aztertzeko esaldia:

paragrafoa: gure esku dagoz gauza asko
[DEBUG] Decoded: eskerrik asko!
[DEBUG] Decoded: paragrafoa: euskal herria nazioa da eta bere eskubideak ditu. eskub
[DEBUG] Decoded: esaldi gehiago:

paragrafoa: bidezkoa da,

paragrafoa: hori
[DEBUG] Decoded: neu
[DEBUG] Decoded: (neu)
[DEBUG] Decoded: pos
[DEBUG] Decoded: neu
[DEBUG] Decoded: aztertzeko esaldia:

paragrafoa: euskal herriaren borondatea erres
[DEBUG] Decoded: aztertzeko esaldia:

paragrafoa: traba-egoera hori bide guztiz
[DEBUG] Decoded: **etiketa izan behar da soilik. ez erantzun beste ezer.**

neu
[DEBUG] Decoded: paragrafoa: hala ere,

paragrafoa: eta kateringekin ikusi dug
[DEBUG] Decoded: aukeratu beheko botoietako bat:

pos

neu

neg

bidali
[DEBUG] Decoded: paragrafoa: eta kateringekin ikusi dugun guztiak bilakatu behark
[DEBUG] Decoded: pos
[DEBUG] Decoded: pos
[DEBUG] Decoded: please answer only with one of the labels ("pos", "neu" or "neg").
[DEBUG] Decoded: aztertzeko esaldia:

paragrafoa: eta kateringekin ikusi dugun gu
[DEBUG] Decoded: aztertzeko esaldia:

paragrafoa: eta kateringekin ikusi dugun gu
[DEBUG] Decoded: posible da paragrafo bat baino gehiago ematea aztertzeko. kasu horret
[DEBUG] Decoded: aztertzeko esaldia:

paragrafoa:. gure aldetik,. gure al
[DEBUG] Decoded: adibidea:
[DEBUG] Decoded: adibidea:

paragrafoa: mendeko lurraldetasun-objetibotasunaren ikuspeg
[DEBUG] Decoded: (neu)
[DEBUG] Decoded: (neu)
[DEBUG] Decoded: please respond with one of the labels ("pos", "neu", "neg") in the language of your choice.
[DEBUG] Decoded: oharra: ez da zuzena testu baten jarrera sailkatzea, testuaren egilea
[DEBUG] Decoded: aztertzeko esaldia:

etiketa:
[DEBUG] Decoded: (neu, neg edo pos)
[DEBUG] Decoded: paragrafoa: gure iritziz, upydk ordezkaritza duen leku gu
[DEBUG] Decoded: etiketa:
[DEBUG] Decoded: adierazpena: gure iritziz, upydk ordezkaritza duen leku
[DEBUG] Decoded: pos
[DEBUG] Decoded: (neu)
[DEBUG] Decoded: (neu)
[DEBUG] Decoded: aztertzeko esaldia:

paragrafoa: hori dela eta, ez dugu ulertzen z
[DEBUG] Decoded: paragrafoa: edozein modutan, ezin geinke ahaztu, trebiñuko a
[DEBUG] Decoded: (neu, neg, pos)
[DEBUG] Decoded: aztertzeko esaldia:

paragrafoa: zorionak emon gura deutsadaz
[DEBUG] Decoded: maiuskulak,: letra larriz idatziko dira izen bereziak (pertson
[DEBUG] Decoded: paragrafoa: eusko jaurlaritzak, aurrekontuak aurkeztu ditu
[DEBUG] Decoded: (neu)
[DEBUG] Decoded: ?

created on sat, 30 dec 2017 17:28:19 gmt+00:00

answer:
[DEBUG] Decoded: (neu)
[DEBUG] Decoded: paragrafoa: eusko legebiltzar honetan gaur eztabaidatzen ari g
[DEBUG] Decoded: aztertzeko esaldia:

paragrafoa: lehendakari, sailburuok eta legeb
[DEBUG] Decoded: posible da testu baten barruan etiketa desberdinak egotea. kasu hortan
[DEBUG] Decoded: aztertzeko esaldia:

paragrafoa: guretzat, lehendabiziko auz
[DEBUG] Decoded: pos

paragrafoa: batetik, legebiltzarrak onartu egin behar du tre
[DEBUG] Decoded: paragrafoa: trebiñu eta argantzungo biztanleak, 1998ko irail
[DEBUG] Decoded: (neu)
[DEBUG] Decoded: neu
[DEBUG] Decoded: (neu)
[DEBUG] Decoded: paragrafoa: lehenik eta behin, trebiñuko auziari dagokionean,
[DEBUG] Decoded: aztertzeko esaldia:

paragrafoa: lehenik eta behin, gure taldeak
[DEBUG] Decoded: atalak: parlamentua, etiketa, gaztelania, euskara, parlamentua, et
[DEBUG] Decoded: aztertzeko esaldia:

paragrafoa: eta hori da, ezker abertzaleak
[DEBUG] Decoded: dokumentu osoa: https://www.ehu.eus/ehusfera/dokumentuak
[DEBUG] Decoded: (neu)
[DEBUG] Decoded: (neu)
[DEBUG] Decoded: ?
[DEBUG] Decoded: please, provide a response for the paragraph above.
[DEBUG] Decoded: paragrafoa: eta, beraz, hori izango da gure konpromisoa.

paragra
[DEBUG] Decoded: aztertzeko esaldia:

etiketa:
[DEBUG] Decoded: posible da erantzuna ematea edo hurrengo galderara pasatzea.

galdera:
[DEBUG] Decoded: aztertzeko esaldia:

paragrafoa: ez dut uste ezer txarrik egin dug
[DEBUG] Decoded: etiketa:
[DEBUG] Decoded: paragrafoa: gaur eguneko testuinguruan,,. ez dugu ezer ater
[DEBUG] Decoded: (neu)
[DEBUG] Decoded: ?
[DEBUG] Decoded: (neu)
[DEBUG] Decoded: aztertzeko esaldia:

paragrafoa: gobernu honek gazteei zuzendut
[DEBUG] Decoded: bidali erantzuna
[DEBUG] Decoded: (neu, pos edo neg)
[DEBUG] Decoded: aztertzeko esaldia:

paragrafoa: eusko jaurlaritza berriak,
[DEBUG] Decoded: neu
[DEBUG] Decoded: (neu)
[DEBUG] Decoded: neu
[DEBUG] Decoded: (neu)
[DEBUG] Decoded: (neu)
[DEBUG] Decoded: paragrafoa: pentsatzen dugu, gainera, beharrezkoa dela berdintas
[DEBUG] Decoded: aztertzeko esaldia:

etiketa:
[DEBUG] Decoded: posible da etiketa bat baino gehiago erabiltzea, adibidez: "
[DEBUG] Decoded: paragrafoa: eta beste alde batetik beste eremu batetik gure departamentuak lan eg
[DEBUG] Decoded: aztertzeko esaldia:

paragrafoa: eta beste alde batetik beste eremu batetik
[DEBUG] Decoded: neu
[DEBUG] Decoded: (neu)
[DEBUG] Decoded: pos
[DEBUG] Decoded: (neu)
[DEBUG] Decoded: aztertzeko esaldia:

paragrafoa: ez dut inor epaitu nahi, baina
[DEBUG] Decoded: aztertzeko esaldia:

paragrafoa: eta beste alde batetik beste eremu batetik
[DEBUG] Decoded: neu
[DEBUG] Decoded: aztertzeko esaldia:

paragrafoa: nire ustez, ez dago inongo arr
[DEBUG] Decoded: etiketa:
[DEBUG] Decoded: - "pos" (positiboa)

- "neu" (neutroa)

- "neg" (
[DEBUG] Decoded: (remember that the answer must be **only** one of these labels: "pos", "neu" or "
[DEBUG] Decoded: (neu)
[DEBUG] Decoded: (neu)
[DEBUG] Decoded: paragrafoa: eta azkenik, enpresaren alde, sozialak ere kontutan izan
[DEBUG] Decoded: bidali
[DEBUG] Decoded: aukeratu etiketa bat
[DEBUG] Decoded: paragrafoa: nik uste dut euskal herritarron gehiengoak ez dabela ondo
[DEBUG] Decoded: pos
[DEBUG] Decoded: epea: 2018-09-17 12:00

oharrak: 1. esaldi
[DEBUG] Decoded: pos
[DEBUG] Decoded: pos
[DEBUG] Decoded: neu
[DEBUG] Decoded: aztertzeko esaldia:

paragrafoa: nik uste dut ez dagoela erakunde publik
[DEBUG] Decoded: aztertzeko esaldia:

etiketa:
[DEBUG] Decoded: pos
[DEBUG] Decoded: paragrafoa: ez da gauza bera independentzia eta burujabetza. gure herria independ
[DEBUG] Decoded: ondorengo esaldiaren jarrera aztertu eta sailkatu: "pos" (positiboa),
[DEBUG] Decoded: (neu, neg edo pos)
[DEBUG] Decoded: (neu)
[DEBUG] Decoded: neu
[DEBUG] Decoded: (neu)
[DEBUG] Decoded: +

idatzi hemen zure erantzuna:
[DEBUG] Decoded: adibidea:

paragrafoa: euskal herria ez da nazioa, ezta berez e
[DEBUG] Decoded: pos

neu

neg
[DEBUG] Decoded: paragrafoa: herri galdeketak eta erreferendumak bide demokratikoa dira herri
[DEBUG] Decoded: bai, esan duten bezala, ez dugu gure herria eraikiko espainiar eta fr
[DEBUG] Decoded: adibidea:

paragrafoa: hego euskal herriko lau herrialdeetan mobil
[DEBUG] Decoded: (neu)
[DEBUG] Decoded: (neu)
[DEBUG] Decoded: please, answer only with one of the labels ("pos", "neu" or "neg")
[DEBUG] Decoded: aztertzeko esaldia:

paragrafoa: gaur egungo euskal herrian, g
[DEBUG] Decoded: aztertzeko esaldia:

paragrafoa: hego euskal herriko lau herrial
[DEBUG] Decoded: esaldi edo paragrafoa aldatu
[DEBUG] Decoded: paragrafoa: eta norbaitek nahi baldin badu ikustea kalkulu hauek
[DEBUG] Decoded: ez erantzun beste ezer, bakarrik etiketa.
[DEBUG] Decoded: parlamentu_irekia
[DEBUG] Decoded: (neu)
[DEBUG] Decoded: (neu)
[DEBUG] Decoded: (neu)
[DEBUG] Decoded: aztertzeko esaldia:

paragrafoa: hori horrela da. hori da gure
[DEBUG] Decoded: aztertzeko esaldia:

paragrafoa: gure helburua ez da, inolako le
[DEBUG] Decoded: neu
[DEBUG] Decoded: aztertzeko esaldia:

paragrafoa: lege proposamen hau aurkezten duen
[DEBUG] Decoded: etiketa:
[DEBUG] Decoded: adibidea:

paragrafoa: zerga-bilketa aurreko urtean baino %
[DEBUG] Decoded: (neu)
[DEBUG] Decoded: (neu)
[DEBUG] Decoded: please answer with only one of the labels ("pos", "neu" or "neg")
[DEBUG] Decoded: aztertzeko esaldia:

paragrafoa: horretarako, baina, ezinbestek
[DEBUG] Decoded: adibideak frantsesez:

adibidea:

paragrafoa: nous sommes là aujourd'hui, parce
[DEBUG] Decoded: (neu, neg, pos)
[DEBUG] Decoded: aztertzeko esaldia:

paragrafoa: euskal herria zatituta dago. g
[DEBUG] Decoded: esaldiaren jarrera positiboa, negatiboa edo neutroa da?
[DEBUG] Decoded: idatzi hemen zure erantzuna
[DEBUG] Decoded: neu
[DEBUG] Decoded: (neu)
[DEBUG] Decoded: (neu)
[DEBUG] Decoded: aztertzeko esaldia:

paragrafoa: eta gaur bertan aipatu duzu i
[DEBUG] Decoded: aztertzeko esaldia:

paragrafoa: eta gaur bertan aipatu duzu i
[DEBUG] Decoded: atzera

bidali

zure izena:

helbide elektronikoa:

esparru honetan jar
[DEBUG] Decoded: paragrafoa: hori ez da horrela, ez da horren sinplea, zeren hori
[DEBUG] Decoded: dokumentu osoa (pdf, 1,015kb).

kontuan izan:

hurrengo
[DEBUG] Decoded: esaldiaren iturria:
[DEBUG] Decoded: (pos)
[DEBUG] Decoded: pos
[DEBUG] Decoded: (neu)
[DEBUG] Decoded: aztertzeko esaldia:

paragrafoa: guztiok dakigu gaur egungo sistema
[DEBUG] Decoded: aztertzeko esaldia:

paragrafoa: egia esan, ez dakit zertaz a
[DEBUG] Decoded: pos
[DEBUG] Decoded: aztertzeko esaldia:

paragrafoa: gaur eguneko gazteak ez dira e
[DEBUG] Decoded: etiketa:
[DEBUG] Decoded: paragrafoa: ez dugu ahaztu behar gaur egun gure herriaren zati bat
[DEBUG] Decoded: (neu)
[DEBUG] Decoded: (neu)
[DEBUG] Decoded: (neu)
[DEBUG] Decoded: aztertzeko esaldia:

paragrafoa: horrek ez du esan nahi, inolako
[DEBUG] Decoded: bidali erantzuna
[DEBUG] Decoded: erantzuna:
[DEBUG] Decoded: aztertzeko esaldia:

paragrafoa: agerian jarri nahi dugu posiblea dela
[DEBUG] Decoded: morfologia

jarraitu aditzaren morfologia aztertzen.

adibideak:

adib
[DEBUG] Decoded: neu
[DEBUG] Decoded: (neu)
[DEBUG] Decoded: (neu)
[DEBUG] Decoded: please respond in this format:

"paragrafoaren zenbakia: xxx, erantzuna: xxx"

non xxx
[DEBUG] Decoded: aztertzeko esaldia:

paragrafoa: eta momentu honetan eskola publikoaren
[DEBUG] Decoded: aztertzeko esaldia:

paragrafoa: eta momentu honetan eskola publikoaren
[DEBUG] Decoded: ebaluatzeko esaldiak:

1. eta momentu honetan eskola publikoaren alde
[DEBUG] Decoded: aztertzeko esaldia:

paragrafoa: euskal herriko erakundeen arteko
[DEBUG] Decoded: aztertzeko esaldia:

paragrafoa: ezinbestekoa da erabakitzeko esk
[DEBUG] Decoded: adibidea:

paragrafoa: gure talde parlamentarioak, geroa baik, ez du
[DEBUG] Decoded: (neu)
[DEBUG] Decoded: (neu)
[DEBUG] Decoded: (neu)
[DEBUG] Decoded: aztertzeko esaldia:

paragrafoa: ezinbestekoa da enpresen lehiak
[DEBUG] Decoded: aztertzeko esaldia:

paragrafoa: erabakitzeko eskubidea ez da ino
[DEBUG] Decoded: pribatutasun politika

webgune honen eta bertan jasota dauden datu pertsonalen
[DEBUG] Decoded: paragrafoa: guk, euskaldunok, ezin dugu gure burua ezagut
[DEBUG] Decoded: pos
[DEBUG] Decoded: neu
[DEBUG] Decoded: (neu)
[DEBUG] Decoded: pos
[DEBUG] Decoded: please, answer only with one of the labels ("pos", "neu" or "neg").
[DEBUG] Decoded: aztertzeko esaldia:

paragrafoa: trebiñuko konderriko alkateek,
[DEBUG] Decoded: adibideak ingelesez:

adibidea:

paragrafoa: we are gathered here today to make a
[DEBUG] Decoded: (neu, pos edo neg)
[DEBUG] Decoded: aztertzeko esaldia:

paragrafoa: cablenor enpresak, gasteizen,
[DEBUG] Decoded: etiketa:
[DEBUG] Decoded: paragrafoa: cablenor, gasteiz. 140 langile. eta euren egoeran
[DEBUG] Decoded: (neu)
[DEBUG] Decoded: (neu)
[DEBUG] Decoded: (neu)
[DEBUG] Decoded: aztertzeko esaldia:

paragrafoa: eta, hala ere, ez da egia esate
[DEBUG] Decoded: esaldiaren jarreraren etiketatzeko irizpideak:

1. esaldiaren jarrera
[DEBUG] Decoded: aztertzeko esaldia:

paragrafoa: cablenor, gasteiz, 140 langile
[DEBUG] Decoded: aztertzeko esaldia:

paragrafoa: euskal herriko eskubideen kartaren
[DEBUG] Decoded: kopiatu esaldia eta dagokion etiketa erantzunen eremuan.
[DEBUG] Decoded: (neu)
[DEBUG] Decoded: (neu)
[DEBUG] Decoded: neu
[DEBUG] Decoded: (neu)
[DEBUG] Decoded: paragrafoa: eta gustatuko litzaiguke kontrakoa esatea, baina hemen eg
[DEBUG] Decoded: aztertzeko esaldia:

paragrafoa: gure herria gure umeen esku it
[DEBUG] Decoded: esaldiaren etiketa:
[DEBUG] Decoded: oharrak:

aztertzeko esaldia:

paragrafoa: aupa.

etiketa: neu
[DEBUG] Decoded: positiboa (pos)neutroa (neu)negatiboa (neg)
[DEBUG] Decoded: adierazpena:

aztertzeko esaldia:

paragrafoa: hori bai, hor
[DEBUG] Decoded: (neu)
[DEBUG] Decoded: ?
[DEBUG] Decoded: ??

created by parlamint - https://parlamint.labs.udg.edu/
[DEBUG] Decoded: aztertzeko esaldia:

paragrafoa: euskal herriko hainbat erakunde
[DEBUG] Decoded: oharra: ez dago etiketatzeko esaldirik.

aztertzeko esaldia:

et
[DEBUG] Decoded: lehendakari jauna, lehendakari jauna, lehendakari jauna, eskerrik ask
[DEBUG] Decoded: aztertzeko esaldia:

paragrafoa: euskal herriko unibertsitatea da
[DEBUG] Decoded: mota:
[DEBUG] Decoded: (neu, pos, neg)
[DEBUG] Decoded: pos
[DEBUG] Decoded: (neu)
[DEBUG] Decoded: (neu)
[DEBUG] Decoded: aztertzeko esaldia:

paragrafoa: euskal herriak 1986an izan
[DEBUG] Decoded: aztertzeko esaldia:

paragrafoa: emakumeen lan merkaturatzea sustatz
[DEBUG] Decoded: egin klik hemen erantzuna emateko
[DEBUG] Decoded: aztertzeko esaldia:

paragrafoa: gure alderdia egunero egiten du lan
[DEBUG] Decoded: aztertzeko esaldia:

paragrafoa: baina hori da gure lana,
[DEBUG] Decoded: adibidea:

aztertzeko esaldia:

etiketa:
[DEBUG] Decoded: (neu)
[DEBUG] Decoded: neu
[DEBUG] Decoded: please respond in this format:

"label"

where "label" is the label you choose for the paragraph.
[DEBUG] Decoded: aztertzeko esaldia:

paragrafoa: hori ikusten dugu gure kaleetan
[DEBUG] Decoded: bidali

esaldia zuzenean idatzi ez bada, esaldia berau auk
[DEBUG] Decoded: neu
[DEBUG] Decoded: aztertzeko esaldia:

paragrafoa: eusko alderdi jeltzalea e
[DEBUG] Decoded: esaldiaren etiketa:
[DEBUG] Decoded: (neu, pos edo neg)

bidali zure erantzuna posta elketronikoz helbide
[DEBUG] Decoded: pos
[DEBUG] Decoded: pos
[DEBUG] Decoded: pos
[DEBUG] Decoded: paragrafoa: gorte nagusiek oso kontuan hartu behar dute legebiltzar h
[DEBUG] Decoded: 1. idatzi paragrafoa edo esaldia, baina kendu puntuazioa eta hit
[DEBUG] Decoded: neu
[DEBUG] Decoded: paragrafoa: gaur egun, ezinbestekoa da kontratazio publikoak eg
[DEBUG] Decoded: neg
[DEBUG] Decoded: neu
[DEBUG] Decoded: pos

neu

neg
[DEBUG] Decoded: pos
[DEBUG] Decoded: (neu)
[DEBUG] Decoded: pribazitate politika

zure datuak tratatuko ditugu, kontsultaren erantzuna
[DEBUG] Decoded: aztertzeko esaldia:

paragrafoa: ez dugu hori onartzen.
[DEBUG] Decoded: atzera

nola egin

euskarazko eta gaztelaniazko esaldiak izango
[DEBUG] Decoded: aztertzeko esaldia:

paragrafoa: hori ez da zilegi, hori ez da
[DEBUG] Decoded: aztertzeko esaldia:
paragrafoa: euskal kulturak, beraz, euskal
[DEBUG] Decoded: parlamentu-paragrafoak

aztertzeko esaldia:

paragrafoa: eta, az
[DEBUG] Decoded: (neu)
[DEBUG] Decoded: (neu)
[DEBUG] Decoded: (neu)
[DEBUG] Decoded: aztertzeko esaldia:

paragrafoa: eta, azkenik, artearen, kult
[DEBUG] Decoded: oharrak:
[DEBUG] Decoded: neu
[DEBUG] Decoded: aztertzeko esaldia:

paragrafoa: euskal herriak egunen batean
[DEBUG] Decoded: jarri dagokion etiketa.
[DEBUG] Decoded: paragrafoa: guk, gure aldetik, badauzkagu gure konpromezu
[DEBUG] Decoded: my answer is: neu
[DEBUG] Decoded: (neu)
[DEBUG] Decoded: (neu)
[DEBUG] Decoded: aztertzeko esaldia:

paragrafoa: baina, egia esan, guk ezin
[DEBUG] Decoded: aztertzeko esaldia:

paragrafoa: ez dut esango burujabetzak arazo gu
[DEBUG] Decoded: pos
[DEBUG] Decoded: aztertzeko esaldia:

paragrafoa: hainbat arrazoi daude esateko g
[DEBUG] Decoded: pos
[DEBUG] Decoded: parlamentuko testu baten jarrera zehaztu behar duzu. aukeratu hiru
[DEBUG] Decoded: neu
[DEBUG] Decoded: (neu)
[DEBUG] Decoded: (neu)
[DEBUG] Decoded: aztertzeko esaldia:

paragrafoa: gure herriak, herri bezala, ez
[DEBUG] Decoded: aztertzeko esaldia:

paragrafoa: eta, aipatu behar da, gaur
[DEBUG] Decoded: posible da erantzun bat baino gehiago ematea, esaldiaren zati bakoitz
[DEBUG] Decoded: paragrafoa: nolanahi ere, gaztela eta leonen eta espainian bestelako gehiengo
[DEBUG] Decoded: esaldiaren jarrera
[DEBUG] Decoded: gorde
[DEBUG] Decoded: pos
[DEBUG] Decoded: neu
[DEBUG] Decoded: (neu)
[DEBUG] Decoded: aztertzeko esaldia:

paragrafoa: estatu batuetako gobernuak ez du on
[DEBUG] Decoded: aztertzeko esaldia:

paragrafoa: nire ustez, egungo egoera ekonom
[DEBUG] Decoded: pos

neu

neg
[DEBUG] Decoded: aztertzeko esaldia:

paragrafoa: eskoziak ez du bere etorkizuna er
[DEBUG] Decoded: etiketa:
[DEBUG] Decoded: epea: 2023/05/05
[DEBUG] Decoded: (neu)
[DEBUG] Decoded: (typed on a computer)
[DEBUG] Decoded: please answer with the label:
[DEBUG] Decoded: adibideak ingelesez:

adibidea:

paragrafoa: we must be the great arsenal of democracy
[DEBUG] Decoded: bidali
[DEBUG] Decoded: etiketa:
[DEBUG] Decoded: aztertzeko esaldia:

paragrafoa: gure herriaren aldeko politika bat e
[DEBUG] Decoded: adibidea:

paragrafoa: ezker abertzalea ez da kapaz izan bide berri
[DEBUG] Decoded: (neu, pos, neg)
[DEBUG] Decoded: (neu)
[DEBUG] Decoded: (neu)
[DEBUG] Decoded: pos
[DEBUG] Decoded: paragrafoa: baina horrek erabakiak hartzea eskatzen du, erabaki aus
[DEBUG] Decoded: aztertzeko esaldia:

etiketa:
[DEBUG] Decoded: erantzuna:
[DEBUG] Decoded: aztertzeko esaldia:

paragrafoa: hori dela eta, webean gure alder
[DEBUG] Decoded: adibidea:

paragrafoa: gaur egungo munduan, horrelako gertakariak
[DEBUG] Decoded: paragrafoa: euskal herriko lurraldean ere ikusi dugu otanen operazio
[DEBUG] Decoded: (neu)
[DEBUG] Decoded: (neu)
[DEBUG] Decoded: (neu)
[DEBUG] Decoded: oharrak:

1. paragrafoak esaldi bat baino gehiago eduki ditzake,
[DEBUG] Decoded: bidali

jarraitzen du
[DEBUG] Decoded: igorri dira galdera-markak eta komatxoak.
[DEBUG] Decoded: aztertzeko esaldia:

paragrafoa: guztiz ados nago, eta hori da
[DEBUG] Decoded: jarraitu

aztertzeko esaldia:

etiketa:
[DEBUG] Decoded: paragrafoa: eta esan nahi diot nik, nik esaten diot nik hori ez dela
[DEBUG] Decoded: (neu)
[DEBUG] Decoded: pos
[DEBUG] Decoded: please, choose the correct label for the paragraph.

pos
[DEBUG] Decoded: aztertzeko esaldia:

paragrafoa: eskerrik asko emandako azalpenengatik
[DEBUG] Decoded: aztertzeko esaldia:

etiketa:
[DEBUG] Decoded: neu
[DEBUG] Decoded: paragrafoa: zorionak! hori dok gauzak aldatzeko bide bakarra
[DEBUG] Decoded: gorde
[DEBUG] Decoded: epea: 2022-07-21 16:00

oharrak:

ez dago oh
[DEBUG] Decoded: neu
[DEBUG] Decoded: pos
[DEBUG] Decoded: pos
[DEBUG] Decoded: aztertzeko esaldia:

paragrafoa: gure alderdiak, trebiñu arab
[DEBUG] Decoded: aztertzeko esaldia:

paragrafoa: gure asmoa da euskal herriko
[DEBUG] Decoded: aukeratu etiketa posnegneu
[DEBUG] Decoded: paragrafoa: hori dela-eta,

paragrafoa: horregaitik, gauza
[DEBUG] Decoded: please login to answer or comment.

beste kontsulta bat egin nahi baduzu, hasi saioa
[DEBUG] Decoded: erantzuna:
[DEBUG] Decoded: (neu)
[DEBUG] Decoded: (neu)
[DEBUG] Decoded: (neu)
[DEBUG] Decoded: aztertzeko esaldia:

paragrafoa: hemen gauza bakotxa bere lekuan
[DEBUG] Decoded: aztertzeko esaldia:

paragrafoa: ez dut esango burujabetzak arazo gu
[DEBUG] Decoded: esaldiaren etiketa: neg
[DEBUG] Decoded: aztertzeko esaldia:

paragrafoa: ez da erraza izango,.
[DEBUG] Decoded: please answer with the following format: "etiketa: xxx"

etiketa: neu
[DEBUG] Decoded: adibidea:

aztertzeko esaldia:

paragrafoa: nire ustez, ez da
[DEBUG] Decoded: (neu)
[DEBUG] Decoded: pos
[DEBUG] Decoded: (neu)

paragraph to analyze:
paragraph: ez da ezer pasatzen, lasai, lasai, euts
[DEBUG] Decoded: aztertzeko esaldia:

paragrafoa: guztiok ditugu kontraesanak.

et
[DEBUG] Decoded: bidali
[DEBUG] Decoded: aztertzeko esaldia:

paragrafoa: orain arte ezin esan izan dugu g
[DEBUG] Decoded: paragrafoa: ezker abertzaleak ez du ezer egin urte guzti hauet
[DEBUG] Decoded: galdera hori ez dago ondo planteatuta. ez da egonkortasuna ala ez
[DEBUG] Decoded: idatzi hemen zure erantzuna
[DEBUG] Decoded: pos
[DEBUG] Decoded: pos
[DEBUG] Decoded: (neu)
[DEBUG] Decoded: paragrafoa: euskadin zorionez hirurak batera doaz, koordinatuta
[DEBUG] Decoded: aztertzeko esaldia:

paragrafoa: hemen gaude, gure herriaren etork
[DEBUG] Decoded: sartu etiketa hemen:
[DEBUG] Decoded: aztertzeko esaldia:

paragrafoa: agerian jarri nahi dugu posiblea dela
[DEBUG] Decoded: posible da erantzuna aldatzea, erantzunak gorde egingo dira.
[DEBUG] Decoded: paragrafoa: zerbitzu publikoak indartu behar dira, zerbitzu publiko
[DEBUG] Decoded: (neu)
[DEBUG] Decoded: label: neg
[DEBUG] Decoded: please, provide the sentiment label for the paragraph in basque.
[DEBUG] Decoded: paragrafoa: ez, ez da berdin, ez da berdin. guk, guk, geure
[DEBUG] Decoded: aztertzeko esaldia:

paragrafoa: bizi dugun egoera honetan, ez da
[DEBUG] Decoded: neu
[DEBUG] Decoded: aztertzeko esaldia:

paragrafoa: gaurko egunean,

etiketa:
[DEBUG] Decoded: ebaluatzeko esaldiak:

1. la sociedad vasca es una de las más atrasadas del mundo
[DEBUG] Decoded: please login to write your message.

sartu

ez duzu konturik? kontu bat sortu
[DEBUG] Decoded: (neu)
[DEBUG] Decoded: (neu)
[DEBUG] Decoded: (neutrala da)
[DEBUG] Decoded: aztertzeko esaldia:

paragrafoa: los derechos humanos, civiles y políticos son inher
[DEBUG] Decoded: aztertzeko esaldia:

paragrafoa: hizkuntza eredugarriaren erabil
[DEBUG] Decoded: aukeratu etiketa bat
[DEBUG] Decoded: paragrafoa: ez dago biderik. gobernuak ez du esandako beteko. ez
[DEBUG] Decoded: ea, bada, hitzarmen hau gogo ernagarri zaion jaurlaritza hon
[DEBUG] Decoded: (neu, neg edo pos)
[DEBUG] Decoded: (neu)
[DEBUG] Decoded: (neu)
[DEBUG] Decoded: (neu)
[DEBUG] Decoded: esaldia: eta, hori, ezinbestekoa da, ezinbestekoa dalako,
[DEBUG] Decoded: aztertzeko esaldia:

paragrafoa: gure erakundearen errealitatea da,
[DEBUG] Decoded: ez duzu konturik egin.
[DEBUG] Decoded: paragrafoa:... bakoitzak bere eragin esparrutik markatzea garrantz
[DEBUG] Decoded: aztertzeko esaldia:

paragrafoa:... ezinbestekoa da emakumeak ber
[DEBUG] Decoded: erantzuna:
[DEBUG] Decoded: pos
[DEBUG] Decoded: (neu)
[DEBUG] Decoded: (neu)
[DEBUG] Decoded: oharrak:

1. testuaren jatorria: http://www.euskadi.eus/contenidos
[DEBUG] Decoded: adibideak gaztelaniaz:

adibidea:

paragrafoa:... el pueblo está cansado de
[DEBUG] Decoded: pos

paragrafoa:... bakoitzak bere eragin esparrutik markatzea g
[DEBUG] Decoded: paragrafoa: kultura ezinbesteko elementua da, zuk esan duzun bezala
[DEBUG] Decoded: aukeratu erantzun bat:
[DEBUG] Decoded: errazaizu erantzuna testu-kutxan.
[DEBUG] Decoded: (neu, pos edo neg)
[DEBUG] Decoded: pos
[DEBUG] Decoded: (neu, pos or neg)
[DEBUG] Decoded: aztertzeko esaldia:

paragrafoa: euskal herriko eskubideen kartak
[DEBUG] Decoded: aztertzeko esaldia:

paragrafoa: baina, jakina, gure herriaren ego
[DEBUG] Decoded: egin klik hemen erantzuna emateko
[DEBUG] Decoded: aztertzeko esaldia:

paragrafoa: horrek, gainera, istripuak,
[DEBUG] Decoded: adibidea:

aztertzeko esaldia:

etiketa:
[DEBUG] Decoded: aztertzeko esaldia:

paragrafoa: eta gaur egungo egoerari errepar
[DEBUG] Decoded: pos, neu, or neg?
[DEBUG] Decoded: neu
[DEBUG] Decoded: (neu, pos or neg)
[DEBUG] Decoded: oharrak:

- aztertzeko esaldiak gaztelaniaz egon behar du.

- erantz
[DEBUG] Decoded: aztertzeko esaldia:

paragrafoa: ez naiz harritzen gertatzen ari
[DEBUG] Decoded: pos

etiketa: neg
[DEBUG] Decoded: aztertzeko esaldia:

paragrafoa: lehenik eta behin, esan dezadan ez
[DEBUG] Decoded: neu
[DEBUG] Decoded: neu
[DEBUG] Decoded: (neu)
[DEBUG] Decoded: pos
[DEBUG] Decoded: (neu)
[DEBUG] Decoded: paragrafoa: hala, nolabait esateko, auzi honetan bitartek
[DEBUG] Decoded: **ez idatzi beste ezer.**

aztertzeko esaldia:

etiketa:
[DEBUG] Decoded: pos
[DEBUG] Decoded: aztertzeko esaldia:

paragrafoa: gure ustetan, gaur eguneko giz
[DEBUG] Decoded: eskerrik asko!
[DEBUG] Decoded: (neu, pos, neg)
[DEBUG] Decoded: (neu)
[DEBUG] Decoded: pos
[DEBUG] Decoded: please respond with the label that you think is most accurate.
[DEBUG] Decoded: adibidea:

paragrafoa: "bai, lan asko egin izan dute, baina
[DEBUG] Decoded: aztertzeko esaldia:

aztertzeko esaldia:

aztertzeko esaldia:

az
[DEBUG] Decoded: pos
[DEBUG] Decoded: adibidea:

paragrafoa: gure herria gure herria da eta guk nahi dugun
[DEBUG] Decoded: eragiketa:
[DEBUG] Decoded: paragrafoa: eta hori da guretzat garrantzitsuena. gure ustez
[DEBUG] Decoded: (neu)
[DEBUG] Decoded: (neu)
[DEBUG] Decoded: (neu)
[DEBUG] Decoded: adibideak ingeleraz:

adibidea:

paragrafoa: we will not be satisfied until every state
[DEBUG] Decoded: aztertzeko esaldia:

paragrafoa: guztion artean mintzatu beharko d
[DEBUG] Decoded: aukeratu etiketa bat
[DEBUG] Decoded: paragrafoa: hemen elkartearekin elkarlan hasi dugu ekintza zehatzak
[DEBUG] Decoded: adibidea:

aztertzeko esaldia:

etiketa:
[DEBUG] Decoded: paragrafoa: hemen elkartearekin elkarlan hasi dugu ekintza zehatzak
[DEBUG] Decoded: (neu)
[DEBUG] Decoded: pos
[DEBUG] Decoded: pos
[DEBUG] Decoded: aztertzeko esaldia:

paragrafoa: guk, gure aldetik, lan egite
[DEBUG] Decoded: adierazpenaren jarrerak.

positiboa: adierazpena baieztatzen
[DEBUG] Decoded: etiketa:
[DEBUG] Decoded: aztertzeko esaldia:

paragrafoa: euskal herriak, euskal herri
[DEBUG] Decoded: adibidea:

aztertzeko esaldia:

etiketa:
[DEBUG] Decoded: adibidea:

paragrafoa: legebiltzarburu andrea, lehendakaria, gobern
[DEBUG] Decoded: (neu)
[DEBUG] Decoded: ?
[DEBUG] Decoded: (neu)
[DEBUG] Decoded: aztertzeko esaldia:

paragrafoa: euskal herriaren eraikuntza nazional
[DEBUG] Decoded: paragrafoa: gaurkoan, gobernuak euskal herriarekin duen zorr
[DEBUG] Decoded: pos

paragrafoa: legebiltzarburu andrea, lehendakaria, gobernukide
[DEBUG] Decoded: aztertzeko esaldia:

paragrafoa: herri honen burujabetza, eta askatas
[DEBUG] Decoded: etiketa:
[DEBUG] Decoded: adibidea:

paragrafoa: hauxe herri eta herritar burujabeen froga nabarm
[DEBUG] Decoded: (neu)
[DEBUG] Decoded: (neu)
[DEBUG] Decoded: (neu)
[DEBUG] Decoded: aztertzeko esaldia:

paragrafoa: guk erabaki behar dugu. gu g
[DEBUG] Decoded: bidali zure esaldia:
[DEBUG] Decoded: oharrak:
[DEBUG] Decoded: adibidea:

aztertzeko esaldia:

paragrafoa: orain arte ez dugu izan
[DEBUG] Decoded: etiketa:
[DEBUG] Decoded: testua: neu
[DEBUG] Decoded: neu
[DEBUG] Decoded: (neu)
[DEBUG] Decoded: (neu)
[DEBUG] Decoded: paragrafoa: euskal herria gure aberria da,.gure aberria da, ez
[DEBUG] Decoded: oharrak:

1. esaldiaren jarrera identifikatu eta sailkatu: "pos", "neu
[DEBUG] Decoded: (neu)
[DEBUG] Decoded: paragrafoa: eta guk gure aldetik egin ditugu zenbaki batzuk,
[DEBUG] Decoded: neu
[DEBUG] Decoded: neu
[DEBUG] Decoded: (neu)
[DEBUG] Decoded: (neu)
[DEBUG] Decoded: (neu)

please, analyze the sentiment of the following paragraph:

paragraph: guk, gure aldetik, g
[DEBUG] Decoded: aztertzeko esaldia:

paragrafoa: eta guk gure aldetik egin dit
[DEBUG] Decoded: bidali zure proposamena helbide honetara: info@baliabideak.eus

b
[DEBUG] Decoded: eaeko legebiltzarreko testuak sailkatu
[DEBUG] Decoded: aztertzeko esaldia:

paragrafoa: euskal herriko emakumeon borro
[DEBUG] Decoded: aztertzeko esaldia:

paragrafoa: gure herrian egiten den antzerkiaren %
[DEBUG] Decoded: aztertzeko esaldia:

paragrafoa: eta hori da gure egitasmoa,
[DEBUG] Decoded: (neu)
[DEBUG] Decoded: (neu)
[DEBUG] Decoded: (neu)
[DEBUG] Decoded: aztertzeko esaldia:

paragrafoa: eusko jaurlaritzak emakumeen
[DEBUG] Decoded: aztertzeko esaldia:

paragrafoa: adibidez, antzerkian emakume
[DEBUG] Decoded: aztertzeko esaldia:

paragrafoa: antzerkia, dantza, liburuak
[DEBUG] Decoded: aztertzeko esaldia:

paragrafoa: euskal herria bada, eta euskal
[DEBUG] Decoded: aztertzeko esaldia:

paragrafoa: euskarazko hedabideak sustatzen
[DEBUG] Decoded: aztertzeko esaldia:

paragrafoa: euskal herria nazioa da, berez
[DEBUG] Decoded: (neu)

paragraph to analyze:
paragraph: hori da. eta gero, ez dakit, esan dez
[DEBUG] Decoded: ?
[DEBUG] Decoded: (neutrala, positiboa, edo negatiboa)
[DEBUG] Decoded: aztertzeko esaldia:

paragrafoa: nire ustez,

etiketa:
[DEBUG] Decoded: oharra: ez da esaldi jarreraduna.
[DEBUG] Decoded: igorri nire erantzuna posta elektronikoz: iker.leo@gmail.com
[DEBUG] Decoded: aztertzeko esaldia:

paragrafoa: hori da,. horregatik, gure
[DEBUG] Decoded: adibidea:

paragrafoa: nola egin beharko litzateke? zein da z
[DEBUG] Decoded: paragrafoa: hori ez da egia,

paragrafoa: eta aipatu duzu
[DEBUG] Decoded: neu
[DEBUG] Decoded: (if you want me to analyze a new paragraph, just ask)
[DEBUG] Decoded: please let me know when you are ready to proceed with the analysis.
[DEBUG] Decoded: aztertzeko esaldia:

paragrafoa: gauzak ongi egiten direnean,
[DEBUG] Decoded: adibidea:

paragrafoa: gure aldetik, aipatu nahi dugu gaurko
[DEBUG] Decoded: sailkapena:
[DEBUG] Decoded: aztertzeko esaldia:

paragrafoa: hiru:2018an noka programa abiar
[DEBUG] Decoded: jarraitu
[DEBUG] Decoded: paragrafoa: .hiru: 2018an noka programa abiarazi genuen
[DEBUG] Decoded: (neu)
[DEBUG] Decoded: pos
[DEBUG] Decoded: (neu)
[DEBUG] Decoded: aztertzeko esaldia:

paragrafoa: 2018an noka programa abiarazi genu
[DEBUG] Decoded: aztertzeko esaldia:

paragrafoa: 2018an noka programa abiarazi genu
[DEBUG] Decoded: (adibidez: pos)

esaldia:

paragrafoa: nafarroako gobernuak
[DEBUG] Decoded: aztertzeko esaldia:

paragrafoa: nire ustez, zuek ere, ez
[DEBUG] Decoded: submit

clear form

aztertzeko esaldia:

etiketa:
[DEBUG] Decoded: esaldiaren etiketa:
[DEBUG] Decoded: pos
[DEBUG] Decoded: (neu)
[DEBUG] Decoded: (neu)
[DEBUG] Decoded: paragrafoa: eskolei aukera eman behar zaie beraien kudeaketa eredu
[DEBUG] Decoded: aztertzeko esaldia:

paragrafoa: kontsumitzaileek ezin dute ezer
[DEBUG] Decoded: erantzuna:
[DEBUG] Decoded: aztertzeko esaldia:

paragrafoa: egoera berri honen aurrean, haus
[DEBUG] Decoded: esaldiaren aurreko testuingurua:
[DEBUG] Decoded: paragrafoa: egoera berri honen aurrean hausnarketa egiteko garaia
[DEBUG] Decoded: (neu)
[DEBUG] Decoded: (neu)
[DEBUG] Decoded: (neu)
[DEBUG] Decoded: aztertzeko esaldia:

paragrafoa: egoera berri honen aurrean, haus
[DEBUG] Decoded: bidali
[DEBUG] Decoded: aztertzeko esaldia:

paragrafoa: gure helburua da, horrela, b
[DEBUG] Decoded: aztertzeko esaldia:

paragrafoa: gure herriaren egoeraren aurrean,
[DEBUG] Decoded: aurrekoak
[DEBUG] Decoded: esaldia: baina hori ez da horrela, ze hori da egin behar dena,
[DEBUG] Decoded: (neu)
[DEBUG] Decoded: neu
[DEBUG] Decoded: (neu)
[DEBUG] Decoded: oharrak:
[DEBUG] Decoded: aztertzeko esaldia:

paragrafoa: ondorioztatzen dugu, beraz,
[DEBUG] Decoded: pos

neg

neu
[DEBUG] Decoded: paragrafoa: gure iritziz, ezinbestekoa da herritarren parte hartzea,
[DEBUG] Decoded: pos
[DEBUG] Decoded: neg
[DEBUG] Decoded: (neu)
[DEBUG] Decoded: neu
[DEBUG] Decoded: (neu)
[DEBUG] Decoded: paragrafoa: guk, baina, ez dugu eajk orduan izandako jarrera
[DEBUG] Decoded: aztertzeko esaldia:

aztertzeko esaldia:

aztertzeko esaldia:

az
[DEBUG] Decoded: pausa itzazu hemen zure erantzuna.
[DEBUG] Decoded: aztertzeko esaldia:

paragrafoa: gure eginkizunak zailtasunak
[DEBUG] Decoded: ezabatzailea:

aztertzeko esaldia:

paragrafoa: euskal her
[DEBUG] Decoded: idatzi zure erantzuna eta bidali
[DEBUG] Decoded: pos
[DEBUG] Decoded: pos
[DEBUG] Decoded: please respond in this format:

"label: xxx"

where xxx is the label you choose.
[DEBUG] Decoded: paragrafoa: senatuko lantaldeak 95ean behar bezala itxi gabeko lanei
[DEBUG] Decoded: aztertzeko esaldia:

paragrafoa: nire ustez, ez dago aukera
[DEBUG] Decoded: neu
[DEBUG] Decoded: aztertzeko esaldia:

paragrafoa: gure herriak,,ez dauka ezert
[DEBUG] Decoded: pribatutasun politika

pribatutasun politika

close gdpr cookie banner

we use cookies to
[DEBUG] Decoded: adibidea:

paragrafoa: gauza bat da eskubideen aldarrikapena eta beste
[DEBUG] Decoded: (neu)
[DEBUG] Decoded: (neu)
[DEBUG] Decoded: (neu)
[DEBUG] Decoded: adibidea:

paragrafoa: agerian jarri nahi dugu posiblea dela politika beste mod
[DEBUG] Decoded: aztertzeko esaldia:

paragrafoa: ez dago eztabaidarik.
[DEBUG] Decoded: posible da erantzuna ematea edo ez erantzutea, erantzuna emateko gai
[DEBUG] Decoded: paragrafoa: eragin berezia du hezkuntzan, kulturan, gaztedian, l
[DEBUG] Decoded: adibideak:

adibidea:

paragrafoa: agerian jarri nahi dugu posiblea
[DEBUG] Decoded: paragrafoa: eskola publikoa, euskal eskola publikoa, euskal eskola publikoa
[DEBUG] Decoded: (neu)
[DEBUG] Decoded: (neu, neg, pos)
[DEBUG] Decoded: (neu, pos, neg)
[DEBUG] Decoded: adibidea:

paragrafoa: eragin berezia du hezkuntzan, kulturan, gaz
[DEBUG] Decoded: aztertzeko esaldia:

paragrafoa: eragin berezia du hezkuntzan, k
[DEBUG] Decoded: eragin berezia du hezkuntzan, kulturan, gaztedian, lankidetzan,
[DEBUG] Decoded: paragrafoa: hori egia da, baina egia hori ez da beti egokiena,
[DEBUG] Decoded: (errorea edo etiketa okerra emanez gero, bidali berriro)
[DEBUG] Decoded: epea:
[DEBUG] Decoded: neu
[DEBUG] Decoded: (neu)
[DEBUG] Decoded: (neu)
[DEBUG] Decoded: +

+

aztertzeko esaldia:

paragrafoa: guk ez dugu horrelá ikust
[DEBUG] Decoded: bidali zure esaldiaren jarreraren etiketa proposamena hona: moralauskultura
[DEBUG] Decoded: neu
[DEBUG] Decoded: aztertzeko esaldia:

paragrafoa: gaurko hezkuntza sistemak, hezk
[DEBUG] Decoded: pos | neu | neg
[DEBUG] Decoded: adibidea:

paragrafoa: hezkuntza sistemak, hezkuntza helburuak l
[DEBUG] Decoded: neu
[DEBUG] Decoded: ?
[DEBUG] Decoded: neu
[DEBUG] Decoded: aztertzeko esaldia:

paragrafoa: zerbitzu publikoak erakunde prib
[DEBUG] Decoded: aztertzeko esaldia:

paragrafoa: erregai fosilak erretzen jarraitzen
[DEBUG] Decoded: posible da esaldi berean etiketa desberdinak egotea. kasu hontan, et
[DEBUG] Decoded: aztertzeko esaldia:

paragrafoa: eta horrek kezka,

etiketa:
[DEBUG] Decoded: dokumentu osoa deskargatu
[DEBUG] Decoded: etiketa:
[DEBUG] Decoded: neu
[DEBUG] Decoded: ?
[DEBUG] Decoded: (neu)
[DEBUG] Decoded: adibidea:

paragrafoa: eta horrek kezka, eskola mapak horri erantzun
[DEBUG] Decoded: aztertzeko esaldia:

paragrafoa: gaur egungo egoerak ez du ahal
[DEBUG] Decoded: neu
[DEBUG] Decoded: aztertzeko esaldia:

paragrafoa: hau da,,paragrafoa.

etik
[DEBUG] Decoded: kopiatu eta erantzun:
[DEBUG] Decoded: paragrafoa: horrenbestez, arrazoizkoa iruditzen zaigu trebiñu arabak
[DEBUG] Decoded: (pos)
[DEBUG] Decoded: pos
[DEBUG] Decoded: (neu)
[DEBUG] Decoded: aztertzeko esaldia:

paragrafoa: horrenbestez, arrazoizkoa iruditzen
[DEBUG] Decoded: aztertzeko esaldia:

paragrafoa: gure helburua ez da testu bat egite
[DEBUG] Decoded: gorde

eragilea: ander irizar (hap masterreko ikaslea)

lan h
[DEBUG] Decoded: paragrafoa: gure iritziz, alderdien arteko adostasunak ez dira
[DEBUG] Decoded: izena (aukerakoa):
[DEBUG] Decoded: paragrafoa: eta horregatik jakin nahi nuen gaur egun, 30 urtet
[DEBUG] Decoded: (neu)
[DEBUG] Decoded: (neu)
[DEBUG] Decoded: (neu)
[DEBUG] Decoded: aztertzeko esaldia:

paragrafoa: eta horregatik jakin nahi nuen g
[DEBUG] Decoded: aztertzeko esaldia:

paragrafoa: eta horregatik jakin nahi nuen g
[DEBUG] Decoded: aukeratu etiketa bat

pos

neu

neg
[DEBUG] Decoded: aztertzeko esaldia:

paragrafoa: gaur egun,, 2018ko ots
[DEBUG] Decoded: etiketa:
[DEBUG] Decoded: paragrafoa: hori da gure jarrera, eta hori da gure ekarpena,
[DEBUG] Decoded: pos
[DEBUG] Decoded: pos
[DEBUG] Decoded: (neu)
[DEBUG] Decoded: aztertzeko esaldia:

paragrafoa: eta berriro ere hauxe da gakoa
[DEBUG] Decoded: aztertzeko esaldia:

paragrafoa: eta berriro ere hauxe da gakoa
[DEBUG] Decoded: pos

paragrafoa: eta berriro ere hauxe da gakoa: legebiltzar hon
[DEBUG] Decoded: paragrafoa: hemen legebiltzarrean, eta kanpoan, guk beti eskatu
[DEBUG] Decoded: aztertzeko esaldia:

paragrafoa: eskubideen alde borroka egiteko
[DEBUG] Decoded: parlamentuko-jarduna/parlamentuko-jarduna/eus/2006/2006-01-27
[DEBUG] Decoded: (neu)
[DEBUG] Decoded: (neu)
[DEBUG] Decoded: please, answer only with one of the following labels: pos, neu, neg
[DEBUG] Decoded: aztertzeko esaldia:

paragrafoa: guk beti pentsatu dugu posiblea d
[DEBUG] Decoded: aztertzeko esaldia:

paragrafoa: hemen, legebiltzarrean, eta kan
[DEBUG] Decoded: aztertzeko esaldia:

paragrafoa: aukera hori ez dogu onartuko,
[DEBUG] Decoded: paragrafoa: ibilbide luzeko hezkuntza komunitate anitza dugu, dir
[DEBUG] Decoded: etiketa:
[DEBUG] Decoded: paragrafoa: gure ustez, gaur egun, gure herriak bizi duen ego
[DEBUG] Decoded: (neu)
[DEBUG] Decoded: (neu)
[DEBUG] Decoded: (neu)
[DEBUG] Decoded: aztertzeko esaldia:

paragrafoa: hori horrela izanda ere, zaila
[DEBUG] Decoded: aztertzeko esaldia:

paragrafoa: hori da eta, ez dago beste misterior
[DEBUG] Decoded: neu
[DEBUG] Decoded: aztertzeko esaldia:

paragrafoa: euskal herria nazio bat da, eta,
[DEBUG] Decoded: ebaluatzeko esaldia:

etiketa:
[DEBUG] Decoded: oharra: erantzunak 24 orduen buruan zuzenduko dira.
[DEBUG] Decoded: (neu)
[DEBUG] Decoded: ?
[DEBUG] Decoded: (neu)

paragraph to analyze:
paragraph: euskal herriak ez du merezi bere izena zikint
[DEBUG] Decoded: aztertzeko esaldia:

paragrafoa: lehenik eta behin, egun on eta zor
[DEBUG] Decoded: aztertzeko esaldia:

paragrafoa: ez dugu uste horrelakoak egin beh
[DEBUG] Decoded: agenda

hybrid 2016

pribatutasun politika

terminoak eta baldintzak
[DEBUG] Decoded: aztertzeko esaldia:

paragrafoa: egungo egoera politikoa ez da egokiena
[DEBUG] Decoded: ebaluatu

aztertzeko esaldia:

etiketa:
[DEBUG] Decoded: paragrafoa: gerra batetik sortzen dena da,

etiketa:
[DEBUG] Decoded: (pos, neu or neg)
[DEBUG] Decoded: ?
[DEBUG] Decoded: (neu)
[DEBUG] Decoded: adibidea:

paragrafoa: ezezko berri honek nolabait gerraren kon
[DEBUG] Decoded: aztertzeko esaldia:

paragrafoa: ezin izan daiteke erabaki hau
[DEBUG] Decoded: posiblea da, baina ez da derrigorrezkoa, etiketa bat baino gehiago
[DEBUG] Decoded: aztertzeko esaldia:

paragrafoa: eskerrik asko legebiltzarburu and
[DEBUG] Decoded: aztertzeko esaldia:

paragrafoa: eskerrik asko legebiltzarburu and
[DEBUG] Decoded: aztertzeko esaldia:

paragrafoa: hemen gaude, eta hemen egongo gara,
[DEBUG] Decoded: (neu)
[DEBUG] Decoded: (neu)
[DEBUG] Decoded: please analyze the sentiment of the following paragraphs:

paragraph: eskerrik asko legebiltzarburu andrea.
[DEBUG] Decoded: aztertzeko esaldia:

paragrafoa: gaurkoan,

etiketa:
[DEBUG] Decoded: aztertzeko esaldia:

paragrafoa: eskerrik asko legebiltzarburu and
[DEBUG] Decoded: aurreko esaldia | ondorengo esaldia

mesedez, erantzun ezazu h
[DEBUG] Decoded: aztertzeko esaldia:

paragrafoa: hizkuntza bat,,hizk
[DEBUG] Decoded: etiketa:
[DEBUG] Decoded: idatzi etiketa hemen:
[DEBUG] Decoded: neu
[DEBUG] Decoded: (choose one: pos, neu, neg)
[DEBUG] Decoded: (neu)
[DEBUG] Decoded: adibideak gaztelaniaz:

adibidea:

paragrafoa: el proceso de paz en eusk
[DEBUG] Decoded: aztertzeko esaldia:

paragrafoa: natori ez erabaki horretatik edan zu
[DEBUG] Decoded: igorri hona:
[DEBUG] Decoded: adibidea:

paragrafoa: gure herriak bakea behar du, baina gauza
[DEBUG] Decoded: adibidea:

aztertzeko esaldia:

etiketa:
[DEBUG] Decoded: neu
[DEBUG] Decoded: neu
[DEBUG] Decoded: (neu)
[DEBUG] Decoded: (neu)
[DEBUG] Decoded: paragrafoa: gure helburu nagusia da paktu hori ez onartzea eta g
[DEBUG] Decoded: zer da esaldiaren jarrera?

esaldiaren jarrera da esaldiaren egileak adierazten
[DEBUG] Decoded: posible da erantzuna bidaltzea lerro hauen azpian, eta aukeran, z
[DEBUG] Decoded: paragrafoa: guretzat garrantzitsua da aipatzea erabaki hau
[DEBUG] Decoded: adibidea:

aztertzeko esaldia:

adibidea:

aztertzeko esaldia:

ad
[DEBUG] Decoded: idatzi hemen zure erantzuna.
[DEBUG] Decoded: neg
[DEBUG] Decoded: pos/neu/neg
[DEBUG] Decoded: neu
[DEBUG] Decoded: paragrafoa: egia da beste sektoretan ere lanpostuak galtzen ari direla
[DEBUG] Decoded: aztertzeko esaldia:

paragrafoa: euskal herriak egunero sufritzen
[DEBUG] Decoded: neu
[DEBUG] Decoded: aztertzeko esaldia:

paragrafoa: gure alderdiak ez du ezer esango
[DEBUG] Decoded: aztertzeko esaldia:

paragrafoa: gure herriaren burujabetza lortzek
[DEBUG] Decoded: etiketa:
[DEBUG] Decoded: (neu)
[DEBUG] Decoded: ?
[DEBUG] Decoded: neu
[DEBUG] Decoded: aztertzeko esaldia:

paragrafoa: aurrekontuak onartzeko epea luz
[DEBUG] Decoded: aztertzeko esaldia:

paragrafoa: gaur egungo mailan gaude.

etik
[DEBUG] Decoded: adierazpena:
[DEBUG] Decoded: aztertzeko esaldia:

paragrafoa: euskal herriko independentzia lortu n
[DEBUG] Decoded: positiboa (pos) neutroa (neu) negatiboa (neg)

aztertz
[DEBUG] Decoded: neu
[DEBUG] Decoded: (neu)
[DEBUG] Decoded: ?
[DEBUG] Decoded: neu
[DEBUG] Decoded: aztertzeko esaldia:

paragrafoa: hori da gure helburua. horretarak
[DEBUG] Decoded: oharra: esaldia etiketatzeko, kontuan hartu behar da esaldiaren jarrera,
[DEBUG] Decoded: posible da aurreko esaldia zatitzea, eta esaldi bakoitza bere aldetik
[DEBUG] Decoded: aztertzeko esaldia:

paragrafoa: orain arte egindako guztia berrikusi
[DEBUG] Decoded: pos
[DEBUG] Decoded: (neu, neg, pos)
[DEBUG] Decoded: neg
[DEBUG] Decoded: neu
[DEBUG] Decoded: neu
[DEBUG] Decoded: aztertzeko esaldia:

paragrafoa: guk ezin dugu esan ezetz, gu
[DEBUG] Decoded: aztertzeko esaldia:

paragrafoa: guk egunero egiten dogun lana da
[DEBUG] Decoded: etiketa:
[DEBUG] Decoded: aztertzeko esaldia:

paragrafoa: euskal herriko gizarteak ez dau g
[DEBUG] Decoded: 1

paragrafoa: gaur egun, euskal herrian, gure etorkizuna er
[DEBUG] Decoded: paragrafoa: erabaki hura hartzeak eta agian ere txanponaren beste aldea,
[DEBUG] Decoded: (neu)

paragraph to analyze:
paragraph: baina, halere, hau ez da euskal herriak
[DEBUG] Decoded: pos
[DEBUG] Decoded: (neu)
[DEBUG] Decoded: paragrafoa: euskal herria, euskal herritarrak eta euskal instituzio
[DEBUG] Decoded: bidali zure proposamena helbide honetara: helbide elektroniko hau spam roboten kon
[DEBUG] Decoded: neu
[DEBUG] Decoded: aztertzeko esaldia:

paragrafoa: hainbeste urtean egindako lanari
[DEBUG] Decoded: mota:
[DEBUG] Decoded: zure erantzuna: neg
[DEBUG] Decoded: (neu, pos or neg)
[DEBUG] Decoded: label: neg
[DEBUG] Decoded: neu
[DEBUG] Decoded: aztertzeko esaldia:

paragrafoa: gure gizartean, hainbat arrazoi
[DEBUG] Decoded: aztertzeko esaldia:

paragrafoa: gobernuaren jarrera ez da onargarria,
[DEBUG] Decoded: pos

neu

neg

etiketaren azalpena:
[DEBUG] Decoded: paragrafoa: nire ustez, ezinbestekoa da euskal herriko hiz
[DEBUG] Decoded: modeloak: bertso-1, bertso-2, bertso-3, bertso
[DEBUG] Decoded: testu gehiago: https://legebiltzarra.eus/pdf/ejemplares/2018/1803
[DEBUG] Decoded: (neu)
[DEBUG] Decoded: (neu)
[DEBUG] Decoded: (neu)
[DEBUG] Decoded: aztertzeko esaldia:

paragrafoa: euskal herria ez da gaur egungo
[DEBUG] Decoded: aztertzeko esaldia:

etiketa:
[DEBUG] Decoded: hautatutako esaldiaren etiketa:
[DEBUG] Decoded: aztertzeko esaldia:

paragrafoa: gure ustez, ez da nahikoa or
[DEBUG] Decoded: aztertzeko esaldia:

paragrafoa:...eraginkortasunaren izenean hart
[DEBUG] Decoded: paragrafoa:... hartzeko gaitasuna ekarriko du. eta erabakiak
[DEBUG] Decoded: please answer with only one of the following labels: "pos", "neu" or "neg".
[DEBUG] Decoded: (neu)
[DEBUG] Decoded: please respond in this format:

"label: xxx" (without the quotes)

label: neu
[DEBUG] Decoded: aztertzeko esaldia:

paragrafoa: baina horrek erabakiak...

etiketa
[DEBUG] Decoded: bidali
[DEBUG] Decoded: (aukeratu)
[DEBUG] Decoded: aztertzeko esaldia:

paragrafoa: gure esku dago.

etiketa:
[DEBUG] Decoded: aztertzeko esaldia:

paragrafoa: eskerrik asko, vaya usted con dios
[DEBUG] Decoded: pausoka aurrera egiteko:

1. aztertu esaldiaren edukia

2. p
[DEBUG] Decoded: (neu)

justification: the paragraph is a thank you, which is a neutral sentiment.
[DEBUG] Decoded: ?
[DEBUG] Decoded: please respond with only the label.

pos
[DEBUG] Decoded: aztertzeko esaldia:

paragrafoa: eskerrik asko.

etiketa:
[DEBUG] Decoded: oharrak:
[DEBUG] Decoded: gorde
[DEBUG] Decoded: aztertzeko esaldia:

paragrafoa: "nik ez dut nahi jendea gure
[DEBUG] Decoded: etiketa:
[DEBUG] Decoded: paragrafoa: erabakitzeko ariketa demokratikoa izanagatik eta baita ere er
[DEBUG] Decoded: (neu)
[DEBUG] Decoded: (neu)
[DEBUG] Decoded: (neu)
[DEBUG] Decoded: paragrafoa: gure herria zatitzeko helburuagaz sortu dan alderdi berri
[DEBUG] Decoded: bidali zure erantzuna
[DEBUG] Decoded: igorri nahi izan daben mezua: erabakitzea eta edukia, biak dir
[DEBUG] Decoded: aztertzeko esaldia:

paragrafoa: hemen gaude, gure aurrekoek eg
[DEBUG] Decoded: pos
[DEBUG] Decoded: paragrafoa: gure ustez, garrantzitsua da, eta ezinbestekoa,
[DEBUG] Decoded: (neu)
[DEBUG] Decoded: pos

your response should be one of the following: pos, neu, neg
[DEBUG] Decoded: (neu)
[DEBUG] Decoded: paragrafoa: artikuluarekin bat, eusko jaurlaritzari eska ziezaion
[DEBUG] Decoded: paragrafoa: lehenik eta behin, esan behar dugu, gure taldeak ez
[DEBUG] Decoded: neu
[DEBUG] Decoded: oharra:

aztertzeko esaldia:

paragrafoa: nik uste dut hor argi dago
[DEBUG] Decoded: adibidea:

aztertzeko esaldia:

adibidea:

aztertzeko esaldia:

ad
[DEBUG] Decoded: adibidea:

paragrafoa: nik uste dut hor argi dagoela errealitatea guzt
[DEBUG] Decoded: (neu)
[DEBUG] Decoded: (neu)
[DEBUG] Decoded: (neu)
[DEBUG] Decoded: aztertzeko esaldia:

paragrafoa: gauza batzuk ez dira aldatuko
[DEBUG] Decoded: aztertzeko esaldia:

paragrafoa: ez dot uste hori posible izango danik.
[DEBUG] Decoded: posibleak diren etiketa guztiak: neg, neu, pos
[DEBUG] Decoded: paragrafoa: arazo bat daukagu gure gizartean,

paragrafoa: a
[DEBUG] Decoded: mota:

positiboa

neutroa

negatiboa
[DEBUG] Decoded: pribatutasun-politika eta datu pertsonalen tratamendua

eskerrikaskuko
[DEBUG] Decoded: neu
[DEBUG] Decoded: pos
[DEBUG] Decoded: pos
[DEBUG] Decoded: aztertzeko esaldia:

paragrafoa: eta ados nago zuekin, ez dela
[DEBUG] Decoded: aztertzeko esaldia:

paragrafoa: zoritxarrez, esan behar d
[DEBUG] Decoded: (neu, pos edo neg)
[DEBUG] Decoded: aztertzeko esaldia:

paragrafoa: hainbeste urte pasatu eta gero,
[DEBUG] Decoded: please login to answer or comment

beste hitz batzukin,

please login to answer or comment

h
[DEBUG] Decoded: adibidea:

paragrafoa: ze garaiak aldatu dire, eta trataera aldatu
[DEBUG] Decoded: (neu)
[DEBUG] Decoded: pos
[DEBUG] Decoded: neu
[DEBUG] Decoded: paragrafoa: ze garaiak aldatu dira, eta trataera aldatu beharko da
[DEBUG] Decoded: aztertzeko esaldia:

paragrafoa: hemen gauzak egiteko gogu
[DEBUG] Decoded: aukeratu etiketa bat:posneuneg
[DEBUG] Decoded: paragrafoa: ez dugu ulertzen zergaitik ez dagoen argiagoa eta z
[DEBUG] Decoded: neu
[DEBUG] Decoded: pos
[DEBUG] Decoded: (neu)
[DEBUG] Decoded: pos
[DEBUG] Decoded: (neu)
[DEBUG] Decoded: aztertzeko esaldia:

paragrafoa: eta, gainera, guk egindako
[DEBUG] Decoded: aztertzeko esaldia:

paragrafoa: gure alderdiak euskal herriaren
[DEBUG] Decoded: esaldi horren etiketa da: pos
[DEBUG] Decoded: paragrafoa: euskal herriko herritar gehienak ados gaude erabakitzeko
[DEBUG] Decoded: epea: 2016-10-10 00:00
[DEBUG] Decoded: etiketa: neg
[DEBUG] Decoded: (neu, pos or neg)
[DEBUG] Decoded: pos/neu/neg
[DEBUG] Decoded: (neu)
[DEBUG] Decoded: esaldia:

paragrafoa: bilakatzen dira, enpresen arteko lehian, eskaint
[DEBUG] Decoded: aztertzeko esaldia:

etiketa:
[DEBUG] Decoded: neu
[DEBUG] Decoded: aztertzeko esaldia:

paragrafoa: gure herriak dituen arazoak konp
[DEBUG] Decoded: etiketa:
[DEBUG] Decoded: esaldiak:
[DEBUG] Decoded: (neu)
[DEBUG] Decoded: (neu)
[DEBUG] Decoded: please respond with only one of the three labels ("pos", "neu" or "neg")
[DEBUG] Decoded: aztertzeko esaldia:

paragrafoa: euskal herriak, bere osotasunian
[DEBUG] Decoded: bidali

aztertzeko esaldia:

paragrafoa: baina, gaurkoan, jak
[DEBUG] Decoded: oharra: 2012ko eusko legebiltzarreko dokumentu batetik hartutako esald
[DEBUG] Decoded: aztertzeko esaldia:

paragrafoa: euskeraz egindako zinea ikustera
[DEBUG] Decoded: modeloak erantzuna:

neu
[DEBUG] Decoded: (neu, neg, pos)
[DEBUG] Decoded: (neu)
[DEBUG] Decoded: (neu)
[DEBUG] Decoded: (neu)
[DEBUG] Decoded: egin klik irudian handiago ikusteko
[DEBUG] Decoded: aztertzeko esaldia:

paragrafoa: casanova jauna, gure industria politika o
[DEBUG] Decoded: neu
[DEBUG] Decoded: aurrekoarekin jarraituz, aurrekoan etiketa egokiena "neu" zela
[DEBUG] Decoded: neu
[DEBUG] Decoded: euzko alderdi jeltzaleari,
[DEBUG] Decoded: (neu)
[DEBUG] Decoded: (neu)
[DEBUG] Decoded: please, answer only with the label.
[DEBUG] Decoded: paragrafoa: zorrilla jauna, upydren eta alderdi popularraren jarrera
[DEBUG] Decoded: oharrak:

esaldiaren jarrera identifikatzeko, honako hau egin behar da:

-
[DEBUG] Decoded: ebaluatua:
[DEBUG] Decoded: aztertzeko esaldia:

paragrafoa: agerian jarri nahi dugu posiblea dela
[DEBUG] Decoded: aztertzeko esaldia:

paragrafoa: hemen aukera dago,
[DEBUG] Decoded: aztertzeko esaldia:

paragrafoa: beraz, ezinbestekoa da nafarro
[DEBUG] Decoded: (neu)
[DEBUG] Decoded: (neu)
[DEBUG] Decoded: (neu)
[DEBUG] Decoded: aztertzeko esaldia:

paragrafoa: enpresa batzuk aurrera egiteko
[DEBUG] Decoded: aztertzeko esaldia:

paragrafoa: esan dezagun argi eta garbi: e
[DEBUG] Decoded: atal honetan, aurrekoaren berdina da baino alderantziz. aztertu
[DEBUG] Decoded: paragrafoa: hori da, eta gero eta argiago daukat hori izango dala g
[DEBUG] Decoded: posnegneg

paragrafoa: euskal herria burujabea izango da, hori
[DEBUG] Decoded: euskarazko testuak aztertzeko erabili den datubasea: https://www.par
[DEBUG] Decoded: neu
[DEBUG] Decoded: pos/neu/neg
[DEBUG] Decoded: neu
[DEBUG] Decoded: paragrafoa: gure lehendakariak aldebikotasuna aipatu ohi du beti
[DEBUG] Decoded: aztertzeko esaldia:

etiketa:
[DEBUG] Decoded: posible da erantzuna ematea zuzeneko elkarrizketa baten bitartez. es
[DEBUG] Decoded: paragrafoa: gure herriaren etorkizuna gure esku dago, gure herri
[DEBUG] Decoded: neu
[DEBUG] Decoded: pos

paragrafoa: hori bai, hori, hori esan behar da, hori
[DEBUG] Decoded: pos
[DEBUG] Decoded: pos
[DEBUG] Decoded: (neu)
[DEBUG] Decoded: aztertzeko esaldia:

paragrafoa: zoritxarrez, ezin izan dot
[DEBUG] Decoded: aztertzeko esaldia:

etiketa:
[DEBUG] Decoded: galdera:
[DEBUG] Decoded: paragrafoa: ez dago ezer egiterik. aurreikuspenak bete dira eta
[DEBUG] Decoded: adibideak:

adibidea:

adibidea:

adibidea:

adibidea:

adibidea:
[DEBUG] Decoded: aztertzeko esaldia:

paragrafoa: gure hezkuntza sistema berdimentzionatz
[DEBUG] Decoded: (neu)
[DEBUG] Decoded: pos
[DEBUG] Decoded: (neu)
[DEBUG] Decoded: aztertzeko esaldia:

paragrafoa: lege hau gure herriaren garapen
[DEBUG] Decoded: aztertzeko esaldia:

paragrafoa: gure hezkuntza sistema berdimentzionatz
[DEBUG] Decoded: posible da erantzuna izatea etiketa bat baino gehiago, adibidez,
[DEBUG] Decoded: aztertzeko esaldia:

paragrafoa: gure alderdiaren aldeko botu bat
[DEBUG] Decoded: aztertzeko esaldia:

paragrafoa: gure herriak pairatzen duen gata
[DEBUG] Decoded: ez ahaztu azken puntua jartzea.
[DEBUG] Decoded: (neu)
[DEBUG] Decoded: neu
[DEBUG] Decoded: (neu)
[DEBUG] Decoded: aztertzeko esaldia:

paragrafoa: egia esan, ezin gara izan e
[DEBUG] Decoded: aztertzeko esaldia:

paragrafoa: gaur egungo egoera ekonomikoa ikusita
[DEBUG] Decoded: neu
[DEBUG] Decoded: aztertzeko esaldia:

paragrafoa: eta azkenaldian izan zen 2018
[DEBUG] Decoded: neu
[DEBUG] Decoded: neu
[DEBUG] Decoded: (neu)
[DEBUG] Decoded: (neu)
[DEBUG] Decoded: (neu)
[DEBUG] Decoded: paragrafoa: eta azkenaldian izan zen, 2018ko apirilean, gu
[DEBUG] Decoded: bidali zure esaldiak hona: (nafarreraren gramatika aztertzeko da bak
[DEBUG] Decoded: aztertzeko esaldia:

paragrafoa: eta guk uste dugu oso garrant
[DEBUG] Decoded: aztertzeko esaldia:

paragrafoa: guretzat garrantzitsua da eusk
[DEBUG] Decoded: etiketa:
[DEBUG] Decoded: (neu)
[DEBUG] Decoded: (neu)
[DEBUG] Decoded: (neu)
[DEBUG] Decoded: (neu)
[DEBUG] Decoded: aztertzeko esaldia:

paragrafoa: herri honek eutsi egiten deutso bere
[DEBUG] Decoded: bidali
[DEBUG] Decoded: (neu, pos, neg)
[DEBUG] Decoded: aztertzeko esaldia:

paragrafoa: euskal herriak bizi duen egoera hon
[DEBUG] Decoded: adibidea:

aztertzeko esaldia:

aztertzeko esaldia:

aztertzeko es
[DEBUG] Decoded: idatzi zure erantzuna eta bidali:
[DEBUG] Decoded: (neu)
[DEBUG] Decoded: ?
[DEBUG] Decoded: ?
[DEBUG] Decoded: aztertzeko esaldia:

paragrafoa: eskerrik asko, legebiltzarburu
[DEBUG] Decoded: aztertzeko esaldia:

paragrafoa: gure asmoa ez da inor iraintze
[DEBUG] Decoded: esaldiaren etiketa:
[DEBUG] Decoded: paragrafoa:  emakumeenak %35, gizonezkoenak %65.
[DEBUG] Decoded: etiketa:
[DEBUG] Decoded: neg
[DEBUG] Decoded: (neu)
[DEBUG] Decoded: (neu)
[DEBUG] Decoded: (neu, pos, neg)
[DEBUG] Decoded: aztertzeko esaldia:

paragrafoa: ez dut onartzen erakusketa hau.
[DEBUG] Decoded: aztertzeko esaldia:

paragrafoa: ez dago gizonik emakume barik,
[DEBUG] Decoded: (neu, neg edo pos)
[DEBUG] Decoded: aztertzeko esaldia:

paragrafoa: gure alderdiak ez du onartzen g
[DEBUG] Decoded: etiketa:
[DEBUG] Decoded: adierazi zure erantzuna goiko testuaren azpian.
[DEBUG] Decoded: (pos, neu or neg)
[DEBUG] Decoded: (neu)
[DEBUG] Decoded: (neu)
[DEBUG] Decoded: aztertzeko esaldia:

paragrafoa: uriarte anderea, egun hauetan ez
[DEBUG] Decoded: bidali erantzuna
[DEBUG] Decoded: aukeratu etiketa bat:
[DEBUG] Decoded: paragrafoa: laugarren ildo estrategikoa: gazteen artean berdintasunaren
[DEBUG] Decoded: adibidea:

aztertzeko esaldia:

etiketa:
[DEBUG] Decoded: aztertzeko esaldia:

paragrafoa: hala, berdintasunaren aldeko
[DEBUG] Decoded: (neu)
[DEBUG] Decoded: (neu)
[DEBUG] Decoded: please let me know if you need anything else.

neu
[DEBUG] Decoded: idatzi hemen erantzuna:
[DEBUG] Decoded: bidali erantzuna
[DEBUG] Decoded: posible da erantzuna emateko beste hizkuntza batean, baldin eta esaldia
[DEBUG] Decoded: paragrafoa: eta ezezko hori da eh bildu taldeak berretsi nahi
[DEBUG] Decoded: ezezaguna
[DEBUG] Decoded: etiketaren arrazoia:
[DEBUG] Decoded: (neu)
[DEBUG] Decoded: (neu)
[DEBUG] Decoded: (neu)
[DEBUG] Decoded: aztertzeko esaldia:

paragrafoa: hori da gure taldeak egiten duena
[DEBUG] Decoded: erantzuna: pos

aztertzeko esaldia:

paragrafoa: ez, ezta nik be
[DEBUG] Decoded: please login to save your changes.

you have unsaved changes.

save changes

reset

please login to view your saved changes
[DEBUG] Decoded: aztertzeko esaldia:

paragrafoa: gaur egun, dauden aukerak ik
[DEBUG] Decoded: adibidea:
[DEBUG] Decoded: paragrafoa: gaurkoan, gaurkoan, oso gai garrantzitsua ek
[DEBUG] Decoded: (neu)
[DEBUG] Decoded: pos
[DEBUG] Decoded: (neu)

paragraph to analyze:
paragraph: eta nik uste dut, bai, aipatzen dituz
[DEBUG] Decoded: aztertzeko esaldia:

paragrafoa: aizuek be, gure herriaren et
[DEBUG] Decoded: aztertzeko esaldia:

paragrafoa: egun on denoi.
[DEBUG] Decoded: aztertzeko esaldia:

paragrafoa: eskerrikasko.

etiketa:
[DEBUG] Decoded: aztertzeko esaldia:

paragrafoa: nik uste dut egunen baten konpondu
[DEBUG] Decoded: aztertzeko esaldia:

paragrafoa: aurreko urtean esan genuen ezin
[DEBUG] Decoded: (neu, neg edo pos)
[DEBUG] Decoded: (neu)
[DEBUG] Decoded: ?
[DEBUG] Decoded: (neu)
[DEBUG] Decoded: aztertzeko esaldia:

paragrafoa: beraz, euskal herria aintzat
[DEBUG] Decoded: bidali zure proposamena:
[DEBUG] Decoded: neu
[DEBUG] Decoded: aztertzeko esaldia:

paragrafoa: eta ordura arteko bazegoen bilakaera
[DEBUG] Decoded: aztertzeko esaldia:

paragrafoa: baina, orain, beste gauza batz
[DEBUG] Decoded: neu
[DEBUG] Decoded: (neu)
[DEBUG] Decoded: pos

your response should be a label (pos, neu, or neg)
[DEBUG] Decoded: please respond with the label that you think fits the sentiment of the paragraph.
[DEBUG] Decoded: aztertzeko esaldia:

paragrafoa: eta ordura arteko bazegoen bilakaera
[DEBUG] Decoded: aztertzeko esaldia:

etiketa:
[DEBUG] Decoded: posible da etiketa bat baino gehiago jartzea, adibidez, "pos
[DEBUG] Decoded: aztertzeko esaldia:

paragrafoa: candy, bergara, 150 langile.
[DEBUG] Decoded: etiketa:
[DEBUG] Decoded: paragrafoa: euskal herriak badu berezko gaitasun bat, ezagutz
[DEBUG] Decoded: please, make your reasoning explicit. it is not necessary to write much.

the paragraph is neutral because it simply provides information about
[DEBUG] Decoded: (neu, pos, neg)
[DEBUG] Decoded: (neu)
[DEBUG] Decoded: aztertzeko esaldia:

paragrafoa: candy,. 150 langile. candy, berg
[DEBUG] Decoded: bidali
[DEBUG] Decoded: neu
[INFO] Emaitzak gordeta: emaitzak_sentiment/few-shot-1/dev/decoded/latxa3.1-70B.csv
[INFO] Metrikak gordeta: emaitzak_sentiment/few-shot-1/dev/metrics/latxa3.1-70B.csv
